number,value,datetime_start,datetime_complete,duration,params_bagging_fraction,params_bagging_freq,params_feature_fraction,params_lambda_l1,params_lambda_l2,params_learning_rate,params_max_depth,params_min_child_samples,params_num_leaves,params_use_base_price,params_use_category_Beverages,params_use_category_Extras,params_use_category_Pasta,params_use_category_Pizza,params_use_category_Rice Bowl,params_use_category_Salad,params_use_category_Sandwich,params_use_center_id,params_use_center_id_orders_mean,params_use_center_id_orders_median,params_use_center_id_orders_std,params_use_center_type_TYPE_A,params_use_center_type_TYPE_B,params_use_center_type_TYPE_C,params_use_checkout_price,params_use_cuisine_Continental,params_use_cuisine_Indian,params_use_cuisine_Italian,params_use_cuisine_Thai,params_use_demand_pct_change_1,params_use_emailer_for_promotion,params_use_emailer_for_promotion_rolling_sum_3,params_use_homepage_featured,params_use_homepage_featured_rolling_sum_3,params_use_is_holiday_week,params_use_lag1_x_emailer,params_use_lag1_x_home,params_use_meal_id,params_use_meal_id_orders_mean,params_use_meal_id_orders_median,params_use_meal_id_orders_std,params_use_num_orders_lag_1,params_use_num_orders_lag_10,params_use_num_orders_lag_2,params_use_num_orders_lag_3,params_use_num_orders_lag_5,params_use_price_diff,params_use_price_diff_x_emailer,params_use_price_diff_x_home,params_use_rolling_mean_10,params_use_rolling_mean_3,params_use_rolling_mean_5,params_use_rolling_std_10,params_use_rolling_std_3,params_use_rolling_std_5,params_use_rolling_volatility_10,params_use_rolling_volatility_5,params_use_seasonal_regime,params_use_weekofyear,params_use_weekofyear_cos,params_use_weekofyear_sin,params_use_weeks_since_emailer_for_promotion,params_use_weeks_since_homepage_featured,params_use_weeks_to_next_holiday,state
339,0.12205293802358697,2025-04-26 01:33:03.604186,2025-04-26 01:33:08.343033,0 days 00:00:04.738847,0.7535788616573802,4,0.810850889211535,0.014168007721860488,2.764710758032308,0.0769698890343918,9,19,115,True,True,False,True,True,True,True,True,False,True,False,True,False,False,False,False,False,True,True,True,True,False,True,True,True,False,True,True,True,True,True,False,True,True,True,True,False,True,False,True,False,False,False,True,False,False,True,True,False,False,False,True,False,False,True,COMPLETE
340,0.09425653614773838,2025-04-26 01:33:08.358688,2025-04-26 01:33:12.818077,0 days 00:00:04.459389,0.7566275411649748,4,0.9229456834380035,0.01126032740803417,1.7328150506414226,0.0716524001279034,9,20,119,True,True,False,True,True,True,True,True,False,True,False,True,False,False,False,False,False,True,True,True,True,False,True,True,True,False,False,True,True,True,True,False,True,True,True,True,False,True,False,True,False,False,False,True,False,False,True,True,False,False,False,True,False,False,True,COMPLETE
341,0.10039390262709587,2025-04-26 01:33:12.833620,2025-04-26 01:33:17.280235,0 days 00:00:04.446615,0.7623953355952924,4,0.9363846484014186,0.012498689002408555,2.969528513718687,0.08384393648433743,9,19,117,True,True,False,True,True,True,True,True,False,True,False,True,False,False,False,False,False,True,True,True,True,False,True,True,True,False,False,True,True,True,True,False,True,True,True,True,True,True,False,True,False,False,False,True,False,False,True,True,False,False,False,True,False,False,True,COMPLETE
342,0.0914561332428074,2025-04-26 01:33:17.295927,2025-04-26 01:33:21.638778,0 days 00:00:04.342851,0.7441835598165342,4,0.9414012159694864,0.009210121543573247,2.2229003468349684,0.07893818373920652,9,20,122,True,True,False,True,True,True,True,True,False,True,False,True,False,False,False,False,False,True,True,True,True,False,True,True,True,False,False,True,True,True,True,False,True,True,True,True,False,True,False,True,False,False,False,True,False,False,True,True,False,False,False,True,False,False,True,COMPLETE
343,0.09514629280873166,2025-04-26 01:33:21.654228,2025-04-26 01:33:26.232908,0 days 00:00:04.578680,0.7449023019659748,4,0.9491507384610266,0.008983718951743833,2.2158489260375704,0.06580955459960124,9,21,126,True,True,False,True,True,True,True,True,False,True,False,True,False,False,False,False,False,True,True,True,True,False,True,True,True,False,False,True,True,True,True,False,True,True,True,True,False,True,False,True,False,False,False,True,False,False,True,True,False,False,False,True,False,False,True,COMPLETE
344,0.09459027853871121,2025-04-26 01:33:26.248816,2025-04-26 01:33:30.643477,0 days 00:00:04.394661,0.7647839323989484,4,0.9420140688452969,0.03702932673860365,3.5976976182590676,0.07777468313019346,9,20,123,True,True,False,True,True,True,True,True,False,True,False,True,False,False,False,False,False,True,True,True,True,False,True,True,True,False,False,True,True,True,True,False,True,True,True,True,False,True,False,True,False,False,False,True,False,False,True,True,False,False,False,True,False,False,True,COMPLETE
345,0.09358514945712011,2025-04-26 01:33:30.659448,2025-04-26 01:33:35.095602,0 days 00:00:04.436154,0.7482558508190541,4,0.9552345957238088,0.023837051804947804,2.1465874926734756,0.0731096831585281,9,20,122,True,True,False,True,True,True,True,True,True,True,False,True,False,False,False,False,False,True,True,True,True,False,True,True,True,False,False,True,True,True,True,False,True,True,True,True,False,True,False,True,False,False,False,True,False,False,True,True,False,False,False,True,False,False,True,COMPLETE
346,0.5947735603704593,2025-04-26 01:33:35.111668,2025-04-26 01:33:39.250336,0 days 00:00:04.138668,0.753730986779801,4,0.9414718045627548,0.040811834459344845,3.3684773796391605,0.07944507650175227,9,21,120,True,True,False,True,True,True,True,True,False,True,False,True,False,False,False,False,False,True,True,True,False,False,True,True,True,False,False,True,True,True,True,False,False,True,True,True,False,True,False,True,False,False,False,True,False,False,True,True,False,False,False,True,False,False,True,COMPLETE
347,0.10656701301355175,2025-04-26 01:33:39.265773,2025-04-26 01:33:43.840777,0 days 00:00:04.575004,0.7613186149182017,4,0.94868052121833,0.026497748333192708,3.4954664619457025,0.07136288648515736,9,18,114,True,True,False,True,True,True,True,False,False,True,False,True,False,False,False,False,False,True,True,True,True,False,True,True,True,False,False,True,True,True,True,False,True,True,True,True,False,True,False,True,False,False,False,True,False,False,True,True,False,False,False,True,False,False,True,COMPLETE
348,0.09567322255097858,2025-04-26 01:33:43.856148,2025-04-26 01:33:48.208250,0 days 00:00:04.352102,0.7440191364540986,4,0.9287552093925324,0.02078449032306486,2.4100422906335894,0.07614177944890137,9,22,112,True,True,False,True,True,True,True,True,False,True,False,True,False,False,False,False,False,True,True,True,True,False,False,True,True,False,False,True,True,True,True,False,True,True,True,True,False,True,False,True,False,False,False,True,False,True,True,True,False,False,False,True,False,False,True,COMPLETE
349,0.1124764940566347,2025-04-26 01:33:48.223709,2025-04-26 01:33:52.921292,0 days 00:00:04.697583,0.7669960017969529,4,0.9384582194961092,0.03175230625216217,1.8285071688516912,0.08247666122362596,9,21,120,True,True,False,True,True,True,True,True,False,True,False,True,False,True,False,False,False,True,True,True,True,False,True,False,True,False,False,True,False,True,True,False,True,True,True,True,False,True,False,True,True,True,False,True,False,False,True,True,True,False,False,True,False,False,True,COMPLETE
350,0.10995107821846757,2025-04-26 01:33:52.937046,2025-04-26 01:33:57.678288,0 days 00:00:04.741242,0.7598150587709819,4,0.945338985840002,0.009811433328084474,4.437304515122224,0.06842167269335996,9,20,114,True,True,False,True,True,True,True,True,False,True,False,True,False,False,False,False,True,True,True,True,True,False,True,True,True,False,False,True,True,True,True,False,True,True,True,True,False,True,False,True,False,False,True,True,False,False,True,True,False,False,False,True,True,False,False,COMPLETE
351,0.09248719677746413,2025-04-26 01:33:57.694382,2025-04-26 01:34:01.924059,0 days 00:00:04.229677,0.7656367862251613,4,0.9550421282883125,0.0240461077016359,3.0060367077899603,0.0873632070018713,9,23,118,True,True,False,True,True,True,True,True,False,True,False,True,False,False,False,False,False,True,True,True,True,False,True,True,True,False,False,True,True,True,True,False,True,True,True,True,False,True,False,True,False,False,False,True,False,False,True,True,False,False,False,True,False,False,True,COMPLETE
352,0.09323078902505667,2025-04-26 01:34:01.940505,2025-04-26 01:34:06.287222,0 days 00:00:04.346717,0.770007560867941,4,0.954415886666721,0.01431403864048987,2.8454656921911736,0.07932351115223867,9,22,118,True,True,False,True,True,True,True,True,False,True,False,True,False,False,False,False,False,True,True,True,True,False,True,True,True,False,False,True,True,True,True,False,True,True,True,True,False,True,False,True,False,False,False,True,False,False,True,True,False,False,False,True,False,False,True,COMPLETE
353,0.09143659873501321,2025-04-26 01:34:06.303135,2025-04-26 01:34:10.738457,0 days 00:00:04.435322,0.7508747404575292,4,0.9543044856328461,0.02075738550937493,3.2193936161932615,0.07457316536147428,9,23,124,True,True,False,True,True,True,True,True,False,True,False,True,False,False,False,False,False,True,True,True,True,False,True,True,True,False,False,True,True,True,True,False,True,True,True,True,False,True,False,True,False,False,False,True,False,False,True,True,False,True,False,True,False,False,True,COMPLETE
354,0.1355339065318437,2025-04-26 01:34:10.754146,2025-04-26 01:34:15.209688,0 days 00:00:04.455542,0.7528064589201775,4,0.9525368468880874,0.020299126971849095,2.9533043122500167,0.07285083195780714,9,22,126,True,True,False,True,True,True,True,True,False,True,False,True,False,False,False,False,False,True,True,True,True,False,True,True,True,False,False,True,True,False,True,False,True,True,True,True,False,True,False,True,False,False,False,True,False,False,True,True,False,True,False,True,False,False,True,COMPLETE
355,0.10761761663503461,2025-04-26 01:34:15.225980,2025-04-26 01:34:19.927807,0 days 00:00:04.701827,0.7446953862882886,4,0.9480533465810458,0.016691613138938265,2.350509963774072,0.06529524738338653,9,17,124,True,True,False,True,True,True,True,True,False,True,False,True,False,False,False,False,False,True,True,True,True,False,True,True,True,False,False,True,True,True,True,False,True,True,True,True,False,True,False,True,False,False,False,True,False,False,True,True,False,True,False,True,False,False,True,COMPLETE
356,0.09337351618861174,2025-04-26 01:34:19.943755,2025-04-26 01:34:24.588936,0 days 00:00:04.645181,0.7672408139060392,4,0.9550483443583926,0.02348016159941028,3.4581480684353343,0.05978912151994437,9,23,121,True,True,False,True,True,True,True,True,False,True,False,True,False,False,False,False,False,True,True,True,True,False,True,True,True,False,False,True,True,True,True,False,True,True,True,True,False,True,False,True,False,False,False,True,False,False,True,True,False,False,False,True,False,False,True,COMPLETE
357,0.10647460278814963,2025-04-26 01:34:24.604635,2025-04-26 01:34:29.180759,0 days 00:00:04.576124,0.7514879269405625,4,0.942087773144193,0.01868970250650022,2.9960515239270484,0.07684857648757988,9,21,122,True,True,False,True,True,True,True,True,False,True,False,True,False,False,False,False,False,True,True,True,True,False,True,True,True,False,False,True,True,True,True,False,True,True,True,True,False,True,False,True,False,False,False,True,False,False,True,True,False,True,False,True,False,False,True,COMPLETE
358,0.10058818192702641,2025-04-26 01:34:29.196187,2025-04-26 01:34:34.088182,0 days 00:00:04.891995,0.7721703184964729,4,0.9316296503919027,0.025568445609102566,3.8746321437313487,0.0697212132319023,9,22,117,True,True,False,True,True,True,True,True,False,True,False,True,False,False,False,False,False,True,True,True,True,False,True,True,True,False,True,True,True,True,True,False,True,True,True,True,True,True,True,True,False,False,False,True,False,False,True,True,False,True,False,True,False,False,True,COMPLETE
359,0.11172952510044099,2025-04-26 01:34:34.103989,2025-04-26 01:34:38.754387,0 days 00:00:04.650398,0.7657391795821429,4,0.8458555137530486,0.02130241900441262,2.0322709748521803,0.0806728680430459,9,23,124,True,True,False,True,True,True,True,True,False,True,False,True,False,False,False,False,False,True,True,True,True,False,True,True,True,False,False,True,True,True,True,False,True,True,True,True,False,True,False,True,False,False,False,True,False,False,True,True,False,True,False,True,False,False,True,COMPLETE
360,0.191272945630702,2025-04-26 01:34:38.769865,2025-04-26 01:34:43.664495,0 days 00:00:04.894630,0.7576092876099922,4,0.7720086125511662,0.014240658837612809,2.4830147048130247,0.04646365417767295,9,21,115,True,True,False,True,True,True,True,True,False,True,False,True,False,False,False,False,False,True,True,True,True,False,True,True,True,False,False,True,True,True,True,False,True,True,True,True,False,True,False,True,False,False,False,True,False,True,True,True,False,True,False,True,False,False,True,COMPLETE
361,0.09279669658056393,2025-04-26 01:34:43.680263,2025-04-26 01:34:48.075823,0 days 00:00:04.395560,0.7486664797041145,4,0.9491017049986015,0.02611727216071753,3.466532595032967,0.07487020144180956,9,20,119,True,True,False,True,True,True,True,True,False,True,False,True,False,False,False,False,False,True,True,True,True,False,False,True,True,False,False,True,True,True,True,False,True,True,True,True,False,True,False,True,False,False,False,True,False,False,True,True,False,True,False,True,False,False,True,COMPLETE
362,0.09663194076688113,2025-04-26 01:34:48.091607,2025-04-26 01:34:52.459442,0 days 00:00:04.367835,0.7463368354757387,4,0.9477287170266415,0.027245881639517824,3.27214484202761,0.07240324885021433,9,48,119,True,True,False,True,True,True,True,True,False,True,False,True,False,False,False,False,False,True,True,True,True,False,False,True,True,False,False,True,True,True,True,False,True,True,True,True,False,True,False,True,False,False,False,True,False,False,True,True,False,True,False,True,False,False,True,COMPLETE
363,0.10583469258251565,2025-04-26 01:34:52.474792,2025-04-26 01:34:57.261330,0 days 00:00:04.786538,0.9130315385864402,4,0.8332867063949064,0.029876159157939654,4.045798536175923,0.07521375387274302,9,19,121,True,True,False,True,True,True,True,True,False,True,False,True,False,False,False,False,False,True,True,True,True,False,False,True,True,False,False,True,True,True,True,False,True,True,True,True,False,True,False,True,False,False,False,True,False,False,True,True,False,True,False,True,False,False,True,COMPLETE
364,0.09279178603265938,2025-04-26 01:34:57.276885,2025-04-26 01:35:01.771808,0 days 00:00:04.494923,0.7408277399508653,4,0.9372018906813744,0.024205650513148016,2.7468331395812626,0.06737220483652663,9,20,118,True,True,False,True,True,True,True,True,False,True,False,True,False,False,False,False,False,True,True,True,True,False,False,True,True,False,False,True,True,True,True,False,True,True,True,True,False,True,False,True,False,False,False,True,False,False,True,True,False,True,False,True,False,False,True,COMPLETE
365,0.09212874802476463,2025-04-26 01:35:01.787604,2025-04-26 01:35:06.281794,0 days 00:00:04.494190,0.7428922874770139,4,0.9373791562745585,0.02367527967223632,2.7042773324453364,0.06789619603767029,9,20,118,True,True,False,True,True,True,True,True,False,True,False,True,False,False,False,False,False,True,True,True,True,False,False,True,True,False,False,True,True,True,True,False,True,True,True,True,False,True,False,True,False,False,False,True,False,False,True,True,False,True,False,True,False,False,True,COMPLETE
366,0.5602152148934099,2025-04-26 01:35:06.297857,2025-04-26 01:35:10.457229,0 days 00:00:04.159372,0.7455431667401438,4,0.9358648825669217,0.021881356966596665,1.8791416274879382,0.06383657347475213,9,20,119,True,True,False,True,True,True,True,True,False,True,False,True,False,False,False,False,False,True,True,True,False,False,False,True,True,False,False,True,True,True,True,False,True,True,True,True,False,True,False,True,False,False,False,True,False,False,True,True,False,True,False,True,False,False,True,COMPLETE
367,0.440518584814052,2025-04-26 01:35:10.472396,2025-04-26 01:35:14.908665,0 days 00:00:04.436269,0.7443572627683598,4,0.920808652077572,0.025174544627146342,2.5537318255181165,0.06769213012531489,9,18,127,True,True,False,True,True,True,True,False,True,True,False,True,False,False,False,False,False,True,True,True,True,False,False,True,True,False,False,True,True,True,True,False,False,True,True,True,False,True,False,True,False,False,False,True,False,False,True,True,False,True,False,True,False,False,True,COMPLETE
368,0.10512457797227276,2025-04-26 01:35:14.924554,2025-04-26 01:35:19.579101,0 days 00:00:04.654547,0.7414702255762218,4,0.9266863890130073,0.017173033594982394,1.612993526931967,0.06646566706150572,9,20,123,True,True,False,True,True,True,True,True,False,True,False,True,False,False,False,False,False,True,True,True,True,False,False,True,True,False,False,True,True,True,True,False,True,True,True,True,False,True,False,True,False,True,False,True,False,False,True,True,False,True,False,True,False,False,True,COMPLETE
369,0.09812471459079934,2025-04-26 01:35:19.594456,2025-04-26 01:35:24.053489,0 days 00:00:04.459033,0.7497018326840402,4,0.9385251227847415,0.027086993867324858,2.231494224250697,0.0715593629859749,9,19,118,True,True,False,True,True,True,True,True,False,True,False,True,False,False,False,False,False,True,True,True,True,False,False,False,True,False,False,True,True,True,True,False,True,True,True,True,False,True,False,True,True,False,False,True,False,False,True,True,False,True,False,True,False,False,True,COMPLETE
370,0.09494678914475913,2025-04-26 01:35:24.068729,2025-04-26 01:35:28.692227,0 days 00:00:04.623498,0.7392253457106358,4,0.934178882935198,0.02015310151425436,2.6139175547889217,0.07504551455468364,9,20,116,True,True,False,True,True,True,True,True,False,True,False,True,False,True,False,False,False,True,True,True,True,False,False,True,True,False,False,True,False,True,True,False,True,True,True,True,False,True,False,True,False,False,True,True,False,False,True,True,True,True,False,True,True,False,True,COMPLETE
371,0.09597611613499508,2025-04-26 01:35:28.707644,2025-04-26 01:35:33.299786,0 days 00:00:04.592142,0.752268632587303,4,0.9428387058595996,0.03671901447990127,2.9932966204194735,0.06045851310373095,9,17,121,True,True,False,True,True,True,True,True,False,True,False,True,False,False,False,False,True,True,True,True,True,False,False,True,True,False,False,True,True,True,True,False,True,True,True,True,False,True,False,True,False,False,False,True,False,False,True,True,False,True,False,True,False,False,False,COMPLETE
372,0.09341884538814105,2025-04-26 01:35:33.315150,2025-04-26 01:35:37.775753,0 days 00:00:04.460603,0.7405923947272934,4,0.9398719076551668,0.022845121856385372,3.3018447585383983,0.06839456543885683,9,5,118,True,True,False,True,True,True,True,True,False,True,False,True,False,False,False,False,False,True,True,True,True,False,False,True,True,False,False,True,True,True,True,False,True,True,True,True,False,True,False,True,False,False,False,True,False,False,True,True,False,True,False,True,False,False,True,COMPLETE
373,0.12628925729876678,2025-04-26 01:35:37.791680,2025-04-26 01:35:42.222459,0 days 00:00:04.430779,0.756735145711492,4,0.9294594642327584,0.029699740159526016,2.760348873841402,0.07849237227537707,9,21,113,True,True,False,True,True,True,True,True,False,True,False,True,False,False,False,False,False,True,True,True,True,False,False,True,True,False,False,True,True,False,True,False,True,True,True,True,False,True,False,True,False,False,False,True,False,True,True,True,False,True,False,True,False,False,True,COMPLETE
374,0.09769440161706545,2025-04-26 01:35:42.237962,2025-04-26 01:35:46.883841,0 days 00:00:04.645879,0.7667204531813236,4,0.9512342873670188,0.014543419055941986,2.1046365759926338,0.05666337359309191,9,19,116,True,True,False,True,True,True,True,True,False,True,False,True,False,False,False,False,False,True,True,True,True,False,False,True,True,False,False,True,True,True,True,False,True,True,True,True,False,True,False,True,False,False,False,True,False,False,True,True,False,True,False,True,False,False,True,COMPLETE
375,0.09324231826544434,2025-04-26 01:35:46.899410,2025-04-26 01:35:51.322408,0 days 00:00:04.422998,0.7489764690265586,4,0.9443312060733329,0.020330826901085355,3.372722966487398,0.07486333676764782,9,20,123,True,True,False,True,True,True,True,True,False,True,False,True,False,False,False,False,False,True,True,True,True,False,False,True,True,False,False,True,True,True,True,False,True,True,True,True,False,True,False,True,False,False,False,True,False,False,True,True,False,True,False,True,False,False,True,COMPLETE
376,0.09287566919887276,2025-04-26 01:35:51.337713,2025-04-26 01:35:55.760152,0 days 00:00:04.422439,0.7403506515166389,4,0.9370267257436795,0.026082062620748515,2.407915112622113,0.07012854494367388,9,21,120,True,True,False,True,True,True,True,True,False,True,False,True,False,False,False,False,False,True,True,True,True,False,False,True,True,False,False,True,True,True,True,False,True,True,True,True,False,True,False,True,False,False,False,True,False,False,True,True,False,True,False,True,False,False,True,COMPLETE
377,0.09447544233162848,2025-04-26 01:35:55.775566,2025-04-26 01:36:00.262973,0 days 00:00:04.487407,0.7547654620653181,4,0.9337716227468513,0.01724578665167275,3.831688859121608,0.06902051303925437,9,21,120,True,True,False,True,True,True,True,True,False,True,False,True,False,False,False,False,False,True,True,True,True,False,False,True,True,False,False,True,True,True,True,False,True,True,True,True,False,True,False,True,False,False,False,True,False,False,True,True,False,True,False,True,False,False,True,COMPLETE
