number,value,datetime_start,datetime_complete,duration,params_bagging_fraction,params_bagging_freq,params_feature_fraction,params_lambda_l1,params_lambda_l2,params_learning_rate,params_max_depth,params_min_child_samples,params_num_leaves,params_use_base_price,params_use_category_Beverages,params_use_category_Extras,params_use_category_Pasta,params_use_category_Pizza,params_use_category_Rice Bowl,params_use_category_Salad,params_use_category_Sandwich,params_use_center_id,params_use_center_id_orders_mean,params_use_center_id_orders_median,params_use_center_id_orders_std,params_use_center_type_TYPE_A,params_use_center_type_TYPE_B,params_use_center_type_TYPE_C,params_use_checkout_price,params_use_cuisine_Continental,params_use_cuisine_Indian,params_use_cuisine_Italian,params_use_cuisine_Thai,params_use_demand_pct_change_1,params_use_emailer_for_promotion,params_use_emailer_for_promotion_rolling_sum_3,params_use_homepage_featured,params_use_homepage_featured_rolling_sum_3,params_use_is_holiday_week,params_use_lag1_x_emailer,params_use_lag1_x_home,params_use_meal_id,params_use_meal_id_orders_mean,params_use_meal_id_orders_median,params_use_meal_id_orders_std,params_use_num_orders_lag_1,params_use_num_orders_lag_10,params_use_num_orders_lag_2,params_use_num_orders_lag_3,params_use_num_orders_lag_5,params_use_price_diff,params_use_price_diff_x_emailer,params_use_price_diff_x_home,params_use_rolling_mean_10,params_use_rolling_mean_3,params_use_rolling_mean_5,params_use_rolling_std_10,params_use_rolling_std_3,params_use_rolling_std_5,params_use_rolling_volatility_10,params_use_rolling_volatility_5,params_use_seasonal_regime,params_use_weekofyear,params_use_weekofyear_cos,params_use_weekofyear_sin,params_use_weeks_since_emailer_for_promotion,params_use_weeks_since_homepage_featured,params_use_weeks_to_next_holiday,state
224,0.09282880926173898,2025-04-26 01:25:06.522519,2025-04-26 01:25:10.179128,0 days 00:00:03.656609,0.7637367508502951,6,0.9796013978176983,0.027852097655236885,4.9605893307613576,0.08993841984131341,8,23,95,False,False,False,True,False,True,True,True,False,True,False,True,False,False,True,False,False,True,True,True,True,True,True,True,False,True,False,False,True,True,True,False,True,False,True,False,False,True,False,False,False,False,False,True,False,False,False,True,False,False,False,True,False,False,True,COMPLETE
225,0.09580673525615857,2025-04-26 01:25:10.194229,2025-04-26 01:25:13.845644,0 days 00:00:03.651415,0.7761520644719632,6,0.9699603589927925,0.02547358984424012,4.667957438521203,0.09154570285195876,8,23,93,False,False,False,True,False,True,True,True,False,True,False,True,False,False,True,False,False,True,True,True,True,True,True,True,False,True,False,False,True,True,True,False,True,False,True,False,False,True,False,False,False,False,False,True,False,False,False,True,False,False,False,True,False,False,True,COMPLETE
226,0.10125200553393522,2025-04-26 01:25:13.860702,2025-04-26 01:25:17.519398,0 days 00:00:03.658696,0.7557818604805006,6,0.978404786386294,0.4084762507628394,5.088412162174542,0.09920090131029065,8,22,95,False,False,False,True,False,True,True,True,False,True,False,True,False,False,True,False,False,True,True,True,True,True,True,True,False,True,False,False,True,True,True,False,True,False,True,False,False,True,False,True,False,False,False,True,False,False,False,True,False,False,False,True,False,False,True,COMPLETE
227,0.09662857195874719,2025-04-26 01:25:17.535643,2025-04-26 01:25:20.950595,0 days 00:00:03.414952,0.7705550932280403,6,0.9851700847743874,0.019628412391234917,3.7610654942705515,0.12276307780970361,8,24,90,False,False,False,True,False,True,True,True,False,True,False,True,False,False,True,False,False,True,True,True,True,True,True,True,False,True,False,False,True,True,True,False,True,False,True,False,False,True,False,False,False,False,False,True,False,False,False,True,False,False,False,True,False,False,True,COMPLETE
228,0.09319269037106277,2025-04-26 01:25:20.966013,2025-04-26 01:25:24.668980,0 days 00:00:03.702967,0.7614929985699894,5,0.9758744679454112,0.03171219444734456,8.275025429581147,0.08778275862036415,8,25,101,False,False,False,True,False,True,True,True,False,True,False,True,False,False,True,False,False,True,True,True,True,True,True,True,False,True,False,False,True,True,True,False,True,False,True,False,False,True,False,False,False,False,False,True,False,False,False,True,False,False,False,True,False,False,True,COMPLETE
229,0.0939555562768689,2025-04-26 01:25:24.684639,2025-04-26 01:25:28.323049,0 days 00:00:03.638410,0.763680478215019,6,0.9621194197741888,0.03393493007219179,8.591464587791874,0.08955659880314332,8,25,101,False,False,False,True,False,True,True,True,False,True,False,True,False,False,True,False,False,True,True,True,True,True,True,True,False,True,False,False,True,True,True,False,True,False,True,False,False,True,False,False,False,False,False,True,False,False,False,True,False,False,False,True,False,False,True,COMPLETE
230,0.09377663300051585,2025-04-26 01:25:28.338728,2025-04-26 01:25:31.981402,0 days 00:00:03.642674,0.7623005725631894,5,0.9598851041229347,0.030443896212340216,8.359964441350662,0.09387487785669502,8,25,101,False,False,False,True,False,True,True,True,False,True,False,True,False,False,True,False,False,True,True,True,True,True,True,True,False,True,False,False,True,True,True,False,True,False,True,False,False,True,False,False,False,False,False,True,False,False,False,True,False,False,False,True,False,False,True,COMPLETE
231,0.09463396492336136,2025-04-26 01:25:31.997260,2025-04-26 01:25:35.693679,0 days 00:00:03.696419,0.7641440480430524,5,0.9609190939820482,0.028726660229013972,8.797737027280132,0.08965987146668139,8,25,102,False,False,False,True,False,True,True,True,False,True,False,True,False,False,True,False,False,True,True,True,True,True,True,True,False,True,False,False,True,True,True,False,True,False,True,False,False,True,False,False,False,False,False,True,False,False,False,True,False,False,False,True,False,False,True,COMPLETE
232,0.09635577607412456,2025-04-26 01:25:35.709284,2025-04-26 01:25:39.376065,0 days 00:00:03.666781,0.7625448469081677,5,0.9613512698218475,0.030189785607055375,8.597776963567608,0.0899152000226289,8,25,101,False,False,False,True,False,True,True,True,False,True,False,True,False,False,True,False,False,True,True,True,True,True,True,True,False,True,False,False,True,True,True,False,True,False,True,False,False,True,False,False,False,False,False,True,False,False,False,True,False,False,False,True,False,False,True,COMPLETE
233,0.09524112057234875,2025-04-26 01:25:39.391123,2025-04-26 01:25:43.095882,0 days 00:00:03.704759,0.7656781976187995,5,0.9599374160338031,0.025400168405716617,9.862579974435628,0.08654667016580317,8,25,102,False,False,False,True,False,True,True,True,False,True,False,True,False,False,True,False,False,True,True,True,True,True,True,True,False,True,False,False,True,True,True,False,True,False,True,False,False,True,False,False,False,False,False,True,False,False,False,True,False,False,False,True,False,False,True,COMPLETE
234,0.09375600813222529,2025-04-26 01:25:43.111460,2025-04-26 01:25:46.822941,0 days 00:00:03.711481,0.7787575396130595,5,0.966018059585152,0.03318906384847969,7.97347194228626,0.08843955848830352,8,25,101,False,False,False,True,False,True,True,True,False,True,False,True,False,False,True,False,False,True,True,True,True,True,True,True,False,True,False,False,True,True,True,False,True,False,True,False,False,True,False,False,False,False,False,True,False,False,False,True,False,False,False,True,False,False,True,COMPLETE
235,0.09307257573467169,2025-04-26 01:25:46.838570,2025-04-26 01:25:50.484906,0 days 00:00:03.646336,0.7797443296377667,5,0.965238853215741,0.017832024803028597,8.09619519557845,0.09620019131220248,8,24,101,False,False,False,True,False,True,True,True,False,True,False,True,False,False,True,False,False,True,True,True,True,True,True,True,False,True,False,False,True,True,True,False,True,False,True,False,False,True,False,False,False,False,False,True,False,False,False,True,False,False,False,True,False,False,True,COMPLETE
236,,2025-04-26 01:25:50.500591,2025-04-26 01:25:51.662966,0 days 00:00:01.162375,0.7752515877946335,5,0.9565004961615567,0.014757317629939152,8.09488707033719,0.09021771552560974,8,26,104,False,False,False,True,False,True,True,True,False,True,False,True,False,False,True,False,False,True,True,True,True,True,True,True,False,True,False,False,True,True,True,False,True,False,True,False,False,True,False,False,False,False,False,True,False,False,False,True,False,False,False,True,False,False,True,FAIL
237,0.09350710496807785,2025-04-26 01:25:57.682115,2025-04-26 01:26:01.435638,0 days 00:00:03.753523,0.7823613043312355,5,0.9628680533703822,0.016320874805288984,8.329135811583962,0.08817323242920153,8,26,104,False,False,False,True,False,True,True,True,False,True,False,True,False,False,True,False,False,True,True,True,True,True,True,True,False,True,False,False,True,True,True,False,True,False,True,False,False,True,False,False,False,False,False,True,False,False,False,True,False,False,False,True,False,False,True,COMPLETE
238,0.09403763787067881,2025-04-26 01:26:01.454212,2025-04-26 01:26:05.217268,0 days 00:00:03.763056,0.7758621412576471,5,0.955399790254022,0.01701369762647515,9.79310620400104,0.08573351158004779,8,26,108,False,False,False,True,False,True,True,True,False,True,False,True,False,False,True,False,False,True,True,True,True,True,True,True,False,True,False,False,True,True,True,False,True,False,True,False,False,True,False,False,False,False,False,True,False,False,False,True,False,False,False,True,False,False,True,COMPLETE
239,0.09430632744269918,2025-04-26 01:26:05.233572,2025-04-26 01:26:08.994719,0 days 00:00:03.761147,0.7786520479388767,5,0.955314328768258,0.012279326232144642,7.502975410731194,0.09116343817101831,8,26,105,False,False,False,True,False,True,True,True,False,True,False,True,False,False,True,False,False,True,True,True,True,False,True,True,False,True,False,False,True,True,True,False,True,True,True,False,False,True,False,False,False,False,False,True,False,False,False,True,False,False,False,True,False,False,True,COMPLETE
240,0.47874340039914537,2025-04-26 01:26:09.010262,2025-04-26 01:26:12.948782,0 days 00:00:03.938520,0.7837479245881775,5,0.9628769024901085,0.014206425739063182,9.838837122645785,0.08792126267578423,8,26,112,False,False,False,True,False,True,True,True,True,True,False,True,False,False,True,False,False,True,True,True,True,False,True,True,False,True,False,False,True,True,True,False,False,True,True,False,False,True,False,False,False,False,False,True,False,False,False,True,False,False,False,True,False,False,True,COMPLETE
241,0.5649000710834556,2025-04-26 01:26:12.964413,2025-04-26 01:26:16.564723,0 days 00:00:03.600310,0.7789918438514433,5,0.954073217119106,0.011831071369679265,9.99828306215299,0.0857138945710781,8,26,108,False,False,False,True,False,True,True,False,False,True,False,True,False,False,True,False,False,True,True,True,False,False,True,True,False,True,False,False,True,True,True,False,True,True,True,False,False,True,False,False,False,False,False,True,False,False,False,True,False,False,False,True,False,False,True,COMPLETE
242,0.09422670249449015,2025-04-26 01:26:16.580325,2025-04-26 01:26:20.375611,0 days 00:00:03.795286,0.7749273036604856,5,0.9683385746018696,0.011888658040127583,7.558296430563827,0.09054560734600968,8,24,105,False,False,False,True,False,True,True,True,False,True,False,True,False,False,True,False,False,True,True,True,True,False,True,True,False,True,False,False,True,True,True,False,True,True,True,False,False,True,False,False,False,False,False,True,False,False,False,True,False,False,False,True,False,False,True,COMPLETE
243,0.09480507247801821,2025-04-26 01:26:20.391683,2025-04-26 01:26:24.171051,0 days 00:00:03.779368,0.7845101221584843,5,0.9648184075363967,0.010556556104879728,7.20565850071399,0.09289027783717915,8,24,105,False,False,False,True,False,True,True,True,False,True,False,True,False,False,True,False,False,True,True,True,True,False,True,True,False,True,False,False,True,True,True,False,True,True,True,False,False,True,False,False,False,False,False,True,False,False,False,True,False,False,False,True,False,False,True,COMPLETE
244,0.09448857791598847,2025-04-26 01:26:24.186305,2025-04-26 01:26:27.997627,0 days 00:00:03.811322,0.7732918008049656,5,0.9545500982834417,0.01581020006195563,7.675433191382339,0.08655661547646341,8,25,108,False,False,False,True,False,True,True,True,False,True,False,True,False,False,True,False,False,True,True,True,True,False,True,True,False,True,False,False,True,True,True,False,True,True,True,False,False,True,False,False,False,False,False,True,False,False,False,True,False,False,False,True,False,False,True,COMPLETE
245,0.09408286939343176,2025-04-26 01:26:28.013630,2025-04-26 01:26:31.799455,0 days 00:00:03.785825,0.7713548704359227,5,0.9567734207049652,0.007706907936830991,7.057773865273663,0.09256157183351076,8,24,110,False,False,False,True,False,True,True,True,False,True,False,True,False,False,True,False,False,True,True,True,True,False,True,True,False,True,False,False,True,True,True,False,True,True,True,False,False,True,False,False,False,False,False,True,False,False,False,True,False,False,False,True,False,False,True,COMPLETE
246,0.09336867070498948,2025-04-26 01:26:31.815351,2025-04-26 01:26:35.620052,0 days 00:00:03.804701,0.7762320280109227,5,0.9438124217464144,0.0066155108768583505,6.1538760216624295,0.09190549766912762,8,24,111,False,False,False,True,False,True,True,True,False,True,False,True,False,False,True,False,False,True,True,True,True,False,True,True,False,True,False,False,True,True,True,False,True,True,True,False,False,True,False,False,False,False,False,True,False,False,False,True,False,False,False,True,False,False,True,COMPLETE
247,0.09481584295016458,2025-04-26 01:26:35.635320,2025-04-26 01:26:39.486960,0 days 00:00:03.851640,0.7755004306911034,5,0.9669173556950885,0.0080440837148628,6.0836988858010095,0.0838383967784377,8,24,111,False,False,False,True,False,True,True,True,False,True,False,True,False,False,True,False,False,True,True,True,True,False,True,True,False,True,False,False,True,True,True,False,True,True,True,False,False,True,False,False,False,False,False,True,False,False,False,True,False,False,False,True,False,False,True,COMPLETE
248,0.10285869317653014,2025-04-26 01:26:39.502360,2025-04-26 01:26:43.256592,0 days 00:00:03.754232,0.7693188646527821,5,0.947070010671156,0.018325783499291367,6.079719479251354,0.09355188561345147,8,24,109,False,False,False,True,False,True,True,True,False,True,False,True,False,False,True,False,False,True,True,True,True,False,True,False,False,True,False,False,False,True,True,False,True,True,True,False,False,True,False,False,False,False,False,True,False,False,False,True,False,False,False,True,False,False,True,COMPLETE
249,0.09428143218612989,2025-04-26 01:26:43.271748,2025-04-26 01:26:47.078297,0 days 00:00:03.806549,0.7810602281081381,5,0.9598154605780838,0.007256209170324129,8.835990789229385,0.08689106842246119,8,24,107,False,False,False,True,False,True,True,True,False,True,False,True,False,False,True,False,False,True,True,True,True,False,True,True,False,True,False,False,True,True,True,False,True,True,True,False,False,True,False,False,False,False,False,True,False,False,False,True,False,False,False,True,False,False,True,COMPLETE
250,0.10272223180236777,2025-04-26 01:26:47.094171,2025-04-26 01:26:51.142117,0 days 00:00:04.047946,0.7807147478272358,5,0.9586013106268593,0.004589418452102587,6.652428694446819,0.08492879416332991,8,23,110,False,False,False,True,False,True,True,True,False,True,False,True,False,False,True,False,False,True,True,True,True,False,True,True,False,True,False,False,True,True,True,False,True,True,True,False,False,True,False,False,False,False,False,True,False,False,True,True,True,False,False,True,False,False,False,COMPLETE
251,0.10002246812807869,2025-04-26 01:26:51.157492,2025-04-26 01:26:54.938039,0 days 00:00:03.780547,0.7678178275453927,5,0.9668094145377785,0.009103915362004182,8.822373553491522,0.09003278518079172,8,24,107,False,False,False,True,False,True,True,True,False,True,False,True,False,False,False,False,False,True,True,True,True,False,True,True,True,True,False,False,True,True,True,False,True,True,True,False,False,True,False,False,False,False,False,True,False,False,False,True,False,False,False,True,False,False,True,COMPLETE
252,0.17083311491024414,2025-04-26 01:26:55.034264,2025-04-26 01:26:58.865821,0 days 00:00:03.831557,0.7847154863139943,5,0.9498901998638593,0.007271300505962645,5.438080455705629,0.094856033176038,8,24,104,False,False,False,True,False,True,True,True,False,True,False,True,False,False,True,False,False,True,True,True,True,False,False,True,False,True,False,False,True,False,True,False,True,True,True,False,False,True,False,False,False,False,False,True,False,True,False,True,False,True,False,True,False,False,True,COMPLETE
253,0.29998823429498284,2025-04-26 01:26:58.881333,2025-04-26 01:27:03.166969,0 days 00:00:04.285636,0.7716996709997263,5,0.9420369219834089,0.022522733136569772,7.5573793674042005,0.028271405447662375,8,23,106,False,False,False,True,False,True,True,True,False,True,False,True,False,False,True,False,False,True,True,True,True,False,True,True,False,True,False,False,True,True,True,False,True,True,True,False,False,True,False,False,False,False,False,True,False,False,False,True,False,False,False,True,False,False,True,COMPLETE
254,0.09515266806973838,2025-04-26 01:27:03.182551,2025-04-26 01:27:07.024336,0 days 00:00:03.841785,0.7772238771184108,5,0.9579123224867142,0.006738625877055494,6.133358780400827,0.08574478072626703,8,25,113,False,False,False,True,False,True,True,True,False,True,False,True,False,False,True,False,False,True,True,True,True,False,True,True,False,True,False,False,True,True,True,False,True,True,True,False,False,True,False,False,False,False,False,True,False,False,False,True,False,False,False,True,False,False,True,COMPLETE
255,0.09515562942225943,2025-04-26 01:27:07.039984,2025-04-26 01:27:10.752798,0 days 00:00:03.712814,0.7593535133647858,5,0.9713802344020808,0.005822898051230375,8.781363836530543,0.09471952567098596,8,26,104,False,False,False,True,False,True,True,True,False,True,False,True,False,False,True,False,False,True,True,True,True,False,True,True,False,True,False,False,True,True,True,False,True,True,True,False,False,True,False,False,False,False,False,True,False,False,False,True,False,False,False,True,False,False,True,COMPLETE
256,0.09970408434513982,2025-04-26 01:27:10.768960,2025-04-26 01:27:14.778823,0 days 00:00:04.009863,0.7682472740240983,5,0.9642281763526505,0.010448521967186203,6.910672629717814,0.08000129931380434,8,22,101,False,False,False,True,False,True,True,True,False,True,False,True,False,False,True,False,False,True,True,True,True,False,True,True,False,False,False,False,True,True,True,False,True,True,True,True,False,True,True,True,False,False,False,True,False,False,False,True,False,False,False,True,False,False,True,COMPLETE
257,0.09619232781006189,2025-04-26 01:27:14.794610,2025-04-26 01:27:18.862429,0 days 00:00:04.067819,0.7883012639150782,5,0.9532226532055104,0.015839243992297657,9.922211287422181,0.08920556848165094,9,23,110,True,True,False,True,False,True,True,True,False,True,False,True,False,False,True,False,False,True,True,True,True,False,True,True,False,True,True,True,True,True,True,False,True,True,True,False,False,True,False,False,False,False,False,True,False,False,False,True,False,False,False,True,False,False,True,COMPLETE
258,0.09338439519683582,2025-04-26 01:27:18.877973,2025-04-26 01:27:22.597667,0 days 00:00:03.719694,0.7760060484898285,5,0.9694035974548019,0.01790382934320235,5.6771989474643805,0.09863295505771724,8,25,108,False,False,False,True,False,True,True,True,False,True,False,True,False,False,True,False,False,True,True,True,True,False,True,True,False,True,False,False,True,True,True,False,True,True,True,False,False,True,False,False,False,False,False,True,False,False,False,True,False,False,False,True,False,False,True,COMPLETE
259,0.10334351033897198,2025-04-26 01:27:22.612971,2025-04-26 01:27:26.481494,0 days 00:00:03.868523,0.7736491037252372,5,0.9695875357182389,0.012791324040669712,5.588206841632322,0.09987480555596341,8,26,102,False,False,False,True,False,True,True,True,False,True,False,True,False,False,True,False,False,True,True,True,True,False,True,True,False,True,False,False,True,True,True,False,True,True,True,False,True,True,False,False,False,False,False,True,False,False,False,True,False,False,False,True,False,False,True,COMPLETE
260,0.09285294264797998,2025-04-26 01:27:26.497206,2025-04-26 01:27:30.221861,0 days 00:00:03.724655,0.7636307118050295,5,0.9702411487624298,0.017937490937866743,5.823425692297638,0.09692570731608553,8,25,114,False,False,False,True,False,True,True,True,False,True,False,True,False,False,True,False,False,True,True,True,True,False,True,True,False,True,False,False,True,True,True,False,True,True,True,False,False,True,False,False,False,False,False,True,False,False,False,True,False,False,False,True,False,False,True,COMPLETE
261,0.09414810308367316,2025-04-26 01:27:30.237685,2025-04-26 01:27:33.954454,0 days 00:00:03.716769,0.760835651901497,5,0.964560920523658,0.01813915655241399,4.2899997515613455,0.09849588767527932,8,25,113,False,False,False,True,False,True,True,True,False,True,False,True,False,False,True,False,False,True,True,True,True,False,True,True,False,True,False,False,True,True,True,False,True,True,True,False,False,True,False,False,False,False,False,True,False,False,False,True,False,False,False,True,False,False,True,COMPLETE
