number,value,datetime_start,datetime_complete,duration,params_bagging_fraction,params_bagging_freq,params_feature_fraction,params_lambda_l1,params_lambda_l2,params_learning_rate,params_max_depth,params_min_child_samples,params_num_leaves,params_use_base_price,params_use_category_Beverages,params_use_category_Extras,params_use_category_Pasta,params_use_category_Pizza,params_use_category_Rice Bowl,params_use_category_Salad,params_use_category_Sandwich,params_use_center_id,params_use_center_id_orders_mean,params_use_center_id_orders_median,params_use_center_id_orders_std,params_use_center_type_TYPE_A,params_use_center_type_TYPE_B,params_use_center_type_TYPE_C,params_use_checkout_price,params_use_cuisine_Continental,params_use_cuisine_Indian,params_use_cuisine_Italian,params_use_cuisine_Thai,params_use_demand_pct_change_1,params_use_emailer_for_promotion,params_use_emailer_for_promotion_rolling_sum_3,params_use_homepage_featured,params_use_homepage_featured_rolling_sum_3,params_use_is_holiday_week,params_use_lag1_x_emailer,params_use_lag1_x_home,params_use_meal_id,params_use_meal_id_orders_mean,params_use_meal_id_orders_median,params_use_meal_id_orders_std,params_use_num_orders_lag_1,params_use_num_orders_lag_10,params_use_num_orders_lag_2,params_use_num_orders_lag_3,params_use_num_orders_lag_5,params_use_price_diff,params_use_price_diff_x_emailer,params_use_price_diff_x_home,params_use_rolling_mean_10,params_use_rolling_mean_3,params_use_rolling_mean_5,params_use_rolling_std_10,params_use_rolling_std_3,params_use_rolling_std_5,params_use_rolling_volatility_10,params_use_rolling_volatility_5,params_use_seasonal_regime,params_use_weekofyear,params_use_weekofyear_cos,params_use_weekofyear_sin,params_use_weeks_since_emailer_for_promotion,params_use_weeks_since_homepage_featured,params_use_weeks_to_next_holiday,state
533,0.10271902916730412,2025-04-26 01:47:37.858233,2025-04-26 01:47:42.659700,0 days 00:00:04.801467,0.7761979870942878,4,0.9681226474976365,0.09008631512264816,1.2337622546560623,0.05642843089644908,10,16,128,False,False,True,True,False,True,True,True,True,True,True,False,False,False,False,True,True,False,False,True,True,False,True,True,True,True,False,False,True,True,True,False,True,True,True,False,False,True,True,False,False,False,False,True,False,False,True,False,False,False,False,True,False,False,False,COMPLETE
534,0.09319289546348981,2025-04-26 01:47:42.675551,2025-04-26 01:47:47.316549,0 days 00:00:04.640998,0.7802989191862447,4,0.9649016730007764,0.0499836316953393,1.1568094116115195,0.05731937273022566,10,17,128,False,False,True,True,False,True,True,True,True,True,True,False,False,False,False,False,True,False,False,True,True,False,True,True,True,True,False,False,True,True,True,False,True,True,True,False,False,True,True,False,False,False,False,True,False,False,True,False,False,False,False,True,False,False,False,COMPLETE
535,0.09966799508536513,2025-04-26 01:47:47.332007,2025-04-26 01:47:51.887003,0 days 00:00:04.554996,0.7744713520377997,4,0.9606856640041446,0.07961254386275418,0.9448098493661136,0.05292526335367915,10,15,126,False,False,True,True,False,True,True,True,True,True,True,False,False,False,False,False,True,False,False,True,True,False,True,True,True,True,False,False,True,True,True,False,True,True,True,False,False,True,True,False,False,False,False,True,False,False,True,False,False,False,False,True,False,False,False,COMPLETE
536,0.1610504342320014,2025-04-26 01:47:51.902910,2025-04-26 01:47:56.784090,0 days 00:00:04.881180,0.768533845226602,4,0.7434132654614596,0.0667712319975953,1.462467556479382,0.059418161942480806,10,14,126,False,False,True,True,False,True,True,True,True,True,True,False,False,False,False,False,True,False,False,True,True,False,True,True,True,True,True,False,True,True,True,False,True,True,True,False,True,True,True,False,False,False,False,True,False,False,True,False,False,False,False,True,False,False,False,COMPLETE
537,0.09351974527538827,2025-04-26 01:47:56.799705,2025-04-26 01:48:01.244837,0 days 00:00:04.445132,0.7847799373417459,4,0.9598370326179737,0.05631092993348945,1.6312208934588948,0.06305865750130661,10,15,128,False,False,True,True,False,True,True,True,True,True,True,False,False,False,False,False,True,False,False,False,True,False,True,True,True,True,False,False,True,True,True,False,True,True,True,False,False,False,True,False,False,False,False,True,False,False,True,False,False,False,False,True,False,False,False,COMPLETE
538,0.09088025346881436,2025-04-26 01:48:01.260336,2025-04-26 01:48:05.693654,0 days 00:00:04.433318,0.7767961175331662,4,0.9526557210034368,0.06517353857953899,1.8075168382798277,0.0705247174108636,10,16,124,False,False,True,True,False,True,True,True,True,True,True,False,False,False,False,False,True,False,False,True,True,False,True,True,True,True,False,False,True,True,True,False,True,True,True,False,False,True,True,False,False,False,False,True,False,False,True,False,False,False,False,False,False,False,False,COMPLETE
539,0.09206106338553928,2025-04-26 01:48:05.709896,2025-04-26 01:48:10.109472,0 days 00:00:04.399576,0.7917538200059933,4,0.9530162744742041,0.08454869919849461,1.2757380039828012,0.07270864963579263,10,15,123,False,False,True,True,False,True,True,True,True,True,True,False,False,False,False,False,True,False,False,True,True,False,True,True,True,True,False,False,True,True,True,False,True,True,True,False,False,True,True,False,False,False,False,True,False,False,True,False,False,False,False,False,False,False,False,COMPLETE
540,0.10525661193601338,2025-04-26 01:48:10.125048,2025-04-26 01:48:14.605467,0 days 00:00:04.480419,0.7775594374748502,4,0.9622833602596986,0.07036857550964531,1.564028408273313,0.0615698900802954,10,16,123,False,False,True,True,False,False,False,True,True,True,True,False,False,False,False,False,True,False,False,True,True,False,True,True,True,True,False,False,True,True,True,False,True,True,True,False,False,True,True,False,False,False,False,False,False,False,True,False,False,False,False,False,False,True,False,COMPLETE
541,0.1474540095035075,2025-04-26 01:48:14.621136,2025-04-26 01:48:19.207832,0 days 00:00:04.586696,0.7867284730851594,4,0.7522861577536322,0.06553540040091252,0.8534104596227485,0.06644511750658537,10,16,124,False,False,True,True,False,True,True,True,True,True,True,False,False,False,False,False,True,False,False,True,True,False,True,True,True,True,False,False,True,True,True,False,True,True,True,False,False,True,True,False,False,False,False,True,False,False,True,False,False,False,False,False,False,False,False,COMPLETE
542,0.09003766512149981,2025-04-26 01:48:19.223064,2025-04-26 01:48:23.544756,0 days 00:00:04.321692,0.7764633232698749,4,0.9527107975316875,0.0566479890135475,1.8490147984375445,0.06963735575064556,10,16,109,False,False,True,True,False,True,True,True,True,True,True,False,False,False,False,True,True,False,False,True,True,False,True,True,True,True,False,False,True,True,True,False,True,True,True,False,False,True,True,False,False,False,False,True,False,False,True,False,False,False,False,False,False,False,False,COMPLETE
543,0.5573124013044584,2025-04-26 01:48:23.561030,2025-04-26 01:48:27.315881,0 days 00:00:03.754851,0.772774779366666,4,0.9691959584033998,0.1049718883370372,1.4294935656823464,0.06530896727649968,10,16,107,False,False,True,False,False,True,True,True,True,True,True,False,False,False,False,False,True,False,False,True,False,False,True,True,True,True,False,False,True,True,True,False,True,True,True,False,False,True,True,False,False,False,False,True,False,False,True,False,False,False,False,False,False,False,False,COMPLETE
544,0.09646159588391102,2025-04-26 01:48:27.331155,2025-04-26 01:48:31.675730,0 days 00:00:04.344575,0.7726654341535731,4,0.9548948766429852,0.0729107373926974,1.9209378390090102,0.06893362948309928,10,24,109,False,False,True,True,False,True,True,False,True,True,True,False,False,False,False,False,True,False,False,True,True,False,True,True,True,True,False,False,True,True,True,False,True,True,True,False,False,True,True,False,False,False,False,True,False,False,True,False,False,False,False,False,False,False,False,COMPLETE
545,0.49165020193682557,2025-04-26 01:48:31.691719,2025-04-26 01:48:35.614797,0 days 00:00:03.923078,0.7788061792514717,4,0.959664435008356,0.055705151598661476,1.1287030862980358,0.06225861520152225,10,14,106,False,False,True,True,False,True,True,True,True,False,True,False,False,False,False,False,True,False,False,True,True,False,True,True,True,True,False,False,True,True,True,False,False,True,True,False,False,True,True,False,False,False,False,True,False,False,True,False,False,False,False,False,False,False,False,COMPLETE
546,0.10026151170655519,2025-04-26 01:48:35.630596,2025-04-26 01:48:40.132769,0 days 00:00:04.502173,0.7690123491896868,4,0.9522446315592366,0.08090699282894911,1.744963393769415,0.07142947032186721,10,16,106,False,False,True,True,False,True,True,True,True,True,True,False,False,True,False,False,True,False,False,True,True,False,True,False,True,True,False,False,True,True,True,False,True,True,True,False,False,True,True,False,True,True,False,True,False,False,True,False,False,False,False,False,False,False,False,COMPLETE
547,0.09486321134334268,2025-04-26 01:48:40.148505,2025-04-26 01:48:44.682819,0 days 00:00:04.534314,0.7779078799060812,4,0.9653614437924599,0.11905684258678187,1.973727048928866,0.06580619805529023,10,15,108,False,False,True,True,False,True,True,True,True,True,True,False,False,False,False,False,True,False,False,True,True,False,True,True,True,True,False,False,True,True,True,False,True,True,True,False,False,True,True,False,False,False,True,True,False,False,True,False,True,False,False,False,True,False,False,COMPLETE
548,0.09700303175489967,2025-04-26 01:48:44.698732,2025-04-26 01:48:48.976437,0 days 00:00:04.277705,0.765700718880599,4,0.9510294422596635,0.060341155864412015,1.397561650704827,0.05945484503537231,10,14,110,False,False,True,True,False,True,True,True,True,True,True,False,False,False,False,False,True,False,False,True,True,False,True,True,True,True,False,False,False,True,True,False,True,True,True,False,False,True,True,False,False,False,False,True,False,False,True,False,False,False,False,False,False,False,False,COMPLETE
549,0.09307256662840507,2025-04-26 01:48:48.992304,2025-04-26 01:48:53.347140,0 days 00:00:04.354836,0.7754970156769012,4,0.9603245849132709,0.06282671100001982,1.724182585582114,0.06908766527747964,10,17,109,False,False,True,True,False,True,True,True,True,True,True,False,False,False,False,True,True,False,False,True,True,False,True,True,True,True,False,False,True,True,True,False,True,True,True,False,False,True,True,False,False,False,False,True,False,False,True,False,False,False,False,False,False,False,False,COMPLETE
550,0.1373370791667606,2025-04-26 01:48:53.363365,2025-04-26 01:48:58.681238,0 days 00:00:05.317873,0.7688365305246755,4,0.9561327423944642,0.09387774580752543,2.0815637586164213,0.06997977174097347,10,15,121,False,False,True,True,False,True,True,True,True,True,True,False,False,False,False,False,True,False,False,True,True,False,True,True,True,True,False,False,True,False,True,False,True,True,True,False,False,True,True,False,False,False,False,True,False,False,True,False,False,False,False,False,False,False,False,COMPLETE
551,0.09411019040391534,2025-04-26 01:48:58.697714,2025-04-26 01:49:02.929394,0 days 00:00:04.231680,0.7599902502603395,4,0.9502873303937759,0.0556697155315672,2.2663038733867427,0.07330732492312844,10,17,105,False,False,True,True,False,True,True,True,True,True,True,False,False,False,False,False,True,False,False,True,True,False,True,True,True,True,False,False,True,True,True,False,True,True,True,False,False,True,True,False,False,False,False,True,False,False,True,False,False,False,False,False,False,False,False,COMPLETE
552,0.09588721486624247,2025-04-26 01:49:02.945128,2025-04-26 01:49:07.348993,0 days 00:00:04.403865,0.7815816595805244,4,0.96905006393173,0.0780289108527732,1.7123947718449648,0.06331364974155466,10,16,110,False,False,True,True,False,True,True,True,True,True,True,False,False,False,False,False,True,False,False,True,True,False,True,True,True,True,False,False,True,True,True,False,True,True,True,False,False,True,True,False,False,False,False,True,False,False,True,False,False,False,False,False,False,False,False,COMPLETE
553,0.1294998616414383,2025-04-26 01:49:07.364884,2025-04-26 01:49:10.614539,0 days 00:00:03.249655,0.7726973684802482,4,0.957061777802109,0.04848498935709419,1.094637018066474,0.06866319499364953,10,39,34,False,False,True,True,False,True,True,True,True,True,True,False,False,False,False,False,True,False,False,True,True,False,True,True,True,True,False,False,True,True,True,False,True,True,True,False,False,True,True,False,False,False,False,True,False,False,True,False,False,False,False,False,False,False,False,COMPLETE
554,0.09436804212628834,2025-04-26 01:49:10.630877,2025-04-26 01:49:15.047600,0 days 00:00:04.416723,0.7646586147376639,3,0.9493865183991116,0.05452991461542875,1.3220950291411802,0.07446653490214565,10,17,122,False,False,True,True,False,True,True,True,True,True,True,False,False,False,False,False,True,False,False,True,True,False,True,True,True,True,False,False,True,True,True,False,True,True,True,False,False,True,True,False,False,False,False,True,False,False,True,False,False,False,False,False,False,False,False,COMPLETE
555,0.0946095372550826,2025-04-26 01:49:15.063899,2025-04-26 01:49:19.558446,0 days 00:00:04.494547,0.7582872220552294,4,0.9637754612324391,0.06579259929309769,0.6095678361610581,0.06585563759744228,10,18,124,False,False,True,True,False,True,True,True,True,True,True,False,False,False,False,False,True,False,False,True,True,False,True,True,True,True,True,False,True,True,True,False,True,True,True,False,False,True,True,False,False,False,False,True,False,False,True,False,False,False,False,False,False,False,False,COMPLETE
556,0.10121556406778531,2025-04-26 01:49:19.574186,2025-04-26 01:49:23.875166,0 days 00:00:04.300980,0.7676898893244153,4,0.9481911190566704,0.045837783662230354,2.3300705721276223,0.0749037728145242,10,15,122,False,False,True,True,False,True,True,True,True,True,True,False,False,False,False,False,True,False,False,False,True,False,True,True,True,True,False,False,True,True,True,False,True,True,True,False,False,False,True,False,False,False,False,True,False,False,True,False,False,False,False,False,False,False,False,COMPLETE
557,0.10721948634353456,2025-04-26 01:49:23.890768,2025-04-26 01:49:28.466230,0 days 00:00:04.575462,0.7333464229968845,4,0.957592401969505,0.051008786441354474,1.8322605576400177,0.07093000045285323,10,17,108,False,False,True,True,False,True,True,True,True,True,True,False,False,False,False,True,True,False,False,True,True,False,True,True,True,True,False,False,True,True,True,False,True,True,True,False,True,True,True,False,False,False,False,True,False,False,True,False,False,False,False,False,False,False,False,COMPLETE
558,0.08991630606082242,2025-04-26 01:49:28.481940,2025-04-26 01:49:32.852633,0 days 00:00:04.370693,0.7819627259597753,4,0.9515958052501792,0.07027282268107497,1.455437366416795,0.07558616573498554,10,16,125,False,False,True,True,False,True,True,True,True,True,True,False,False,False,False,False,True,False,False,True,True,False,True,True,True,True,False,False,True,True,True,False,True,True,True,False,False,True,True,False,False,False,False,True,False,False,True,False,False,False,False,False,False,False,False,COMPLETE
559,0.09320790466716929,2025-04-26 01:49:32.868787,2025-04-26 01:49:37.336589,0 days 00:00:04.467802,0.7863785659888487,4,0.9641420500531862,0.08698577009454389,1.2639198543700232,0.06297254027569973,10,14,124,False,False,True,True,False,True,True,True,True,True,True,False,False,False,False,False,True,False,False,True,True,False,True,True,True,True,False,False,True,True,True,False,True,True,True,False,False,True,True,False,False,False,False,False,False,False,True,False,False,False,False,False,False,False,False,COMPLETE
560,0.09442781245226328,2025-04-26 01:49:37.352369,2025-04-26 01:49:41.809769,0 days 00:00:04.457400,0.7930378707154554,4,0.9541104135029512,0.0826037514269434,1.5238184772426078,0.06702280869937108,10,18,125,False,False,True,True,False,True,False,True,True,True,True,False,False,False,False,False,True,False,False,True,True,False,True,True,True,True,False,False,True,True,True,False,True,True,True,False,False,True,True,False,False,False,False,True,False,False,True,False,False,False,False,False,False,True,False,COMPLETE
561,0.09096808884115848,2025-04-26 01:49:41.825615,2025-04-26 01:49:46.195185,0 days 00:00:04.369570,0.7797416793553468,4,0.9700708865577482,0.0696304606196618,1.4094793852250864,0.07104218888849531,10,17,121,False,False,True,True,False,True,True,True,True,True,True,False,False,False,False,False,True,False,False,True,True,False,True,True,True,True,False,False,True,True,True,False,True,True,True,False,False,True,True,False,False,False,False,True,False,False,True,False,False,False,False,False,False,False,False,COMPLETE
562,0.14955433753851416,2025-04-26 01:49:46.210523,2025-04-26 01:49:50.705190,0 days 00:00:04.494667,0.7889921256408728,4,0.9732380889957007,0.001892255114172114,1.001010912558377,0.04026384113984847,10,16,126,False,False,True,True,False,False,True,True,True,True,True,False,False,False,False,False,True,False,False,True,True,False,True,True,True,True,False,False,True,True,True,False,True,True,True,False,False,True,True,False,False,False,False,True,False,False,True,False,False,False,False,False,False,False,False,COMPLETE
563,0.5583832381071391,2025-04-26 01:49:50.721159,2025-04-26 01:49:54.498728,0 days 00:00:03.777569,0.7813122311250273,4,0.8847011525217469,0.10627675043524878,1.135291719148497,0.06969374636256699,10,13,121,False,False,True,False,False,True,True,True,True,False,True,False,False,False,False,False,True,False,False,True,False,False,True,True,True,True,False,False,True,True,True,False,True,True,True,False,False,True,True,False,False,False,False,True,False,False,True,False,False,False,False,False,False,False,False,COMPLETE
564,0.4861802926563541,2025-04-26 01:49:54.514519,2025-04-26 01:49:58.697207,0 days 00:00:04.182688,0.7827104016883505,4,0.9690023220651401,0.0687897115120434,1.3807020621358053,0.058845596549509605,10,13,125,False,False,True,True,False,True,True,True,True,True,True,False,False,False,False,False,True,False,False,True,True,False,True,True,True,True,False,False,True,True,True,False,False,True,True,False,False,True,True,False,False,False,False,True,False,False,True,False,False,False,False,False,False,False,False,COMPLETE
565,0.09152647239655204,2025-04-26 01:49:58.713034,2025-04-26 01:50:03.424764,0 days 00:00:04.711730,0.7759439343957752,4,0.9686470610419792,0.07778342950511244,0.7273282304046511,0.06494003909652196,10,17,121,False,False,True,True,False,True,True,True,True,True,True,False,False,True,False,False,True,False,False,True,True,False,True,True,True,True,False,False,True,True,True,False,True,True,True,False,False,True,True,False,True,True,False,True,False,False,True,False,False,False,False,False,False,False,False,COMPLETE
566,0.09228347249194128,2025-04-26 01:50:03.440671,2025-04-26 01:50:07.851073,0 days 00:00:04.410402,0.7801453762563405,4,0.9613325426788081,0.06427042325498199,1.507992071183972,0.07102884789057438,10,15,126,False,False,True,True,False,True,True,False,True,True,True,False,False,False,False,False,True,False,False,True,True,False,True,False,True,True,False,False,True,True,True,False,True,True,True,False,False,True,True,False,False,False,False,True,False,False,True,False,False,False,False,False,True,False,False,COMPLETE
567,0.10151611736358625,2025-04-26 01:50:07.866940,2025-04-26 01:50:12.567289,0 days 00:00:04.700349,0.7886016459688737,4,0.9732873003135777,0.10308446671907388,1.0544791608494137,0.07552556833173395,10,16,124,False,False,True,True,False,True,True,True,True,True,True,False,False,False,False,True,True,False,False,True,True,False,True,True,True,True,False,False,True,True,True,False,True,True,True,False,False,True,True,False,False,False,True,True,False,False,True,False,False,False,False,False,False,False,False,COMPLETE
568,0.09251117943442093,2025-04-26 01:50:12.583068,2025-04-26 01:50:17.179909,0 days 00:00:04.596841,0.7967422608701586,4,0.9625401602916458,0.06008069610099287,1.7046572209473125,0.060576627893161636,10,16,128,False,False,True,True,False,True,True,True,True,True,True,False,False,False,False,False,True,False,False,True,True,False,True,True,True,True,False,False,False,True,True,False,True,True,True,False,False,True,True,False,False,False,False,True,False,False,True,False,True,False,False,False,False,False,False,COMPLETE
569,0.091967836019344,2025-04-26 01:50:17.195276,2025-04-26 01:50:21.541525,0 days 00:00:04.346249,0.7751904261312771,4,0.9569587682168412,0.07207539210729645,1.2619730894646308,0.07177842532393863,10,15,121,False,False,True,True,False,True,True,True,True,True,True,False,False,False,False,False,True,False,False,True,True,False,True,True,True,True,False,False,True,True,True,False,True,True,True,False,False,True,True,False,False,False,False,True,False,False,True,False,False,False,False,False,False,False,False,COMPLETE
570,0.12524837343008824,2025-04-26 01:50:21.557100,2025-04-26 01:50:26.026449,0 days 00:00:04.469349,0.7808084284094498,4,0.9653195215295524,0.05704209824317492,1.7166360093569621,0.06673781448471917,10,17,126,False,False,True,True,False,True,True,True,True,True,True,False,False,False,False,False,True,False,False,True,True,False,True,True,True,True,False,False,True,False,True,False,True,True,True,False,False,True,True,False,False,False,False,True,False,False,True,False,False,False,False,False,False,False,False,COMPLETE
