number,value,datetime_start,datetime_complete,duration,params_bagging_fraction,params_bagging_freq,params_feature_fraction,params_lambda_l1,params_lambda_l2,params_learning_rate,params_max_depth,params_min_child_samples,params_num_leaves,params_use_base_price,params_use_category_Beverages,params_use_category_Extras,params_use_category_Pasta,params_use_category_Pizza,params_use_category_Rice Bowl,params_use_category_Salad,params_use_category_Sandwich,params_use_center_id,params_use_center_id_orders_mean,params_use_center_id_orders_median,params_use_center_id_orders_std,params_use_center_type_TYPE_A,params_use_center_type_TYPE_B,params_use_center_type_TYPE_C,params_use_checkout_price,params_use_cuisine_Continental,params_use_cuisine_Indian,params_use_cuisine_Italian,params_use_cuisine_Thai,params_use_demand_pct_change_1,params_use_emailer_for_promotion,params_use_emailer_for_promotion_rolling_sum_3,params_use_homepage_featured,params_use_homepage_featured_rolling_sum_3,params_use_is_holiday_week,params_use_lag1_x_emailer,params_use_lag1_x_home,params_use_meal_id,params_use_meal_id_orders_mean,params_use_meal_id_orders_median,params_use_meal_id_orders_std,params_use_num_orders_lag_1,params_use_num_orders_lag_10,params_use_num_orders_lag_2,params_use_num_orders_lag_3,params_use_num_orders_lag_5,params_use_price_diff,params_use_price_diff_x_emailer,params_use_price_diff_x_home,params_use_rolling_mean_10,params_use_rolling_mean_3,params_use_rolling_mean_5,params_use_rolling_std_10,params_use_rolling_std_3,params_use_rolling_std_5,params_use_rolling_volatility_10,params_use_rolling_volatility_5,params_use_seasonal_regime,params_use_weekofyear,params_use_weekofyear_cos,params_use_weekofyear_sin,params_use_weeks_since_emailer_for_promotion,params_use_weeks_since_homepage_featured,params_use_weeks_to_next_holiday,state
378,0.1087307870393049,2025-04-26 01:36:00.278390,2025-04-26 01:36:05.064791,0 days 00:00:04.786401,0.7449005979382747,4,0.9248796333260534,0.024343791016898934,3.0282338787259895,0.06293522968502004,9,18,124,True,True,False,True,True,True,True,True,False,True,False,True,False,False,False,False,False,True,True,True,True,False,False,True,True,False,False,True,True,True,True,False,True,True,True,True,False,True,True,True,False,False,False,True,False,False,True,True,False,True,False,True,False,False,True,COMPLETE
379,0.10799534015390849,2025-04-26 01:36:05.080667,2025-04-26 01:36:09.603685,0 days 00:00:04.523018,0.740623940259341,4,0.9172859076076297,0.033244385813740555,2.7345064365647906,0.08154671528509388,9,22,121,True,True,False,True,True,True,True,True,False,True,False,True,False,False,False,False,False,True,True,True,True,False,False,True,True,False,True,True,True,True,True,False,True,True,True,True,False,True,False,True,False,False,False,True,False,False,True,True,False,True,False,True,False,False,True,COMPLETE
380,0.6881195529622582,2025-04-26 01:36:09.619859,2025-04-26 01:36:14.374704,0 days 00:00:04.754845,0.7401704231881222,4,0.9373518115279945,0.03827984520519383,3.617185148850037,0.013829136375577625,9,21,119,True,True,False,True,True,True,True,True,False,True,False,True,False,False,False,False,False,True,True,True,True,False,False,True,True,False,False,True,True,True,True,False,True,True,True,True,False,True,False,True,False,False,False,True,False,False,True,True,False,True,False,True,False,False,True,COMPLETE
381,0.09269962964439364,2025-04-26 01:36:14.390017,2025-04-26 01:36:18.793637,0 days 00:00:04.403620,0.7488479633262828,4,0.9557123534371887,0.019989562256585786,1.769331751038321,0.07269091716444044,9,22,117,True,True,False,True,True,True,True,True,False,True,False,True,False,False,False,False,False,True,True,True,True,False,False,True,True,False,False,True,True,True,True,False,True,True,True,True,False,True,False,True,False,False,False,True,False,False,True,True,False,True,False,True,False,False,True,COMPLETE
382,0.09413305192624233,2025-04-26 01:36:18.809118,2025-04-26 01:36:23.016769,0 days 00:00:04.207651,0.7510819772606725,4,0.9528988908000394,0.011482243637089167,1.9857284409554194,0.08504879574385056,9,22,111,True,True,False,True,True,True,True,True,False,True,False,True,False,False,False,False,False,True,True,True,True,False,False,True,True,False,False,True,True,True,True,False,True,True,True,True,False,True,False,True,False,False,False,True,False,False,True,True,False,True,False,True,False,False,True,COMPLETE
383,0.09417974930609661,2025-04-26 01:36:23.032269,2025-04-26 01:36:27.426218,0 days 00:00:04.393949,0.7596572536781389,4,0.9560094915421379,0.016521953006843212,1.7814417881494862,0.07349926045301419,9,22,113,True,True,False,True,True,True,True,True,False,True,False,True,False,False,False,False,False,True,True,True,True,False,False,True,True,False,False,True,True,True,True,False,True,True,True,True,False,True,False,True,False,False,False,True,False,False,True,True,False,True,False,True,False,False,True,COMPLETE
384,0.10117303245457236,2025-04-26 01:36:27.442171,2025-04-26 01:36:32.079917,0 days 00:00:04.637746,0.7502718360116831,4,0.9482355684960795,0.019292988438447435,4.146316304071539,0.07889468896314324,9,20,117,True,True,False,True,True,True,True,True,False,True,False,True,False,False,False,False,False,True,True,True,True,False,False,True,True,False,False,True,True,True,True,False,True,True,True,True,True,True,False,True,False,False,False,True,False,True,True,True,False,True,False,True,False,False,True,COMPLETE
385,0.092918471975376,2025-04-26 01:36:32.095468,2025-04-26 01:36:36.408871,0 days 00:00:04.313403,0.7634622796389157,4,0.9578328284176338,0.021161817257324102,1.5066882234319119,0.08110916736070894,9,23,117,True,True,False,True,True,True,True,True,False,True,False,True,False,False,False,False,False,True,True,True,True,False,False,True,True,False,False,True,True,True,True,False,True,True,True,True,False,True,False,True,False,False,False,True,False,False,True,True,False,True,False,True,False,False,True,COMPLETE
386,0.5580566638770356,2025-04-26 01:36:36.424329,2025-04-26 01:36:40.561239,0 days 00:00:04.136910,0.7559593881359125,4,0.9523445735322859,0.013556147151484179,2.972112139012532,0.07275718230658182,9,19,114,True,True,False,True,True,True,True,True,True,True,False,True,False,False,False,False,False,True,True,True,False,False,False,True,True,False,False,True,True,True,True,False,True,True,True,True,False,True,False,True,False,False,False,True,False,False,True,True,False,True,False,True,False,False,True,COMPLETE
387,0.4419464412936825,2025-04-26 01:36:40.577203,2025-04-26 01:36:44.994034,0 days 00:00:04.416831,0.762506149195587,4,0.945733524901829,0.029505150375426396,3.5147732964915903,0.06559907462019036,9,21,128,True,True,False,True,True,True,True,False,False,True,False,True,False,False,False,False,False,True,True,True,True,False,False,True,True,False,False,True,True,True,True,False,False,True,True,True,False,True,False,True,False,False,False,True,False,False,True,True,False,True,False,True,False,False,True,COMPLETE
388,0.11467866525954921,2025-04-26 01:36:45.009328,2025-04-26 01:36:49.541023,0 days 00:00:04.531695,0.7487623037056728,4,0.9404814071879479,0.023015669293743293,2.367364761684835,0.08580769761261338,9,18,110,True,True,False,True,True,True,True,True,False,True,False,True,False,True,False,False,False,True,True,True,True,False,False,True,True,False,False,True,True,True,True,False,True,True,True,True,False,True,False,True,True,False,False,True,False,False,True,True,False,True,False,True,False,False,True,COMPLETE
389,0.09536718997318873,2025-04-26 01:36:49.556971,2025-04-26 01:36:54.218706,0 days 00:00:04.661735,0.8407248909738039,4,0.9321030144749215,0.01588167253795055,4.330639277518082,0.07805342484119605,9,22,125,True,True,False,True,True,True,True,True,False,True,False,True,False,False,False,False,False,True,True,True,True,False,False,False,True,False,False,True,False,True,True,False,True,True,True,True,False,True,False,True,False,True,False,True,False,False,True,True,True,True,False,True,True,False,True,COMPLETE
390,0.09443530889472261,2025-04-26 01:36:54.234248,2025-04-26 01:36:58.508049,0 days 00:00:04.273801,0.7572908837038077,4,0.9567603777986396,0.04499682701527019,2.9195276056233053,0.0845445292037603,9,23,112,True,True,False,True,True,True,True,True,False,True,False,True,False,False,False,False,True,True,True,True,True,False,False,True,True,False,False,True,True,True,True,False,True,True,True,True,False,True,False,True,False,False,True,True,False,False,True,True,False,True,False,True,False,False,False,COMPLETE
391,0.0933418937023262,2025-04-26 01:36:58.523200,2025-04-26 01:37:03.013714,0 days 00:00:04.490514,0.7731848832173105,4,0.9495211044590229,0.03283149653557876,3.6947611900015516,0.07029796055676812,9,21,118,True,True,False,True,True,True,True,True,False,True,False,True,False,False,False,False,False,True,True,True,True,False,False,True,True,False,False,True,True,True,True,False,True,True,True,True,False,True,False,True,False,False,False,True,False,False,True,True,False,True,False,True,False,False,True,COMPLETE
392,0.09233511004910328,2025-04-26 01:37:03.029012,2025-04-26 01:37:07.431269,0 days 00:00:04.402257,0.7661812727673858,4,0.9420576020051681,0.009352662205645394,3.21719420061965,0.07579604204110514,9,20,116,True,True,False,True,True,True,True,True,False,True,False,True,False,False,False,False,False,True,True,True,True,False,False,True,True,False,False,True,True,True,True,False,True,True,True,True,False,True,False,True,False,False,False,True,False,False,True,True,False,True,False,True,False,False,True,COMPLETE
393,0.15139485529024646,2025-04-26 01:37:07.447651,2025-04-26 01:37:11.958589,0 days 00:00:04.510938,0.7351325237067958,4,0.9426787317418247,0.01068069612933807,2.7316746331193418,0.0749623020869892,9,16,122,True,True,False,True,True,True,True,True,False,True,False,True,False,False,False,False,False,True,True,True,True,False,False,True,True,False,False,True,True,False,True,False,True,True,True,True,False,True,False,True,False,False,False,True,False,False,True,True,False,True,False,True,False,False,True,COMPLETE
394,0.10133593099626255,2025-04-26 01:37:11.974662,2025-04-26 01:37:16.442377,0 days 00:00:04.467715,0.7688952426424449,4,0.9292122546708642,0.00861391866356971,3.2702248546920254,0.0802734843001793,9,19,116,True,True,False,True,True,True,True,True,False,True,False,True,False,False,False,False,False,True,False,True,True,False,False,True,True,False,False,True,True,True,True,False,True,True,True,True,False,True,False,True,False,False,False,True,False,False,True,True,False,True,False,True,False,False,True,COMPLETE
395,0.09110917849192142,2025-04-26 01:37:16.457976,2025-04-26 01:37:20.843380,0 days 00:00:04.385404,0.7460881243285006,4,0.9395336134864313,0.025012872992773997,2.311374807956391,0.07648130766546166,9,20,118,True,True,False,True,True,True,True,True,False,True,False,True,False,False,False,False,False,True,True,True,True,False,False,True,True,False,False,True,True,True,True,False,True,True,True,True,False,True,False,True,False,False,False,True,False,False,True,True,False,True,False,True,False,False,True,COMPLETE
396,0.09479174445152072,2025-04-26 01:37:20.859847,2025-04-26 01:37:25.305144,0 days 00:00:04.445297,0.7358184888768075,4,0.939267730104722,0.00908736110848512,1.2392571561768466,0.07064319462776301,9,20,119,True,True,False,True,True,True,True,True,False,True,False,True,False,False,False,False,False,True,True,True,True,False,False,True,True,False,False,True,True,True,True,False,True,True,True,True,False,True,False,True,False,False,False,True,False,False,True,True,False,True,False,True,False,False,True,COMPLETE
397,0.09931716513064341,2025-04-26 01:37:25.320910,2025-04-26 01:37:30.161061,0 days 00:00:04.840151,0.8280191382383966,4,0.9471034396118271,0.02427186851892711,2.0739699405255916,0.07516618155693486,9,19,122,True,True,False,True,True,True,True,True,False,True,False,True,False,False,False,True,False,True,True,True,True,False,False,True,True,False,False,True,True,True,True,False,True,True,True,True,False,True,False,True,False,False,False,True,False,True,True,True,False,True,False,True,False,False,True,COMPLETE
398,0.10378866654117656,2025-04-26 01:37:30.176838,2025-04-26 01:37:35.038380,0 days 00:00:04.861542,0.7449923580962291,4,0.9344134315524731,0.0204205371877098,1.7304899330480357,0.06577141328176436,9,20,117,True,True,False,True,True,True,True,True,False,True,False,True,False,False,False,False,False,True,True,True,True,False,False,True,True,False,True,True,True,True,True,False,True,True,True,True,False,True,True,True,False,False,False,True,False,False,True,True,False,True,False,True,False,False,True,COMPLETE
399,0.09409911143320798,2025-04-26 01:37:35.054654,2025-04-26 01:37:39.452241,0 days 00:00:04.397587,0.7487007622684266,4,0.9411719821133606,0.011775701272820703,2.400076175851907,0.07723787996134897,9,18,119,True,True,False,True,True,True,True,True,False,True,False,True,False,False,False,False,False,True,True,True,True,False,False,True,True,False,False,True,True,True,True,False,True,True,True,True,False,True,False,True,False,False,False,True,False,False,True,True,False,True,False,True,False,False,True,COMPLETE
400,0.10814831302700766,2025-04-26 01:37:39.467919,2025-04-26 01:37:44.181817,0 days 00:00:04.713898,0.7522199518247678,4,0.9513815264782394,0.03483864820876228,2.6937647226089054,0.07180673351729903,9,20,115,True,True,False,True,True,True,True,True,False,True,False,True,False,False,False,False,False,True,True,True,True,False,False,True,True,False,False,True,True,True,True,False,True,True,True,True,True,True,False,True,False,False,False,True,False,False,True,True,False,True,False,True,False,False,True,COMPLETE
401,0.094098305906877,2025-04-26 01:37:44.197213,2025-04-26 01:37:48.524091,0 days 00:00:04.326878,0.743531522550654,4,0.9453804908403952,0.049765883643215506,2.1157893212221928,0.07900215248460514,9,21,113,True,True,False,True,True,True,True,True,False,True,True,True,False,False,False,False,False,False,True,True,True,False,False,True,True,False,False,True,True,True,True,False,True,True,True,True,False,True,False,True,False,False,False,True,False,False,True,True,False,True,False,True,False,False,True,COMPLETE
402,0.16786744783462756,2025-04-26 01:37:48.539832,2025-04-26 01:37:51.543592,0 days 00:00:03.003760,0.7566177253999461,4,0.932708512048583,0.02632170190551358,3.231682214452132,0.07370148185905376,5,19,120,True,True,True,True,True,True,True,True,False,True,False,True,False,False,False,False,False,True,True,True,True,False,False,True,True,False,False,True,True,True,True,False,True,True,True,True,False,False,False,True,False,False,False,True,False,False,True,True,False,True,False,True,False,False,True,COMPLETE
403,0.09484145195990884,2025-04-26 01:37:51.559776,2025-04-26 01:37:55.838288,0 days 00:00:04.278512,0.7568332536908455,4,0.9389096242309808,0.013723444002832088,0.01736826527097819,0.0831676915864419,9,22,117,True,True,False,True,True,True,True,True,False,True,False,True,False,False,False,False,False,True,True,True,True,False,False,True,True,False,False,True,True,True,True,False,True,True,True,True,False,True,False,True,False,False,False,True,False,False,True,True,False,True,False,True,False,False,True,COMPLETE
404,0.09195951785042512,2025-04-26 01:37:55.854420,2025-04-26 01:38:00.407796,0 days 00:00:04.553376,0.7476167374105175,4,0.9571167382402697,0.009709757886869449,2.280690682565502,0.0672753405905781,9,20,125,True,True,False,True,True,True,True,True,False,True,False,True,False,False,False,False,False,True,True,True,True,False,False,True,True,False,False,True,True,True,True,False,True,True,True,True,False,True,False,True,False,False,False,True,False,False,True,True,False,True,False,True,False,False,True,COMPLETE
405,0.0978841956628201,2025-04-26 01:38:00.423023,2025-04-26 01:38:05.291810,0 days 00:00:04.868787,0.8559735963154115,4,0.957546048509894,0.005665986169468799,1.589933126553163,0.054220934805694614,9,21,124,True,True,False,True,True,True,True,True,False,True,False,True,False,False,False,False,False,True,True,True,True,False,False,True,True,False,False,True,True,True,True,False,True,True,True,True,False,True,False,True,False,False,False,True,False,False,True,True,False,True,False,True,False,False,True,COMPLETE
406,0.5978143930968992,2025-04-26 01:38:05.307264,2025-04-26 01:38:09.516981,0 days 00:00:04.209717,0.7399087755895987,4,0.9560088388007455,0.009655475474982078,0.11406030867705357,0.06140259218643845,9,17,124,True,True,False,True,True,True,True,True,True,True,False,True,False,False,False,False,False,True,True,True,False,False,False,True,True,False,False,True,True,True,True,False,False,True,True,True,False,True,False,True,False,False,False,True,False,False,True,True,False,True,False,True,False,False,True,COMPLETE
407,0.10228216144049095,2025-04-26 01:38:09.532313,2025-04-26 01:38:14.228807,0 days 00:00:04.696494,0.7709780337607419,4,0.9436599174056424,0.01246270745533896,1.9000054730029685,0.06441924045490534,9,20,127,True,True,False,True,True,True,True,False,False,True,False,True,False,False,False,False,False,True,True,True,True,False,False,True,True,False,False,True,True,True,True,False,True,True,True,True,False,True,False,True,False,False,False,True,False,False,True,True,False,True,False,True,False,False,True,COMPLETE
408,0.12713693269253915,2025-04-26 01:38:14.244145,2025-04-26 01:38:19.150356,0 days 00:00:04.906211,0.744195329353121,4,0.9223981725634444,0.010184782148043478,2.210495109358299,0.06724369717188738,9,19,126,True,True,False,True,True,True,True,True,False,True,False,True,False,False,False,False,False,True,True,True,True,False,False,True,True,False,False,True,True,True,True,False,True,True,True,True,False,True,False,True,True,True,False,True,False,True,True,True,False,True,False,True,False,False,True,COMPLETE
409,0.10589117111188097,2025-04-26 01:38:19.166038,2025-04-26 01:38:24.038044,0 days 00:00:04.872006,0.8679891449128782,4,0.951084004467925,0.009301085915772073,2.5665021331091484,0.06870506965383599,9,21,122,True,True,False,True,True,True,True,True,False,True,False,True,False,True,False,False,True,True,True,True,True,False,False,True,True,False,False,True,True,True,True,False,True,True,True,True,False,True,False,True,False,False,False,True,False,False,True,True,False,True,False,True,False,False,True,COMPLETE
410,0.11078699399068653,2025-04-26 01:38:24.053978,2025-04-26 01:38:28.747219,0 days 00:00:04.693241,0.7638954293368443,4,0.9370732596616879,0.0169345017815953,1.372221184035988,0.05846984379292069,9,22,109,True,True,False,True,True,True,True,True,False,True,False,True,False,False,False,False,False,True,True,True,True,False,False,False,True,False,False,True,False,True,True,False,True,True,True,True,False,True,False,True,False,False,True,True,False,False,True,True,True,True,False,True,True,False,False,COMPLETE
411,0.09442887618377298,2025-04-26 01:38:28.762918,2025-04-26 01:38:33.056625,0 days 00:00:04.293707,0.7761343137923705,4,0.9282251720162421,0.014969054845132982,0.004541091795792567,0.08237670013297876,9,18,111,True,True,False,True,True,True,True,True,False,True,False,True,False,False,False,False,False,True,True,True,True,False,False,True,True,False,False,True,True,True,True,False,True,True,True,True,False,True,False,True,False,False,False,True,False,False,True,True,False,True,False,True,False,False,True,COMPLETE
412,0.39910499257502047,2025-04-26 01:38:33.072063,2025-04-26 01:38:37.794524,0 days 00:00:04.722461,0.7542104707037501,4,0.9450190903171093,0.0075002806434110985,2.8153937303840584,0.02360014953335659,9,21,114,True,True,False,True,True,True,True,True,False,True,False,True,False,False,False,False,False,True,False,True,True,False,False,True,True,False,False,True,True,True,True,False,True,True,True,True,False,True,False,True,False,False,False,True,False,False,True,True,False,True,False,True,False,False,True,COMPLETE
413,0.09527895015620809,2025-04-26 01:38:37.810162,2025-04-26 01:38:42.125673,0 days 00:00:04.315511,0.7345192038383124,4,0.9579498409812555,0.0077979061308760455,2.439501280914437,0.07836003544596964,9,22,116,True,True,False,True,True,True,True,True,False,True,False,True,False,False,False,False,False,True,True,True,True,False,False,True,True,False,False,True,True,True,True,False,True,True,True,True,False,True,False,True,False,False,False,True,False,False,True,True,False,True,False,True,False,False,True,COMPLETE
414,0.12530924191509904,2025-04-26 01:38:42.141789,2025-04-26 01:38:46.642804,0 days 00:00:04.501015,0.7603047155449372,4,0.932975572030046,0.0011263211124482593,2.0805580406810757,0.07067672208768254,9,19,112,True,True,False,True,True,True,True,True,False,True,False,True,False,False,False,False,False,True,True,True,True,False,False,True,True,False,False,True,True,False,True,False,True,True,True,True,False,True,False,True,False,False,False,True,False,False,True,True,False,True,False,True,False,False,True,COMPLETE
415,0.8075718594859644,2025-04-26 01:38:46.658696,2025-04-26 01:38:51.472670,0 days 00:00:04.813974,0.7815964558347197,4,0.9397907336953096,0.02135833947114835,3.1594263532530453,0.010770308113982828,9,20,121,True,True,False,True,True,True,True,True,False,True,False,True,False,False,False,False,False,True,True,True,True,False,False,True,True,False,False,True,True,True,True,False,True,True,True,True,False,True,False,True,False,False,False,True,False,False,True,True,False,True,False,True,False,False,True,COMPLETE
416,0.11548279692984376,2025-04-26 01:38:51.488217,2025-04-26 01:38:57.187281,0 days 00:00:05.699064,0.770527305652124,4,0.9513778472542367,0.040200021867221096,3.7792307342981943,0.05056398314622848,10,23,115,True,True,False,True,True,True,True,True,False,True,False,True,False,False,False,True,False,True,True,True,True,False,False,True,True,False,False,True,True,True,True,False,True,True,True,True,False,True,False,True,False,False,False,True,False,False,True,True,False,True,False,True,False,False,True,COMPLETE
