number,value,datetime_start,datetime_complete,duration,params_bagging_fraction,params_bagging_freq,params_feature_fraction,params_lambda_l1,params_lambda_l2,params_learning_rate,params_max_depth,params_min_child_samples,params_num_leaves,params_use_base_price,params_use_category_Beverages,params_use_category_Extras,params_use_category_Pasta,params_use_category_Pizza,params_use_category_Rice Bowl,params_use_category_Salad,params_use_category_Sandwich,params_use_center_id,params_use_center_id_orders_mean,params_use_center_id_orders_median,params_use_center_id_orders_std,params_use_center_type_TYPE_A,params_use_center_type_TYPE_B,params_use_center_type_TYPE_C,params_use_checkout_price,params_use_cuisine_Continental,params_use_cuisine_Indian,params_use_cuisine_Italian,params_use_cuisine_Thai,params_use_demand_pct_change_1,params_use_emailer_for_promotion,params_use_emailer_for_promotion_rolling_sum_3,params_use_homepage_featured,params_use_homepage_featured_rolling_sum_3,params_use_is_holiday_week,params_use_lag1_x_emailer,params_use_lag1_x_home,params_use_meal_id,params_use_meal_id_orders_mean,params_use_meal_id_orders_median,params_use_meal_id_orders_std,params_use_num_orders_lag_1,params_use_num_orders_lag_10,params_use_num_orders_lag_2,params_use_num_orders_lag_3,params_use_num_orders_lag_5,params_use_price_diff,params_use_price_diff_x_emailer,params_use_price_diff_x_home,params_use_rolling_mean_10,params_use_rolling_mean_3,params_use_rolling_mean_5,params_use_rolling_std_10,params_use_rolling_std_3,params_use_rolling_std_5,params_use_rolling_volatility_10,params_use_rolling_volatility_5,params_use_seasonal_regime,params_use_weekofyear,params_use_weekofyear_cos,params_use_weekofyear_sin,params_use_weeks_since_emailer_for_promotion,params_use_weeks_since_homepage_featured,params_use_weeks_to_next_holiday,state
262,0.09429969140841281,2025-04-26 01:27:33.969604,2025-04-26 01:27:37.724761,0 days 00:00:03.755157,0.7586577020175697,5,0.9631661585552893,0.017652457547849387,4.020735722850723,0.09745848781011679,8,25,113,False,False,False,True,True,True,True,True,False,True,False,True,False,False,True,False,False,True,True,True,True,False,True,True,False,True,False,False,True,True,True,False,True,True,True,False,False,True,False,False,False,False,False,True,False,False,False,True,False,False,False,True,False,False,True,COMPLETE
263,0.5687945874993424,2025-04-26 01:27:37.740354,2025-04-26 01:27:41.372538,0 days 00:00:03.632184,0.764095051923536,5,0.7013174191617235,0.019415249015970148,0.0011402092702124614,0.09736689157965042,8,25,116,False,False,False,True,False,True,True,True,False,True,False,True,False,False,True,False,False,True,True,True,False,False,True,True,False,True,False,False,True,True,True,False,True,True,True,False,False,True,False,False,False,False,False,True,False,False,False,True,False,False,False,True,False,False,True,COMPLETE
264,0.09294847856138501,2025-04-26 01:27:41.388252,2025-04-26 01:27:45.163034,0 days 00:00:03.774782,0.7611824981571109,5,0.9713465476869063,0.02357155121067652,4.509022952988468,0.09387573358980501,8,24,115,False,False,False,True,False,True,True,True,False,True,False,True,False,False,True,False,False,True,True,True,True,False,True,True,False,True,False,False,True,True,True,False,True,True,True,False,False,True,False,False,False,False,False,True,False,False,False,True,False,False,False,True,False,False,True,COMPLETE
265,0.4793783705319294,2025-04-26 01:27:45.178735,2025-04-26 01:27:48.980022,0 days 00:00:03.801287,0.761818407068785,5,0.967994436251996,0.024253468241525616,4.409809153772163,0.094715153546057,8,23,116,False,False,False,True,False,True,True,False,False,True,False,True,False,False,True,False,False,True,True,True,True,False,True,True,False,True,False,False,True,True,True,False,False,True,True,False,False,True,False,False,False,False,False,True,False,False,False,True,False,False,False,True,False,False,True,COMPLETE
266,0.10082497406426512,2025-04-26 01:27:48.995326,2025-04-26 01:27:52.852621,0 days 00:00:03.857295,0.7673346645435506,5,0.9704081945330677,0.020150108529456926,5.921097117424727,0.10058314732546933,8,24,114,False,False,False,True,False,True,True,True,True,True,False,True,False,False,True,False,False,True,True,True,True,False,True,True,False,True,False,False,True,True,True,False,True,True,True,False,False,True,False,False,False,False,False,True,False,False,False,True,False,False,False,True,False,False,True,COMPLETE
267,0.10346854824823969,2025-04-26 01:27:52.868419,2025-04-26 01:27:56.612679,0 days 00:00:03.744260,0.7580991213617948,5,0.9582611605905889,0.025878961887922464,3.5740262699243126,0.09272622260891802,8,22,111,False,False,False,True,False,True,True,True,False,True,False,True,False,False,True,False,False,True,True,True,True,False,True,False,False,True,False,False,False,True,True,False,True,True,True,False,False,True,False,False,False,False,False,True,False,False,False,True,False,False,False,True,False,False,True,COMPLETE
268,0.10583235708334908,2025-04-26 01:27:56.628457,2025-04-26 01:28:00.130612,0 days 00:00:03.502155,0.7676518387282643,5,0.9740630197292364,0.03211457727443976,4.519256742648527,0.08236802089233848,7,25,115,False,False,False,True,False,True,True,True,False,True,False,True,False,False,True,False,False,True,True,True,True,False,True,True,False,True,False,False,True,True,True,False,True,True,True,False,False,True,False,False,False,False,False,True,False,False,False,True,False,False,False,True,False,False,False,COMPLETE
269,0.10145118909098338,2025-04-26 01:28:00.146079,2025-04-26 01:28:04.092701,0 days 00:00:03.946622,0.7632066508944301,5,0.965002588594635,0.01679041015021365,5.293805425029733,0.10141221309477544,8,23,112,False,False,False,True,False,True,True,True,False,True,False,True,False,False,True,False,False,True,True,True,True,False,True,True,False,True,False,False,True,True,True,False,True,True,True,False,False,True,False,False,False,False,False,True,False,False,True,True,True,False,False,True,False,False,True,COMPLETE
270,0.16099215419535123,2025-04-26 01:28:04.108250,2025-04-26 01:28:06.943711,0 days 00:00:02.835461,0.7690843061304669,5,0.9530435988805694,0.022870409844131592,6.3198972863612495,0.09252219827881615,8,24,20,False,False,False,True,False,True,True,True,False,True,False,True,False,False,True,False,False,True,True,True,True,False,True,True,True,True,False,False,True,True,True,False,True,True,True,False,False,True,False,False,False,False,False,True,False,False,False,True,False,False,False,True,False,False,True,COMPLETE
271,0.10938955161490997,2025-04-26 01:28:06.959941,2025-04-26 01:28:10.820223,0 days 00:00:03.860282,0.7584749162763106,5,0.9726924522470135,0.02899724924675396,4.2916104001762045,0.08706081920734972,8,25,109,False,False,False,True,False,True,True,True,False,True,False,True,False,False,True,False,False,True,True,True,True,False,True,True,False,True,False,False,True,False,True,False,True,True,True,False,False,True,False,False,False,False,False,True,False,False,False,True,False,True,False,True,False,False,True,COMPLETE
272,0.0995770935158131,2025-04-26 01:28:10.836175,2025-04-26 01:28:14.688667,0 days 00:00:03.852492,0.7731811970469659,5,0.9622631929866264,0.019148518955012687,6.815532300492916,0.09836883891440931,8,23,114,False,False,False,True,False,True,True,True,False,True,False,True,False,False,False,False,False,True,True,True,True,False,False,True,False,True,False,False,True,True,True,False,True,True,True,False,False,True,False,False,False,False,False,True,False,True,False,True,False,False,False,True,False,False,True,COMPLETE
273,0.09296003894460621,2025-04-26 01:28:14.704042,2025-04-26 01:28:18.449799,0 days 00:00:03.745757,0.752337604436059,4,0.9467897583092709,0.033220038298027055,5.294991249553756,0.0940836258428618,8,26,108,False,False,False,True,False,True,True,True,False,True,False,True,False,False,True,False,False,True,True,True,True,False,True,True,False,True,False,False,True,True,True,False,True,True,True,False,False,True,False,False,False,False,False,True,False,False,False,True,False,False,False,True,False,False,True,COMPLETE
274,0.09159171225310074,2025-04-26 01:28:18.465323,2025-04-26 01:28:22.616701,0 days 00:00:04.151378,0.7511389557952032,4,0.9499795467674003,0.03776961340959689,3.303902020006063,0.07887104604303422,9,26,109,False,False,False,True,False,True,True,True,False,True,False,True,False,False,True,False,False,True,True,True,True,False,True,True,False,True,False,False,True,True,True,False,True,True,True,False,False,True,False,False,False,False,False,True,False,False,False,True,False,False,False,True,False,False,True,COMPLETE
275,0.12669160551082548,2025-04-26 01:28:22.632218,2025-04-26 01:28:25.957216,0 days 00:00:03.324998,0.7517766720784282,4,0.9538853568816691,0.03553770414281639,3.175905131898717,0.07643198093813633,6,28,108,True,False,False,True,False,True,True,True,False,True,False,True,False,False,True,False,False,True,True,True,True,False,True,True,False,True,False,False,True,True,True,False,True,True,True,False,False,True,False,False,False,False,False,True,False,False,False,True,False,False,False,True,False,False,True,COMPLETE
276,0.10553032018929241,2025-04-26 01:28:25.972793,2025-04-26 01:28:30.388269,0 days 00:00:04.415476,0.7521409018266789,4,0.9364540973826752,0.04069422289251917,5.246054675879972,0.08348236665833969,9,26,110,False,True,False,True,False,True,True,True,False,True,False,True,False,False,True,False,False,True,True,True,True,False,True,True,False,True,False,True,True,True,True,False,True,True,True,False,True,True,True,True,False,False,False,True,False,False,False,True,False,False,False,True,False,False,True,COMPLETE
277,0.09868596223992086,2025-04-26 01:28:30.403580,2025-04-26 01:28:34.558098,0 days 00:00:04.154518,0.7569362888902302,4,0.9432325210933183,0.02988983639332457,0.0584236919147108,0.08820384071376382,9,27,106,False,False,False,True,True,True,True,True,False,True,False,True,False,False,True,False,False,True,True,True,True,False,True,True,False,False,False,False,True,True,True,False,True,True,True,True,False,True,False,False,False,False,False,True,False,False,False,True,False,False,False,True,False,False,True,COMPLETE
278,0.09914656295521064,2025-04-26 01:28:34.573675,2025-04-26 01:28:38.672408,0 days 00:00:04.098733,0.7797803724233526,5,0.9493551130234974,0.03262793071527049,5.258978156698614,0.09115703687391224,9,26,108,False,False,False,True,False,True,True,True,False,True,False,True,False,False,True,False,False,True,True,True,True,False,True,True,False,True,True,False,True,True,True,False,True,True,True,False,False,True,False,False,False,False,False,True,False,False,False,True,False,False,False,True,False,False,True,COMPLETE
279,0.09096399399693245,2025-04-26 01:28:38.688136,2025-04-26 01:28:42.770779,0 days 00:00:04.082643,0.7470945974882507,4,0.9418848474059615,0.025414520526711466,3.4172849559471836,0.0790420421892066,9,24,105,False,False,False,True,False,True,True,True,False,True,False,True,False,False,True,False,False,True,True,True,True,False,True,True,False,True,False,False,True,True,True,False,True,True,True,False,False,True,False,False,False,False,False,True,False,False,False,True,False,False,False,True,False,False,True,COMPLETE
280,0.0941766187896179,2025-04-26 01:28:42.786255,2025-04-26 01:28:46.894981,0 days 00:00:04.108726,0.7506883548058128,4,0.9507840853283923,0.025289269728723196,3.6971963224849747,0.07636804524157109,9,24,105,False,False,False,True,False,True,True,True,False,True,False,True,False,False,True,False,False,True,True,True,True,False,True,True,False,True,False,False,True,True,True,False,True,True,True,False,False,True,False,False,False,False,False,True,False,False,False,True,False,False,False,True,False,False,True,COMPLETE
281,0.09106979254281354,2025-04-26 01:28:46.910774,2025-04-26 01:28:51.062057,0 days 00:00:04.151283,0.7652245582124851,4,0.9419955296191481,0.0425668825151482,2.946047180313198,0.07937818579976484,9,24,111,False,False,False,True,False,True,True,True,False,True,False,True,False,False,True,False,False,True,True,True,True,False,True,True,False,True,False,False,True,True,True,False,True,True,True,False,False,True,False,False,False,False,False,True,False,False,False,True,False,False,False,True,False,False,True,COMPLETE
282,0.1020246737402823,2025-04-26 01:28:51.077827,2025-04-26 01:28:55.760349,0 days 00:00:04.682522,0.7481965877555048,4,0.9337839597921173,0.041562993660700286,2.731118276034446,0.07384989888155996,9,27,104,False,False,False,True,False,True,True,True,False,True,False,True,False,False,True,False,False,True,True,True,True,False,True,True,False,True,False,False,True,True,True,False,True,True,True,False,False,True,False,False,False,False,False,True,False,False,False,True,False,False,False,True,False,False,True,COMPLETE
283,0.11218348295784024,2025-04-26 01:28:55.775733,2025-04-26 01:29:00.684448,0 days 00:00:04.908715,0.7442200144529223,4,0.9290753021919386,0.034248992996717395,3.642455485281526,0.08634739980164323,9,26,118,False,False,False,True,False,True,True,True,True,True,False,True,False,False,True,False,False,True,True,True,True,False,True,True,False,True,False,False,True,True,True,False,True,True,True,False,False,True,False,False,False,False,False,True,False,False,False,True,False,False,False,True,False,False,True,COMPLETE
284,0.09077869818072341,2025-04-26 01:29:00.700275,2025-04-26 01:29:04.809747,0 days 00:00:04.109472,0.7643379362944578,4,0.9407150704013683,0.028727944689969268,3.1858540958276937,0.08097081443391167,9,23,107,False,False,False,True,False,True,True,True,False,True,False,True,False,False,True,False,False,True,True,True,True,False,True,True,False,True,False,False,True,True,True,False,True,True,True,False,False,True,False,False,False,False,False,True,False,False,False,True,False,False,False,True,False,False,True,COMPLETE
285,0.6155503464704313,2025-04-26 01:29:04.825514,2025-04-26 01:29:08.634421,0 days 00:00:03.808907,0.8858428434258395,4,0.9448142358207983,0.02823904894401722,2.9221552607165684,0.07733071512858407,9,23,102,False,False,False,True,False,True,True,True,False,True,False,True,False,False,True,False,False,True,True,True,False,False,True,True,False,True,False,False,True,True,True,False,False,True,True,False,False,True,False,False,False,False,False,True,False,False,False,True,False,False,False,True,False,False,True,COMPLETE
286,0.24444392777744306,2025-04-26 01:29:08.649910,2025-04-26 01:29:11.271485,0 days 00:00:02.621575,0.7610296029693311,4,0.9390184499713058,0.05426768984734953,2.9617736405863906,0.0795311696692482,4,23,39,False,False,False,True,False,True,True,False,False,True,False,True,False,False,True,False,False,True,True,True,True,False,True,True,False,True,False,False,True,True,True,False,True,True,True,False,False,True,False,False,False,False,False,True,False,False,False,True,False,False,False,True,False,False,True,COMPLETE
287,0.100536101836455,2025-04-26 01:29:11.286601,2025-04-26 01:29:15.539734,0 days 00:00:04.253133,0.7559277978349158,4,0.9399488645793216,0.04290548693486412,3.5468667786314585,0.08082738120667231,9,24,106,False,False,False,True,False,True,True,True,False,True,False,True,False,False,True,False,False,True,True,True,True,False,True,False,False,True,False,False,True,True,True,False,True,True,True,False,False,True,False,False,False,False,False,True,False,False,False,True,True,False,False,True,False,False,True,COMPLETE
288,0.09034318951291394,2025-04-26 01:29:15.555570,2025-04-26 01:29:19.686697,0 days 00:00:04.131127,0.7663124054908689,4,0.9440978268736941,0.021881628623946464,4.036406416482104,0.0824019608502464,9,22,111,False,False,False,True,False,True,True,True,False,True,False,True,False,False,True,False,False,True,True,True,True,False,True,True,False,True,False,False,True,True,True,False,True,True,True,False,False,True,False,False,False,False,False,True,False,False,False,True,False,False,False,True,False,False,True,COMPLETE
289,0.11390828842044237,2025-04-26 01:29:19.701983,2025-04-26 01:29:24.001483,0 days 00:00:04.299500,0.7659298428746335,4,0.9332773355285203,0.023185248521841707,3.263335814652737,0.07397246573551425,9,21,111,False,False,False,True,False,True,True,True,False,True,False,True,False,False,True,False,False,True,True,True,True,False,True,True,False,True,False,False,False,True,True,False,True,True,True,False,False,True,False,False,False,False,False,True,False,False,False,True,False,False,False,True,False,False,False,COMPLETE
290,0.09024080318653939,2025-04-26 01:29:24.017198,2025-04-26 01:29:28.158229,0 days 00:00:04.141031,0.7643715501602002,4,0.9444783414819469,0.027108672680073394,3.8525118004037058,0.08019865469721658,9,22,108,False,False,False,True,False,True,True,True,False,True,False,True,False,False,True,False,False,True,True,True,True,False,True,True,False,True,False,False,True,True,True,False,True,True,True,False,False,True,False,False,False,False,False,True,False,False,False,True,False,False,False,True,False,False,True,COMPLETE
291,0.09129239897068542,2025-04-26 01:29:28.174129,2025-04-26 01:29:32.405353,0 days 00:00:04.231224,0.756147852396899,4,0.9492746837698552,0.02647365555066955,2.58161640721364,0.0790126331275139,9,22,111,False,False,False,True,False,True,True,True,False,True,False,True,False,False,False,False,False,True,True,True,True,False,True,True,True,True,False,False,True,True,True,False,True,True,True,False,False,True,False,False,False,False,False,True,False,False,True,True,False,False,False,True,False,False,True,COMPLETE
292,0.1333440963421191,2025-04-26 01:29:32.421151,2025-04-26 01:29:36.850341,0 days 00:00:04.429190,0.7553070554535584,4,0.9450966364528742,0.021530641053392658,2.702022553485302,0.0712745364524218,9,21,112,False,False,False,True,False,True,True,True,False,True,False,True,False,False,False,False,False,True,True,True,True,False,False,True,True,True,False,False,True,False,True,False,True,True,True,False,False,True,False,False,False,False,False,True,False,True,True,True,False,True,False,True,False,False,True,COMPLETE
293,0.10024440252698301,2025-04-26 01:29:36.866416,2025-04-26 01:29:41.172640,0 days 00:00:04.306224,0.752113877410619,4,0.9382265281605828,0.024927220299493125,2.496141330786104,0.07993772099733504,9,22,109,False,False,False,True,False,True,True,True,False,True,False,True,False,False,False,False,False,True,True,True,True,False,True,True,True,True,False,False,True,True,True,False,True,True,True,False,False,True,False,False,False,False,False,True,False,False,True,True,False,False,False,True,False,False,True,COMPLETE
294,0.0891103937129439,2025-04-26 01:29:41.188098,2025-04-26 01:29:45.448317,0 days 00:00:04.260219,0.7678672835951906,4,0.9438933675759263,0.028294196650457883,3.355067115710806,0.08126722999187581,9,22,115,False,False,False,True,False,True,True,True,False,True,False,True,False,False,False,False,False,True,True,True,True,False,True,True,True,True,False,False,True,True,True,False,True,True,True,False,False,True,False,False,False,False,False,True,False,False,True,True,False,False,False,True,False,False,True,COMPLETE
295,0.09026794020323603,2025-04-26 01:29:45.464643,2025-04-26 01:29:49.764784,0 days 00:00:04.300141,0.769486196704632,4,0.9462602837808973,0.028269487834929167,3.260930567287683,0.07764952225930023,9,21,115,False,False,False,True,False,True,True,True,False,True,False,True,False,False,False,False,False,True,True,True,True,False,True,True,True,True,False,False,True,True,True,False,True,True,True,False,False,True,False,False,False,False,False,True,False,False,True,True,False,False,False,True,False,False,True,COMPLETE
296,0.0924997704037374,2025-04-26 01:29:49.781015,2025-04-26 01:29:54.132847,0 days 00:00:04.351832,0.7679945310079901,4,0.9437307790644586,0.029745497929007998,3.3551018050517056,0.07371861066450627,9,20,114,False,False,False,True,False,True,True,True,False,True,False,True,False,False,False,False,False,True,True,True,True,False,True,True,True,True,False,False,True,True,True,False,True,True,True,False,False,True,False,False,False,False,False,True,False,False,True,True,False,False,False,True,False,False,True,COMPLETE
297,0.09288971315488175,2025-04-26 01:29:54.148732,2025-04-26 01:29:58.588260,0 days 00:00:04.439528,0.7700398648286392,4,0.9445663394176325,0.027929531143520682,2.3949147505167163,0.0758099199907657,9,20,115,True,True,False,True,True,True,True,True,False,True,False,True,False,False,False,False,False,True,True,True,True,False,True,True,True,False,False,True,True,True,True,False,True,True,True,True,False,True,False,True,False,False,False,True,False,False,True,True,False,False,False,True,False,False,True,COMPLETE
298,0.09810636264533358,2025-04-26 01:29:58.603711,2025-04-26 01:30:03.412774,0 days 00:00:04.809063,0.7698911607680622,4,0.9444146672144215,0.021654258527286273,2.2945988708987457,0.07842610447496201,9,20,118,True,True,False,True,True,True,True,True,False,True,False,True,False,False,False,False,False,True,True,True,True,False,True,True,True,False,False,True,True,True,True,False,True,True,True,True,True,True,True,True,False,False,False,True,False,False,True,True,False,False,False,True,False,False,True,COMPLETE
299,0.095348478656258,2025-04-26 01:30:03.428205,2025-04-26 01:30:07.903341,0 days 00:00:04.475136,0.7769446069734603,4,0.9304348420027264,0.026950271831002244,3.0931030922652436,0.07168382869192685,9,20,115,True,True,False,True,True,True,True,True,False,True,False,True,False,False,False,False,False,True,True,True,True,False,True,True,True,False,True,True,True,True,True,False,True,True,True,True,False,True,False,False,False,False,False,True,False,False,True,True,False,False,False,True,False,False,True,COMPLETE
