number,value,datetime_start,datetime_complete,duration,params_bagging_fraction,params_bagging_freq,params_feature_fraction,params_lambda_l1,params_lambda_l2,params_learning_rate,params_max_depth,params_min_child_samples,params_num_leaves,params_use_base_price,params_use_category_Beverages,params_use_category_Extras,params_use_category_Pasta,params_use_category_Pizza,params_use_category_Rice Bowl,params_use_category_Salad,params_use_category_Sandwich,params_use_center_id,params_use_center_id_orders_mean,params_use_center_id_orders_median,params_use_center_id_orders_std,params_use_center_type_TYPE_A,params_use_center_type_TYPE_B,params_use_center_type_TYPE_C,params_use_checkout_price,params_use_cuisine_Continental,params_use_cuisine_Indian,params_use_cuisine_Italian,params_use_cuisine_Thai,params_use_demand_pct_change_1,params_use_emailer_for_promotion,params_use_emailer_for_promotion_rolling_sum_3,params_use_homepage_featured,params_use_homepage_featured_rolling_sum_3,params_use_is_holiday_week,params_use_lag1_x_emailer,params_use_lag1_x_home,params_use_meal_id,params_use_meal_id_orders_mean,params_use_meal_id_orders_median,params_use_meal_id_orders_std,params_use_num_orders_lag_1,params_use_num_orders_lag_10,params_use_num_orders_lag_2,params_use_num_orders_lag_3,params_use_num_orders_lag_5,params_use_price_diff,params_use_price_diff_x_emailer,params_use_price_diff_x_home,params_use_rolling_mean_10,params_use_rolling_mean_3,params_use_rolling_mean_5,params_use_rolling_std_10,params_use_rolling_std_3,params_use_rolling_std_5,params_use_rolling_volatility_10,params_use_rolling_volatility_5,params_use_seasonal_regime,params_use_weekofyear,params_use_weekofyear_cos,params_use_weekofyear_sin,params_use_weeks_since_emailer_for_promotion,params_use_weeks_since_homepage_featured,params_use_weeks_to_next_holiday,state
72,0.10598926015870032,2025-04-26 01:16:16.801006,2025-04-26 01:16:21.063396,0 days 00:00:04.262390,0.8013741152505155,3,0.9090565888453743,0.0032617610765158277,0.35076387781228036,0.12105390477544069,10,31,116,False,False,True,False,False,False,False,True,False,False,True,False,True,True,True,True,True,False,False,False,True,True,True,True,False,True,False,False,True,True,False,True,True,False,False,False,False,False,False,False,True,True,True,False,True,False,False,False,False,False,True,False,True,True,True,COMPLETE
73,0.1064055500991014,2025-04-26 01:16:21.079878,2025-04-26 01:16:25.283146,0 days 00:00:04.203268,0.8512589370985569,3,0.9376814959528595,4.829264966066668,0.8611723392569322,0.15178852710005253,10,34,123,False,False,True,False,False,False,False,True,False,False,True,False,True,True,True,True,True,False,False,False,True,True,True,True,False,True,False,False,True,True,False,True,True,False,False,False,False,False,False,False,True,True,True,False,True,False,False,False,False,False,True,False,True,True,True,COMPLETE
74,0.1176738641224705,2025-04-26 01:16:25.298638,2025-04-26 01:16:29.884434,0 days 00:00:04.585796,0.8289172883479262,2,0.8893523997689126,8.097814651714623,0.28323250811165673,0.09170307328743192,10,29,119,False,False,True,False,False,False,False,True,False,False,True,False,True,True,True,True,True,False,False,False,True,True,True,True,False,True,False,False,True,True,False,True,True,False,False,False,False,False,False,False,True,True,True,False,True,False,False,False,False,False,True,False,True,True,True,COMPLETE
75,0.10996415306345109,2025-04-26 01:16:29.900364,2025-04-26 01:16:34.114019,0 days 00:00:04.213655,0.8710996930139008,3,0.9204007870412587,4.109754350782581,0.4461088518767622,0.10287516846071752,10,31,113,False,False,True,False,False,False,False,True,False,False,True,False,True,True,True,True,False,False,False,False,True,True,True,True,False,True,False,False,True,True,False,True,True,False,False,False,False,False,False,False,True,True,False,False,True,False,False,False,False,False,True,False,False,True,True,COMPLETE
76,0.13435855738290836,2025-04-26 01:16:34.129606,2025-04-26 01:16:38.573500,0 days 00:00:04.443894,0.8008128520276887,4,0.9436397970033544,1.7462647013162735,1.1050894143310848,0.0710008690134017,10,36,125,True,False,True,True,False,False,False,True,False,True,True,False,True,False,True,True,True,False,False,False,True,True,True,True,False,True,False,False,True,True,False,True,True,False,False,False,False,False,False,False,False,False,True,False,True,False,False,False,False,True,True,False,True,True,True,COMPLETE
77,0.10844180318737191,2025-04-26 01:16:38.589125,2025-04-26 01:16:42.955825,0 days 00:00:04.366700,0.756334160056961,3,0.873565530603511,6.114674858690379,0.16314507653332935,0.08181883155870999,9,7,117,False,True,True,False,True,False,False,True,False,False,True,False,True,False,True,True,False,False,False,False,True,True,True,True,False,False,True,True,True,True,False,True,True,False,False,True,True,False,True,True,False,False,False,False,True,False,False,False,False,False,True,False,False,True,True,COMPLETE
78,0.11682775091849688,2025-04-26 01:16:42.972386,2025-04-26 01:16:47.508187,0 days 00:00:04.535801,0.956953232414983,2,0.8423740887699677,9.738085397200303,0.6655602467431079,0.12697566092077658,10,34,110,False,False,True,False,False,False,False,True,False,False,True,True,True,True,True,True,False,False,False,False,True,True,True,True,False,True,False,False,True,True,False,True,True,False,False,False,False,False,False,False,True,True,False,False,True,False,False,True,False,False,True,False,False,True,True,COMPLETE
79,0.5972580921260616,2025-04-26 01:16:47.523886,2025-04-26 01:16:51.144006,0 days 00:00:03.620120,0.9803309522434687,3,0.8941496445865399,3.031308213390076,0.08616292049745947,0.09553480248205938,9,29,121,False,False,True,False,False,True,True,True,True,False,True,False,True,False,True,True,False,False,False,False,False,True,True,True,False,True,False,False,True,True,False,True,True,False,True,False,False,False,False,False,False,False,False,True,False,False,False,False,False,False,True,False,True,False,True,COMPLETE
80,0.5731353472321007,2025-04-26 01:16:51.159651,2025-04-26 01:16:53.880630,0 days 00:00:02.720979,0.9924094080814212,4,0.927141362350143,2.248566570415208,0.530558764784399,0.07399698629950001,5,27,116,False,False,True,False,False,False,False,True,False,False,True,False,True,False,True,True,True,False,False,True,True,False,True,True,False,True,False,False,True,True,False,True,False,False,False,False,False,False,False,False,False,False,True,False,True,False,False,False,False,False,True,False,False,True,True,COMPLETE
81,0.1066701575372823,2025-04-26 01:16:53.896352,2025-04-26 01:16:58.341280,0 days 00:00:04.444928,0.8170474281486351,3,0.915892094175192,7.854895188110098,0.3113419053408275,0.08901347703001204,10,30,121,False,False,True,False,False,False,False,True,False,False,True,False,True,True,True,True,True,False,False,False,True,True,True,True,False,True,False,False,True,True,False,True,True,False,False,False,False,False,False,False,True,True,True,False,True,False,False,False,False,False,True,False,True,True,True,COMPLETE
82,0.10597242572473053,2025-04-26 01:16:58.356926,2025-04-26 01:17:02.712887,0 days 00:00:04.355961,0.8289869029922149,3,0.9054192767170903,4.832548693083749,0.20798415615706034,0.10786220493661837,10,32,125,False,False,True,False,False,False,False,True,False,False,True,False,True,True,True,True,True,False,False,False,True,True,True,True,False,True,False,False,True,True,False,True,True,False,False,False,False,False,False,False,True,True,True,False,True,False,False,False,False,False,True,False,True,True,True,COMPLETE
83,0.14564515391894764,2025-04-26 01:17:02.728545,2025-04-26 01:17:06.064295,0 days 00:00:03.335750,0.8597896172207989,3,0.9205982748044079,6.599410260156193,0.3810341661753353,0.09888887058871525,6,35,128,False,False,True,False,False,False,False,True,False,False,True,False,True,True,True,True,True,False,False,False,True,True,True,True,False,True,False,False,True,True,False,True,True,False,False,False,False,False,False,False,True,True,True,False,True,False,False,False,False,False,True,False,True,True,True,COMPLETE
84,0.10149176494287193,2025-04-26 01:17:06.079716,2025-04-26 01:17:10.601318,0 days 00:00:04.521602,0.8220919557966465,3,0.9516033093607442,3.569071041593548,0.7666756103468464,0.07685474031381694,10,32,120,False,False,True,False,False,False,False,True,False,False,True,False,True,True,True,True,True,False,True,False,True,True,True,True,False,True,False,False,True,True,False,True,True,False,False,False,False,False,False,False,True,True,True,False,True,False,False,False,False,False,True,False,True,True,True,COMPLETE
85,0.09726746035440363,2025-04-26 01:17:10.616814,2025-04-26 01:17:15.020985,0 days 00:00:04.404171,0.7928556368626679,2,0.9491259603463914,3.489339306996772,0.7713292862543341,0.0776617760130274,10,33,118,False,False,True,False,False,False,False,True,False,False,True,False,True,True,True,False,True,False,True,False,True,True,True,True,False,True,False,False,True,True,False,True,True,False,False,False,False,False,False,False,True,True,True,False,True,False,False,False,False,False,True,False,True,True,True,COMPLETE
86,0.10000304594132851,2025-04-26 01:17:15.036876,2025-04-26 01:17:18.790670,0 days 00:00:03.753794,0.7748305953884627,2,0.9564810382550659,3.8527910967121577,1.4817866472652614,0.07867260770221303,9,33,82,False,False,False,False,False,False,False,True,False,False,False,False,True,False,True,False,False,True,True,False,True,True,True,True,False,True,False,False,True,True,False,True,True,False,False,False,False,True,False,False,False,False,False,False,True,False,False,False,False,False,True,False,False,True,True,COMPLETE
87,0.10795544869811713,2025-04-26 01:17:18.806183,2025-04-26 01:17:22.689965,0 days 00:00:03.883782,0.7647650876286729,2,0.9619993215131493,1.7130790865212897,1.5002070356611876,0.07884160674990352,9,37,77,False,False,False,False,False,False,False,True,False,True,False,False,True,False,True,False,False,True,True,False,True,True,True,True,False,True,False,False,True,True,True,True,True,False,False,False,False,True,False,False,False,False,False,False,True,False,False,False,False,True,True,False,False,True,True,COMPLETE
88,0.1100388144463922,2025-04-26 01:17:22.705409,2025-04-26 01:17:26.024094,0 days 00:00:03.318685,0.7288536267762658,1,0.9554918547144433,4.01270021821486,1.0895286392280232,0.06959455267148268,9,33,90,False,False,False,True,False,False,False,True,False,False,False,False,True,False,True,False,False,True,True,False,True,True,True,True,False,True,False,False,True,True,False,True,True,False,False,False,False,True,False,False,False,False,False,False,True,False,False,False,False,False,True,False,False,True,True,COMPLETE
89,0.11628269584663804,2025-04-26 01:17:26.039986,2025-04-26 01:17:30.428420,0 days 00:00:04.388434,0.7688923193955046,2,0.9711378454747797,0.9935767564120921,0.8162768220807266,0.06291989280783947,10,25,80,True,True,False,False,True,False,False,True,False,False,False,False,True,False,True,False,False,True,True,False,True,True,True,True,False,False,True,True,True,True,False,True,True,False,False,True,True,True,True,True,False,False,False,False,True,False,False,False,False,False,True,False,False,True,True,COMPLETE
90,0.10032693372448885,2025-04-26 01:17:30.444612,2025-04-26 01:17:33.494318,0 days 00:00:03.049706,0.7941862829013653,1,0.9444656122441627,3.2978039146103266,1.4371259769837474,0.0808768360762094,8,19,69,False,False,False,False,False,False,False,True,False,False,False,True,True,False,True,False,False,True,True,False,True,True,True,True,False,True,False,False,True,True,False,True,True,False,False,False,False,True,False,False,False,False,False,False,True,False,False,True,False,False,True,False,False,True,True,COMPLETE
91,0.10106867802306341,2025-04-26 01:17:33.509801,2025-04-26 01:17:36.499958,0 days 00:00:02.990157,0.7933616922859535,1,0.9484536837294065,3.5595936305349545,1.0225635864276843,0.076553041170499,8,15,62,False,False,False,False,False,False,False,True,False,False,False,True,True,False,True,False,False,True,True,False,True,True,True,True,False,True,False,False,True,True,False,True,True,False,False,False,False,True,False,False,False,False,False,False,True,False,False,True,False,False,True,False,False,True,True,COMPLETE
92,0.10690780040350012,2025-04-26 01:17:36.515386,2025-04-26 01:17:39.435613,0 days 00:00:02.920227,0.7981538579687267,1,0.9502596051195118,3.1732658359309966,1.451966603929675,0.07821090963694245,7,14,64,False,False,False,False,False,False,False,True,False,False,False,True,True,False,True,False,False,True,True,False,True,True,True,True,False,True,False,False,True,True,False,True,True,False,False,False,False,True,False,False,False,False,False,False,True,False,False,True,False,False,True,False,False,True,True,COMPLETE
93,0.10895196968489605,2025-04-26 01:17:39.451250,2025-04-26 01:17:42.388773,0 days 00:00:02.937523,0.7931433913466265,1,0.9429461271803676,2.67550502296881,2.20186730181031,0.06721864680930707,8,15,54,False,False,False,False,False,False,False,True,False,False,False,True,True,False,True,False,False,True,True,False,True,True,True,True,False,True,False,False,True,True,False,True,True,False,False,False,False,True,False,False,False,False,False,False,True,False,False,True,False,False,True,False,False,True,True,COMPLETE
94,0.10233520883240638,2025-04-26 01:17:42.404301,2025-04-26 01:17:45.417789,0 days 00:00:03.013488,0.7885789674103737,1,0.989415844212181,5.4410478769253645,0.9616438155203855,0.08131623699372424,8,18,71,False,False,False,False,False,False,False,True,False,False,False,True,True,False,True,False,False,True,True,False,True,True,True,True,False,True,False,False,True,True,False,True,True,False,False,False,False,True,False,False,False,False,False,False,True,False,False,True,False,False,True,False,False,True,True,COMPLETE
95,0.14523524255695305,2025-04-26 01:17:45.433551,2025-04-26 01:17:48.454236,0 days 00:00:03.020685,0.780839539234482,1,0.8627409225810906,1.5813305572594185,0.7304413401355981,0.05465142264455908,8,21,56,False,False,False,False,False,False,False,True,False,False,False,True,True,False,True,False,False,True,True,False,True,True,True,True,False,True,False,False,True,True,False,True,True,False,False,False,False,True,False,False,False,False,False,False,True,False,False,True,False,False,True,False,False,True,True,COMPLETE
96,0.10975150969099101,2025-04-26 01:17:48.470331,2025-04-26 01:17:51.551470,0 days 00:00:03.081139,0.8102737989655019,1,0.9507034630488239,2.073297620203849,1.8601979645502669,0.072677268088903,7,12,66,False,False,False,False,False,True,True,True,False,False,False,True,True,False,True,False,False,True,True,False,True,True,True,True,False,True,False,False,True,True,False,True,True,False,False,False,False,True,False,False,False,False,False,True,True,False,False,True,False,False,True,False,False,False,True,COMPLETE
97,0.6362930993665046,2025-04-26 01:17:51.566846,2025-04-26 01:17:54.765872,0 days 00:00:03.199026,0.775933765144753,2,0.9664961942183187,4.43150686647353,1.2539859564581106,0.06313314817881127,9,9,72,False,False,False,False,False,False,False,True,True,False,False,True,True,False,True,False,False,True,True,False,False,False,True,True,False,True,False,False,True,True,False,True,False,False,True,False,False,True,False,False,False,False,False,False,False,False,False,True,False,False,True,False,False,True,True,COMPLETE
98,0.12439512683396203,2025-04-26 01:17:54.781532,2025-04-26 01:17:57.752404,0 days 00:00:02.970872,0.8052417890311272,1,0.9380464911040952,3.3535753408683786,0.982977243142022,0.11465909753192362,9,17,59,False,False,False,False,False,False,False,True,False,False,False,True,True,False,True,False,False,True,True,True,True,True,True,True,False,True,False,False,True,True,False,True,True,False,False,False,False,True,False,False,False,False,False,False,True,False,False,True,False,False,True,False,False,True,True,COMPLETE
99,0.10375377364735923,2025-04-26 01:17:57.767874,2025-04-26 01:18:00.534072,0 days 00:00:02.766198,0.841649364580081,1,0.9797881464511208,2.6871658911289917,1.285672435851153,0.09943282411192214,8,16,47,False,False,False,False,False,False,False,True,False,False,False,True,True,False,True,False,False,True,True,False,True,True,True,True,False,True,False,False,True,True,True,True,True,False,False,False,False,True,False,False,False,False,False,False,True,False,False,True,False,False,True,False,False,True,True,COMPLETE
100,0.12122061540848171,2025-04-26 01:18:00.549592,2025-04-26 01:18:03.907094,0 days 00:00:03.357502,0.7496870022741704,2,0.9581771070290133,1.1636583649420045,0.6201635261781687,0.07804805602689363,10,10,50,False,False,False,False,False,False,False,True,False,False,False,True,True,False,True,False,False,True,True,False,True,True,True,True,False,True,False,False,True,True,False,True,True,False,False,False,False,True,False,False,False,False,False,False,True,False,False,True,False,True,True,False,False,True,True,COMPLETE
101,0.100435041248287,2025-04-26 01:18:03.923440,2025-04-26 01:18:06.978261,0 days 00:00:03.054821,0.7885906218199821,1,0.9752647210802895,5.688333050961521,0.7252622139390736,0.08276619880483843,8,19,73,False,False,False,False,False,False,False,True,False,False,False,True,True,False,True,False,False,True,True,False,True,True,True,True,False,True,False,False,True,True,False,True,True,False,False,False,False,True,False,False,False,False,False,False,True,False,False,True,False,False,True,False,False,True,True,COMPLETE
102,0.10408297363381815,2025-04-26 01:18:06.995027,2025-04-26 01:18:09.912793,0 days 00:00:02.917766,0.7875477842099611,1,0.9778614871190086,5.888137485373443,0.7426501880659835,0.08425238121590761,7,18,82,False,False,False,False,False,False,False,True,False,False,False,True,True,False,True,False,False,True,True,False,True,True,True,True,False,True,False,False,True,True,False,True,True,False,False,False,False,True,False,False,False,False,False,False,True,False,False,True,False,False,True,False,False,True,True,COMPLETE
103,0.10119500186171658,2025-04-26 01:18:09.928863,2025-04-26 01:18:13.103243,0 days 00:00:03.174380,0.7936991340462944,1,0.9747279950191273,3.722889999850207,1.6048384010868573,0.0694321402326054,8,19,75,False,False,False,False,False,False,False,True,False,False,False,True,True,False,True,False,False,True,True,False,True,True,True,True,False,True,False,False,True,True,False,True,True,False,False,False,False,True,False,False,False,False,False,False,True,False,False,True,False,False,True,False,False,True,True,COMPLETE
104,0.10644833286296218,2025-04-26 01:18:13.198669,2025-04-26 01:18:16.362706,0 days 00:00:03.164037,0.7943166617627865,1,0.9881857903282304,3.617530275588455,3.5880353372156857,0.060417686653238115,8,19,74,False,False,False,False,False,False,False,True,False,False,False,True,True,False,True,False,False,True,True,False,True,True,True,True,False,True,False,False,True,True,False,True,True,False,False,False,False,True,False,False,False,False,False,False,True,False,False,True,False,False,True,False,False,True,True,COMPLETE
105,0.09948011609558445,2025-04-26 01:18:16.378088,2025-04-26 01:18:19.589132,0 days 00:00:03.211044,0.7423546323533505,1,0.9664182859655259,6.75336918823043,1.560031115504799,0.07071284330003347,8,22,85,False,False,False,False,False,False,False,True,False,False,False,True,True,False,True,False,False,True,True,False,True,True,True,True,False,True,False,False,True,True,False,True,True,False,False,False,False,True,False,False,False,False,False,False,True,False,False,True,False,False,True,False,False,True,True,COMPLETE
106,0.09898600743086818,2025-04-26 01:18:19.604506,2025-04-26 01:18:22.913835,0 days 00:00:03.309329,0.7330745009609331,1,0.9749260784908725,4.88997061568639,1.7509922727487985,0.0681327807867408,8,19,86,False,False,False,True,False,False,False,True,False,True,False,True,True,False,True,False,False,True,True,False,True,True,True,True,False,True,False,False,True,True,False,True,True,False,False,False,False,True,False,False,False,False,False,False,True,False,False,True,False,False,True,False,False,True,True,COMPLETE
107,0.10817141172277972,2025-04-26 01:18:22.929990,2025-04-26 01:18:26.381423,0 days 00:00:03.451433,0.7161310132401376,1,0.9672010011491735,6.976238771507547,2.7580873357420765,0.07050557310067414,8,20,88,True,True,False,True,False,False,False,True,False,True,False,True,True,False,True,False,False,True,True,False,True,True,True,True,False,True,False,True,True,True,False,True,True,False,False,False,False,True,True,True,False,False,False,False,True,False,False,True,False,False,True,False,False,True,True,COMPLETE
108,0.12250485380640898,2025-04-26 01:18:26.397502,2025-04-26 01:18:30.010135,0 days 00:00:03.612633,0.7398370421529223,1,0.9770844148029366,5.67228017751815,1.7391608258462432,0.05217580248938697,8,21,84,False,False,False,True,True,False,False,True,False,True,False,True,True,False,True,False,False,True,True,False,True,True,True,True,False,False,True,False,True,True,False,True,True,False,False,True,True,True,False,False,False,False,False,False,True,False,False,True,False,False,True,False,False,True,True,COMPLETE
109,0.10082326152765654,2025-04-26 01:18:30.026428,2025-04-26 01:18:33.213745,0 days 00:00:03.187317,0.7385590471097377,1,0.9645347695665829,9.341653357214188,2.2747755028093013,0.06823636068000238,8,23,68,False,False,False,True,False,False,False,True,False,True,False,True,True,False,True,False,False,True,True,False,True,True,True,True,False,True,False,False,True,True,False,True,True,False,False,False,False,True,False,False,False,False,False,False,True,False,False,True,False,False,True,False,False,True,True,COMPLETE
