number,value,datetime_start,datetime_complete,duration,params_bagging_fraction,params_bagging_freq,params_feature_fraction,params_lambda_l1,params_lambda_l2,params_learning_rate,params_max_depth,params_min_child_samples,params_num_leaves,params_use_base_price,params_use_category_Beverages,params_use_category_Extras,params_use_category_Pasta,params_use_category_Pizza,params_use_category_Rice Bowl,params_use_category_Salad,params_use_category_Sandwich,params_use_center_id,params_use_center_id_orders_mean,params_use_center_id_orders_median,params_use_center_id_orders_std,params_use_center_type_TYPE_A,params_use_center_type_TYPE_B,params_use_center_type_TYPE_C,params_use_checkout_price,params_use_cuisine_Continental,params_use_cuisine_Indian,params_use_cuisine_Italian,params_use_cuisine_Thai,params_use_demand_pct_change_1,params_use_emailer_for_promotion,params_use_emailer_for_promotion_rolling_sum_3,params_use_homepage_featured,params_use_homepage_featured_rolling_sum_3,params_use_is_holiday_week,params_use_lag1_x_emailer,params_use_lag1_x_home,params_use_meal_id,params_use_meal_id_orders_mean,params_use_meal_id_orders_median,params_use_meal_id_orders_std,params_use_num_orders_lag_1,params_use_num_orders_lag_10,params_use_num_orders_lag_2,params_use_num_orders_lag_3,params_use_num_orders_lag_5,params_use_price_diff,params_use_price_diff_x_emailer,params_use_price_diff_x_home,params_use_rolling_mean_10,params_use_rolling_mean_3,params_use_rolling_mean_5,params_use_rolling_std_10,params_use_rolling_std_3,params_use_rolling_std_5,params_use_rolling_volatility_10,params_use_rolling_volatility_5,params_use_seasonal_regime,params_use_weekofyear,params_use_weekofyear_cos,params_use_weekofyear_sin,params_use_weeks_since_emailer_for_promotion,params_use_weeks_since_homepage_featured,params_use_weeks_to_next_holiday,state
186,0.09429854422358515,2025-04-26 01:22:52.815656,2025-04-26 01:22:56.246548,0 days 00:00:03.430892,0.7377988236634309,7,0.9994268849713844,0.09066421214560282,8.728548860082938,0.10735756749359744,8,25,94,False,False,False,True,False,True,True,True,False,True,False,True,True,False,True,False,False,True,True,True,True,True,True,True,False,True,False,False,True,True,True,False,True,False,True,False,False,True,False,False,False,False,False,True,False,False,False,True,False,False,True,True,False,False,True,COMPLETE
187,0.09818230017110992,2025-04-26 01:22:56.262496,2025-04-26 01:22:59.891891,0 days 00:00:03.629395,0.7393372808349876,7,0.9996246214173143,0.0963158793842675,9.882284539105736,0.10247393320516918,8,24,96,True,False,False,True,True,True,True,True,False,True,False,True,True,False,True,False,False,True,True,True,True,True,True,True,False,False,False,False,True,True,True,False,True,False,True,True,False,True,False,True,False,False,False,True,False,False,False,True,False,False,True,True,False,False,True,COMPLETE
188,0.10242265307522913,2025-04-26 01:22:59.907029,2025-04-26 01:23:03.433577,0 days 00:00:03.526548,0.7325501105822617,7,0.9931482385577257,0.07421977825360848,8.447157520309217,0.10620059167654815,8,28,93,False,True,False,True,False,True,True,True,False,True,False,True,True,False,True,False,False,True,True,True,True,True,True,True,False,True,True,True,True,True,True,False,True,False,True,False,False,True,True,False,False,False,False,True,False,False,False,True,False,False,True,True,False,False,True,COMPLETE
189,0.09396867534184007,2025-04-26 01:23:03.449292,2025-04-26 01:23:06.933223,0 days 00:00:03.483931,0.7385179607368832,7,0.9804025621289968,0.1555862514563286,6.99042801196751,0.11505138035062022,8,25,99,False,False,False,True,False,True,True,True,False,True,False,True,True,False,True,False,False,True,True,True,True,True,True,True,False,True,False,False,True,True,True,False,True,False,True,False,False,True,False,False,False,False,False,True,False,False,False,True,False,False,True,True,False,False,True,COMPLETE
190,0.11103808052889536,2025-04-26 01:23:06.948487,2025-04-26 01:23:10.397815,0 days 00:00:03.449328,0.7415681707351017,7,0.9809096371534713,0.14735812798649486,0.017770371313392458,0.1000390363923354,7,25,97,False,False,False,True,False,True,True,True,False,True,False,True,True,False,True,False,False,True,True,True,True,True,True,True,False,True,False,False,True,True,True,False,True,False,True,False,True,True,False,False,False,False,False,True,False,False,False,True,False,False,True,True,False,False,True,COMPLETE
191,0.09540651171199876,2025-04-26 01:23:10.413552,2025-04-26 01:23:13.829219,0 days 00:00:03.415667,0.7365143763497864,7,0.9999412947624116,0.06320841475811437,6.71824164439401,0.11567427258322646,8,25,99,False,False,False,True,False,True,True,True,False,True,False,True,True,False,True,False,False,True,True,True,True,True,True,True,False,True,False,False,True,True,True,False,True,False,True,False,False,True,False,False,False,False,False,True,False,False,False,True,False,False,True,True,False,False,True,COMPLETE
192,0.09530929703268493,2025-04-26 01:23:13.844654,2025-04-26 01:23:17.306918,0 days 00:00:03.462264,0.7353494823389096,7,0.999875001565769,0.05836240243725378,6.750642207677578,0.10578473193229675,8,27,99,False,False,False,True,False,True,True,True,False,True,False,True,True,False,True,False,False,True,True,True,True,True,True,True,False,True,False,False,True,True,True,False,True,False,True,False,False,True,False,False,False,False,False,True,False,False,False,True,False,False,True,True,False,False,True,COMPLETE
193,0.09451173992873245,2025-04-26 01:23:17.322711,2025-04-26 01:23:20.793992,0 days 00:00:03.471281,0.7537962071690298,7,0.9999522283083757,0.04650791076818247,7.921953276340162,0.10882282977213409,8,27,99,False,False,False,True,False,True,True,True,False,True,False,True,True,False,True,False,False,True,True,True,True,True,True,True,False,True,False,False,True,True,True,False,True,False,True,False,False,True,False,False,False,False,False,True,False,False,False,True,False,False,True,True,False,False,True,COMPLETE
194,0.0936679437033015,2025-04-26 01:23:20.809135,2025-04-26 01:23:24.233138,0 days 00:00:03.424003,0.7537477873541559,7,0.9860771227517201,0.04628178423069167,6.771803451909539,0.11752868638519438,8,29,99,False,False,False,True,False,True,True,True,False,True,False,True,True,False,True,False,False,True,True,True,True,True,True,True,False,True,False,False,True,True,True,False,True,False,True,False,False,True,False,False,False,False,False,True,False,False,False,True,False,False,True,True,False,False,True,COMPLETE
195,0.09723860249692644,2025-04-26 01:23:24.249264,2025-04-26 01:23:27.650152,0 days 00:00:03.400888,0.7319143424098409,7,0.9851652228715926,0.04381944273854297,7.206171164430445,0.11649394503372587,8,29,99,False,False,False,True,False,True,True,True,False,True,False,True,True,False,True,False,False,True,True,True,True,True,True,True,False,True,False,False,True,True,True,False,True,False,True,False,False,True,False,False,False,False,False,True,False,False,False,True,False,False,True,True,False,False,True,COMPLETE
196,0.09651180656043001,2025-04-26 01:23:27.665285,2025-04-26 01:23:31.048187,0 days 00:00:03.382902,0.7496223471867406,7,0.9740940246010679,0.09127008205068741,9.630543060075924,0.1260827401668156,8,27,91,False,False,False,True,False,True,True,True,False,True,False,True,True,False,True,False,False,True,True,True,True,True,True,True,False,True,False,False,True,True,True,False,True,False,True,False,False,True,False,False,False,False,False,True,False,False,False,True,False,False,True,True,False,False,True,COMPLETE
197,0.0966667443463865,2025-04-26 01:23:31.063805,2025-04-26 01:23:34.487132,0 days 00:00:03.423327,0.7537621886635921,7,0.9883063567094842,0.045913476487534105,8.108931614770814,0.11698112934760223,8,28,94,False,False,False,True,False,True,True,True,False,True,False,True,True,False,True,False,False,True,True,True,True,True,True,True,False,True,False,False,True,True,True,False,True,False,True,False,False,True,False,False,False,False,False,True,False,False,False,True,False,False,True,True,False,False,True,COMPLETE
198,0.09490029079544149,2025-04-26 01:23:34.503433,2025-04-26 01:23:38.056048,0 days 00:00:03.552615,0.7377921372196002,7,0.9795872859216429,0.038322887330831425,6.690320603253284,0.10892539533318682,8,27,99,False,False,False,True,False,True,True,True,False,True,False,True,True,False,True,False,False,True,True,True,True,True,True,True,False,True,False,False,True,True,True,False,True,False,True,False,False,True,False,False,False,False,False,True,False,False,False,True,False,False,True,True,False,False,True,COMPLETE
199,0.5711727384911401,2025-04-26 01:23:38.071570,2025-04-26 01:23:41.499403,0 days 00:00:03.427833,0.7434383444465167,7,0.9784194858614474,0.03068229782009201,6.91266934322057,0.11199480534829294,8,29,100,False,False,False,True,False,True,True,True,True,True,False,True,True,False,True,False,False,True,True,True,False,False,True,True,False,True,False,False,True,True,True,False,True,False,True,False,False,True,False,False,False,False,False,True,False,False,False,True,False,False,True,True,False,False,True,COMPLETE
200,0.4715260971187181,2025-04-26 01:23:41.514755,2025-04-26 01:23:45.207396,0 days 00:00:03.692641,0.7370963176460587,5,0.9700477119123162,0.0560128556713186,5.262155664090506,0.09915489988942557,8,27,94,False,False,False,True,False,True,True,False,False,True,False,True,True,False,True,False,False,True,True,True,True,True,True,True,False,True,False,False,True,True,True,False,False,True,True,False,False,True,False,False,False,False,False,True,False,False,False,True,False,False,True,True,False,False,True,COMPLETE
201,0.09742609135406555,2025-04-26 01:23:45.222513,2025-04-26 01:23:48.649487,0 days 00:00:03.426974,0.7303313301421481,7,0.9824765143200265,0.03546692404951614,9.918715720724098,0.10972602865939478,8,24,98,False,False,False,True,False,True,True,True,False,True,False,True,True,False,True,False,False,True,True,True,True,True,True,True,False,True,False,False,True,True,True,False,True,False,True,False,False,True,False,False,False,False,False,True,False,False,False,True,False,False,True,True,False,False,True,COMPLETE
202,0.0967992335280431,2025-04-26 01:23:48.665324,2025-04-26 01:23:52.065379,0 days 00:00:03.400055,0.7260350562480252,7,0.9889241714425756,0.06900318737838487,6.835282763121723,0.12070079745536853,8,25,100,False,False,False,True,False,True,True,True,False,True,False,True,True,False,True,False,False,True,True,True,True,True,True,True,False,True,False,False,True,True,True,False,True,False,True,False,False,True,False,False,False,False,False,True,False,False,False,True,False,False,True,True,False,False,True,COMPLETE
203,0.09550395356179918,2025-04-26 01:23:52.080719,2025-04-26 01:23:55.513376,0 days 00:00:03.432657,0.7402250117587202,7,0.9825364201347385,0.021756364315779635,8.446166972872431,0.11120450853582423,8,28,88,False,False,False,True,False,True,True,True,False,True,False,True,True,False,True,False,False,True,True,True,True,True,True,True,False,True,False,False,True,True,True,False,True,False,True,False,False,True,False,False,False,False,False,True,False,False,False,True,False,False,True,True,False,False,True,COMPLETE
204,0.5214236443719398,2025-04-26 01:23:55.528431,2025-04-26 01:23:59.590709,0 days 00:00:04.062278,0.7343044579292343,7,0.9898619326987308,0.10708531371962268,6.208402757693101,0.018774702528884368,8,27,96,False,False,False,True,False,True,True,True,False,True,False,True,True,False,True,False,False,True,True,True,True,True,True,True,False,True,False,False,True,True,True,False,True,False,True,False,False,True,False,False,False,False,False,True,False,False,False,True,False,False,True,True,False,False,True,COMPLETE
205,0.09381504011553277,2025-04-26 01:23:59.606381,2025-04-26 01:24:03.188351,0 days 00:00:03.581970,0.7601220331773374,7,0.976747848413596,0.04009237437509761,8.038180783044874,0.10608329389152596,8,25,98,False,False,False,True,False,True,True,True,False,True,False,True,True,False,True,False,False,True,True,True,True,True,True,True,False,True,False,False,True,True,True,False,True,False,True,False,False,True,False,False,False,False,False,True,False,False,False,True,False,False,True,True,False,False,True,COMPLETE
206,0.09484757229551292,2025-04-26 01:24:03.204110,2025-04-26 01:24:06.843081,0 days 00:00:03.638971,0.7626841359434717,6,0.9759852675702084,0.03619972227173018,4.735192472357265,0.09870463879553752,8,25,92,False,False,False,True,False,True,True,True,False,True,False,True,True,False,True,False,False,True,True,True,True,True,True,True,False,True,False,False,True,True,True,False,True,False,True,False,False,True,False,False,False,False,False,True,False,False,False,True,False,False,True,True,False,False,True,COMPLETE
207,0.09549728835368716,2025-04-26 01:24:06.858211,2025-04-26 01:24:10.495615,0 days 00:00:03.637404,0.7673900643298792,6,0.9722259848309223,0.03868581694911575,4.005857553588141,0.0978756994853187,8,27,91,False,False,False,True,False,True,True,True,False,True,False,True,True,False,True,False,False,True,True,True,True,True,True,True,False,True,False,False,True,True,True,False,True,False,True,False,False,True,False,False,False,False,False,True,False,False,False,True,False,False,True,True,False,False,True,COMPLETE
208,0.6271645961436091,2025-04-26 01:24:10.510871,2025-04-26 01:24:12.854029,0 days 00:00:02.343158,0.7578125956407792,6,0.9797624604771107,0.027981338205207974,4.785411331361664,0.103009246829395,3,29,94,False,False,False,True,False,True,True,True,False,True,False,True,True,False,True,False,False,True,True,True,True,True,True,False,False,True,False,False,False,True,True,False,True,False,True,False,False,True,False,False,False,False,False,True,False,False,False,True,True,False,True,True,False,False,True,COMPLETE
209,0.09311253771091123,2025-04-26 01:24:12.869910,2025-04-26 01:24:16.493155,0 days 00:00:03.623245,0.7601505894657475,6,0.97347025502812,0.042920685337273716,5.605708150241576,0.09511703712286626,8,24,100,False,False,False,True,False,True,True,True,False,True,False,True,False,False,True,False,False,True,True,True,True,True,True,True,False,True,False,False,True,True,True,False,True,False,True,False,False,True,False,False,False,False,False,True,False,False,False,True,False,False,False,True,False,False,True,COMPLETE
210,0.14044891897580578,2025-04-26 01:24:16.509062,2025-04-26 01:24:20.070474,0 days 00:00:03.561412,0.7546990186166629,6,0.9689352965681425,0.021982991931962688,5.356228250196378,0.09554316789005089,8,24,92,False,False,False,True,False,True,True,True,False,True,False,True,False,False,False,False,False,True,True,True,True,True,False,True,True,True,False,False,True,False,True,False,True,False,True,False,False,True,False,False,False,False,False,True,False,False,False,True,False,True,False,True,False,False,False,COMPLETE
211,0.09430850135387038,2025-04-26 01:24:20.086593,2025-04-26 01:24:23.598384,0 days 00:00:03.511791,0.7478373689639243,6,0.9757568807251364,0.04748049604578463,7.554189887558223,0.10594431416019971,8,25,99,False,False,False,True,False,True,True,True,False,True,False,True,False,False,True,False,False,True,True,True,True,True,True,True,False,True,False,False,True,True,True,False,True,False,True,False,False,True,False,False,False,False,False,True,False,False,False,True,False,False,False,True,False,False,True,COMPLETE
212,0.09351640574309551,2025-04-26 01:24:23.613485,2025-04-26 01:24:27.129297,0 days 00:00:03.515812,0.7625827656252778,6,0.973052164450856,0.041770320642899546,7.8590458212964425,0.10165313041545278,8,25,95,False,False,False,True,False,True,True,True,False,True,False,True,False,False,True,False,False,True,True,True,True,True,True,True,False,True,False,False,True,True,True,False,True,False,True,False,False,True,False,False,False,False,False,True,False,False,False,True,False,False,False,True,False,False,True,COMPLETE
213,0.09537193905598278,2025-04-26 01:24:27.144808,2025-04-26 01:24:30.696325,0 days 00:00:03.551517,0.7624425452874862,6,0.974264215544708,0.0407673640592144,8.34805452091277,0.09992795579498628,8,25,95,False,False,False,True,False,True,True,True,False,True,False,True,False,False,True,False,False,True,True,True,True,True,True,True,False,True,False,False,True,True,True,False,True,False,True,False,False,True,False,False,False,False,False,True,False,False,False,True,False,False,False,True,False,False,True,COMPLETE
214,0.09523030638063638,2025-04-26 01:24:30.711806,2025-04-26 01:24:34.282463,0 days 00:00:03.570657,0.7598019762593407,6,0.9637443837676489,0.04855398561393694,5.559479125445452,0.0935913970128552,8,26,88,False,False,False,True,False,True,True,True,False,True,False,True,False,False,True,False,False,True,True,True,True,True,True,True,False,True,False,False,True,True,True,False,True,False,True,False,False,True,False,False,False,False,False,True,False,False,False,True,False,False,False,True,False,False,True,COMPLETE
215,0.09983671811879556,2025-04-26 01:24:34.297764,2025-04-26 01:24:37.928852,0 days 00:00:03.631088,0.7715789162817372,6,0.9776401561673098,0.02502557775559466,4.003200438067083,0.12455020208197222,8,23,97,False,False,False,True,False,True,True,True,False,True,False,True,False,False,True,False,False,True,True,True,True,True,True,True,False,True,False,False,True,True,True,False,True,False,True,False,False,True,False,False,False,False,False,True,False,False,True,True,False,False,False,True,False,False,True,COMPLETE
216,0.0956434180318262,2025-04-26 01:24:37.944271,2025-04-26 01:24:41.435429,0 days 00:00:03.491158,0.7523602109579127,6,0.9672186864312704,0.03149350080462592,7.973597046867884,0.10968983068706308,8,26,100,False,False,False,True,False,True,True,True,False,True,False,True,False,False,True,False,False,True,True,True,True,True,True,True,False,True,False,False,True,True,True,False,True,False,True,False,False,True,False,False,False,False,False,True,False,False,False,True,False,False,False,True,False,False,True,COMPLETE
217,0.10204967513283518,2025-04-26 01:24:41.450957,2025-04-26 01:24:45.061560,0 days 00:00:03.610603,0.7487291178653319,6,0.9765546651698894,0.04697354309993343,9.883894390886734,0.11681763985000533,8,25,93,False,False,False,True,False,True,True,True,False,True,False,True,False,False,True,False,False,True,True,True,True,True,True,True,False,True,False,False,True,True,True,False,True,False,True,False,False,True,False,False,False,False,False,True,False,True,False,True,False,False,False,True,False,False,True,COMPLETE
218,0.09394722236027885,2025-04-26 01:24:45.076882,2025-04-26 01:24:48.593766,0 days 00:00:03.516884,0.7637496104308054,6,0.9829874957720871,0.037289441580711874,4.9559108158496885,0.09775163697224526,8,23,95,False,False,False,True,False,True,True,True,False,True,False,True,False,False,True,False,False,True,True,True,True,True,True,True,False,True,False,False,True,True,True,False,True,False,True,False,False,True,False,False,False,False,False,True,False,False,False,True,False,False,False,True,False,False,True,COMPLETE
219,0.09545288627013943,2025-04-26 01:24:48.609414,2025-04-26 01:24:52.222173,0 days 00:00:03.612759,0.7655182053846868,6,0.9820196855989186,0.05327683138965034,4.847671907897113,0.09438804611314532,8,23,95,True,False,False,True,False,True,True,True,False,True,False,True,False,False,True,False,False,True,True,True,True,True,True,True,False,True,False,False,True,True,True,False,True,False,True,False,False,True,False,False,False,False,False,True,False,False,False,True,False,False,False,True,False,False,True,COMPLETE
220,0.09766920323075338,2025-04-26 01:24:52.237680,2025-04-26 01:24:55.998141,0 days 00:00:03.760461,0.7724583754370831,6,0.9716737189434026,0.03620086765956336,3.517387554581631,0.09844540595551526,8,22,91,False,True,False,True,True,True,True,True,False,True,False,True,False,False,True,False,False,True,True,True,True,True,True,True,False,False,True,True,True,True,True,False,True,False,True,True,True,True,True,False,False,False,False,True,False,False,False,True,False,False,False,True,False,False,True,COMPLETE
221,0.09775632374334124,2025-04-26 01:24:56.013929,2025-04-26 01:24:59.487240,0 days 00:00:03.473311,0.7567040624002704,6,0.9820187859321424,0.03527215443525352,5.880026529254768,0.10700556200634838,8,24,97,False,False,False,True,False,True,True,True,False,True,False,True,False,False,True,False,False,True,True,True,True,True,True,True,False,True,False,False,True,True,True,False,True,False,True,False,False,True,False,False,False,False,False,True,False,False,False,True,False,False,False,True,False,False,True,COMPLETE
222,0.0987977160042225,2025-04-26 01:24:59.502723,2025-04-26 01:25:02.969169,0 days 00:00:03.466446,0.7465646017541022,6,0.9753533382438297,0.04007530091389559,7.569390124818752,0.1158172274014181,8,24,100,False,False,False,True,False,True,True,True,False,True,False,True,False,False,True,False,False,True,True,True,True,True,True,True,False,True,False,False,True,True,True,False,True,False,True,False,False,True,False,False,False,False,False,True,False,False,False,True,False,False,False,True,False,False,True,COMPLETE
223,0.09578166428408097,2025-04-26 01:25:02.984392,2025-04-26 01:25:06.506802,0 days 00:00:03.522410,0.7536936932213432,6,0.9862401550566485,0.23977266919317858,0.006735179535359735,0.10418031467096922,8,26,98,False,False,False,True,False,True,True,True,False,True,False,True,False,False,True,False,False,True,True,True,True,True,True,True,False,True,False,False,True,True,True,False,True,False,True,False,False,True,False,False,False,False,False,True,False,False,False,True,False,False,False,True,False,False,True,COMPLETE
