number,value,datetime_start,datetime_complete,duration,params_bagging_fraction,params_bagging_freq,params_feature_fraction,params_lambda_l1,params_lambda_l2,params_learning_rate,params_max_depth,params_min_child_samples,params_num_leaves,params_use_base_price,params_use_category_Beverages,params_use_category_Extras,params_use_category_Pasta,params_use_category_Pizza,params_use_category_Rice Bowl,params_use_category_Salad,params_use_category_Sandwich,params_use_center_id,params_use_center_id_orders_mean,params_use_center_id_orders_median,params_use_center_id_orders_std,params_use_center_type_TYPE_A,params_use_center_type_TYPE_B,params_use_center_type_TYPE_C,params_use_checkout_price,params_use_cuisine_Continental,params_use_cuisine_Indian,params_use_cuisine_Italian,params_use_cuisine_Thai,params_use_demand_pct_change_1,params_use_emailer_for_promotion,params_use_emailer_for_promotion_rolling_sum_3,params_use_homepage_featured,params_use_homepage_featured_rolling_sum_3,params_use_is_holiday_week,params_use_lag1_x_emailer,params_use_lag1_x_home,params_use_meal_id,params_use_meal_id_orders_mean,params_use_meal_id_orders_median,params_use_meal_id_orders_std,params_use_num_orders_lag_1,params_use_num_orders_lag_10,params_use_num_orders_lag_2,params_use_num_orders_lag_3,params_use_num_orders_lag_5,params_use_price_diff,params_use_price_diff_x_emailer,params_use_price_diff_x_home,params_use_rolling_mean_10,params_use_rolling_mean_3,params_use_rolling_mean_5,params_use_rolling_std_10,params_use_rolling_std_3,params_use_rolling_std_5,params_use_rolling_volatility_10,params_use_rolling_volatility_5,params_use_seasonal_regime,params_use_weekofyear,params_use_weekofyear_cos,params_use_weekofyear_sin,params_use_weeks_since_emailer_for_promotion,params_use_weeks_since_homepage_featured,params_use_weeks_to_next_holiday,state
300,0.10308618469933635,2025-04-26 01:30:07.920141,2025-04-26 01:30:12.488485,0 days 00:00:04.568344,0.7858849308084386,4,0.937830190729554,0.028915687360400635,2.4244062651547527,0.07399546952847028,9,21,115,False,True,False,True,True,True,True,True,False,True,False,True,False,False,False,False,False,True,True,True,True,False,True,True,True,False,False,True,True,True,True,False,True,True,True,False,False,True,False,True,False,False,False,True,False,False,True,True,False,False,False,True,False,False,True,COMPLETE
301,0.09224011084633371,2025-04-26 01:30:12.503809,2025-04-26 01:30:16.902996,0 days 00:00:04.399187,0.7683499587558589,4,0.9264553223618168,0.021055760332989764,3.322956820002604,0.07637719766949966,9,20,117,True,True,False,True,True,True,True,True,False,True,False,True,False,False,False,False,False,True,True,True,True,False,True,True,True,False,False,True,True,True,True,False,True,True,True,True,False,True,False,True,False,False,False,True,False,False,True,True,False,False,False,True,False,False,True,COMPLETE
302,0.091968026667496,2025-04-26 01:30:16.918757,2025-04-26 01:30:21.322186,0 days 00:00:04.403429,0.7702114081734621,4,0.9452733457792831,0.022660462535997856,2.975130026860824,0.07707665425248901,9,20,117,True,True,False,True,True,True,True,True,False,True,False,True,False,False,False,False,False,True,True,True,True,False,True,True,True,False,False,True,True,True,True,False,True,True,True,True,False,True,False,True,False,False,False,True,False,False,True,True,False,False,False,True,False,False,True,COMPLETE
303,0.09375466196133113,2025-04-26 01:30:21.338164,2025-04-26 01:30:25.913011,0 days 00:00:04.574847,0.7704577615150703,4,0.9480570301599721,0.014890228722318747,3.244605469327297,0.06816939554377002,9,19,119,True,True,False,True,True,True,True,True,False,True,False,True,False,False,False,False,False,True,True,True,True,False,True,True,True,False,False,True,True,True,True,False,True,True,True,True,False,True,False,True,False,False,False,True,False,False,True,True,False,False,False,True,False,False,True,COMPLETE
304,0.09411698478848103,2025-04-26 01:30:25.928651,2025-04-26 01:30:30.318944,0 days 00:00:04.390293,0.7668758891194494,4,0.9279257527723099,0.020351784095409983,2.6801850321379086,0.0756900924011871,9,20,117,True,True,False,True,True,True,True,True,False,True,False,True,False,False,False,False,False,True,True,True,True,False,True,True,True,False,False,True,True,True,True,False,True,True,True,True,False,True,False,True,False,False,False,True,False,False,True,True,False,False,False,True,False,False,True,COMPLETE
305,0.5574390671390533,2025-04-26 01:30:30.334164,2025-04-26 01:30:34.436944,0 days 00:00:04.102780,0.7724840438301577,4,0.9412363439013672,0.024045335684769607,3.345858513905261,0.07990189522739141,9,19,114,True,True,False,True,True,True,True,True,False,True,False,True,False,False,False,False,False,True,True,True,False,False,True,True,True,False,False,True,True,True,True,False,True,True,True,True,False,True,False,True,False,False,False,True,False,False,True,True,False,False,False,True,False,False,True,COMPLETE
306,0.4398132191521391,2025-04-26 01:30:34.452531,2025-04-26 01:30:38.906631,0 days 00:00:04.454100,0.7662804996866519,4,0.9247111028501398,0.021831852472828848,2.113139266967455,0.07096261539187898,9,21,117,True,True,False,True,True,True,True,False,True,True,False,True,False,False,False,False,False,True,True,True,True,False,True,True,True,False,False,True,True,True,True,False,False,True,True,True,False,True,False,True,False,False,False,True,False,False,True,True,False,False,False,True,False,False,True,COMPLETE
307,0.09553888192953848,2025-04-26 01:30:38.921991,2025-04-26 01:30:43.287643,0 days 00:00:04.365652,0.7723743081533013,4,0.946524873759848,0.026857967049766708,3.638349141362062,0.07752723615033133,9,21,113,True,True,False,True,True,True,True,True,False,True,False,True,False,False,False,False,False,True,True,True,True,False,True,True,True,False,False,True,True,True,True,False,True,True,True,True,False,True,False,True,False,False,False,True,False,False,True,True,False,False,False,True,False,False,True,COMPLETE
308,0.09198051583981078,2025-04-26 01:30:43.303213,2025-04-26 01:30:47.801419,0 days 00:00:04.498206,0.7818367817106558,4,0.934454078564649,0.015210921541888148,2.8638750071042063,0.07359122674209619,9,20,120,True,True,False,True,True,True,True,True,False,True,False,True,False,False,False,False,False,True,True,True,True,False,True,True,True,False,False,True,True,True,True,False,True,True,True,True,False,True,False,True,False,False,False,True,False,False,True,True,False,False,False,True,False,False,True,COMPLETE
309,0.09460665304557202,2025-04-26 01:30:47.817109,2025-04-26 01:30:52.292277,0 days 00:00:04.475168,0.7885170931895042,4,0.9356320447817323,0.017762082442745478,2.6870854939008684,0.07572022328261187,9,19,121,True,True,False,True,True,True,True,True,False,True,False,True,False,False,False,False,False,True,True,True,True,False,True,False,True,False,False,True,True,True,True,False,True,True,True,True,False,True,False,True,False,False,False,True,False,False,True,True,True,False,False,True,False,False,True,COMPLETE
310,0.10144781744366589,2025-04-26 01:30:52.308256,2025-04-26 01:30:56.824622,0 days 00:00:04.516366,0.7783765382329575,4,0.9397357430095618,0.014006976575467315,1.9212789109433568,0.08119054910716841,9,20,119,True,True,False,True,True,True,True,True,False,True,False,True,False,False,False,False,False,True,True,True,True,False,True,True,True,False,False,True,False,True,True,False,True,True,True,True,False,True,False,True,True,True,False,True,False,False,True,True,False,False,False,True,False,False,False,COMPLETE
311,0.09635924278792272,2025-04-26 01:30:56.840685,2025-04-26 01:31:01.511591,0 days 00:00:04.670906,0.771389448063317,4,0.9450886738935993,0.021301927154017023,3.068582760923231,0.0716460994259159,9,20,115,True,True,False,True,True,True,True,True,False,True,False,True,False,False,False,False,False,True,True,True,True,False,True,True,True,False,False,True,True,True,True,False,True,True,True,True,False,True,False,True,False,False,False,True,False,False,True,True,False,False,False,True,True,False,True,COMPLETE
312,0.09454229531033564,2025-04-26 01:31:01.527532,2025-04-26 01:31:06.242391,0 days 00:00:04.714859,0.7839073400091087,4,0.9367440554955132,0.014408991919896409,2.343535532624494,0.06809606276681152,9,21,112,True,True,False,True,True,True,True,True,False,True,False,True,False,True,False,False,True,True,True,True,True,False,True,True,True,False,False,True,True,True,True,False,True,True,True,True,False,True,False,True,False,False,True,True,False,False,True,True,False,False,False,True,False,False,True,COMPLETE
313,0.10655971398886728,2025-04-26 01:31:06.259087,2025-04-26 01:31:10.675698,0 days 00:00:04.416611,0.7816232467505482,4,0.9333500012844514,0.01930422976913065,3.8171688824159515,0.08247996419492916,9,18,116,True,True,False,True,True,True,True,True,False,True,False,True,False,False,False,False,False,True,True,True,True,False,True,True,True,False,False,True,True,False,True,False,True,True,True,True,False,True,False,True,False,False,False,True,False,False,True,True,False,True,False,True,False,False,True,COMPLETE
314,0.0920311962597156,2025-04-26 01:31:10.691192,2025-04-26 01:31:15.160142,0 days 00:00:04.468950,0.767623213034763,4,0.9489599951511369,0.02703139553019008,2.9535078871918365,0.0755667416789095,9,22,120,True,True,False,True,True,True,True,True,False,True,False,True,False,False,False,False,False,True,True,True,True,False,False,True,True,False,False,True,True,True,True,False,True,True,True,True,False,True,False,True,False,False,False,True,False,True,True,True,False,False,False,True,False,False,True,COMPLETE
315,0.0994773855676715,2025-04-26 01:31:15.175425,2025-04-26 01:31:19.739960,0 days 00:00:04.564535,0.7586529743738271,4,0.9468718979044563,0.02682189464466752,3.026407820681741,0.07468217449062994,9,22,120,True,True,False,True,True,True,True,True,False,True,False,True,False,False,False,False,False,True,True,True,True,False,True,True,True,False,False,True,True,True,True,False,True,True,True,True,False,True,False,True,False,False,False,True,False,True,True,True,False,False,False,True,False,False,True,COMPLETE
316,0.09836860914135148,2025-04-26 01:31:19.755013,2025-04-26 01:31:24.454909,0 days 00:00:04.699896,0.7655826508850123,4,0.9469769795602511,0.02919229230848148,2.5804013435578197,0.06741441599744506,9,20,119,True,True,False,True,True,True,True,True,False,True,False,True,False,False,False,False,False,True,True,True,True,False,True,True,True,False,False,True,True,True,True,False,True,True,True,True,False,True,False,True,False,False,False,True,False,True,True,True,False,False,False,True,False,False,True,COMPLETE
317,0.0972853675372022,2025-04-26 01:31:24.471273,2025-04-26 01:31:29.111204,0 days 00:00:04.639931,0.7712219300434685,4,0.9402091241044829,0.024594534573688362,3.2994581256137687,0.07399943069608698,9,21,122,True,True,False,True,True,True,True,True,False,True,False,True,False,False,False,False,False,True,True,True,True,False,True,True,True,False,False,True,True,True,True,False,True,True,True,True,False,True,False,True,False,False,False,True,False,True,True,True,False,False,False,True,False,False,True,COMPLETE
318,0.10391279301824326,2025-04-26 01:31:29.127374,2025-04-26 01:31:34.065134,0 days 00:00:04.937760,0.7593298126834291,4,0.9301961783655677,0.03362346008059082,3.9006478886103424,0.06285753698735147,9,22,117,True,True,False,True,True,True,True,True,False,True,False,True,False,False,False,False,False,True,True,True,True,False,False,True,True,False,True,True,True,True,True,False,True,True,True,True,False,True,True,True,False,False,False,True,False,True,True,True,False,False,False,True,False,False,True,COMPLETE
319,0.09592287111345836,2025-04-26 01:31:34.080504,2025-04-26 01:31:38.408070,0 days 00:00:04.327566,0.7679278729300356,4,0.9428305827615426,0.021491592258114933,0.03852599387261901,0.08147812348610657,9,22,111,True,True,False,True,True,True,True,True,False,True,False,True,False,False,False,False,False,True,True,True,True,False,False,True,True,False,False,True,True,True,True,False,True,True,True,True,False,True,False,True,False,False,False,True,False,True,True,True,False,False,False,True,False,False,True,COMPLETE
320,0.09896827287900901,2025-04-26 01:31:38.423935,2025-04-26 01:31:43.004458,0 days 00:00:04.580523,0.7633999019135909,4,0.9484583760901077,0.027879756536626336,2.034331794128264,0.0772823152131724,9,19,115,True,True,False,True,True,True,True,True,False,True,False,True,False,False,False,False,False,True,True,True,True,False,False,True,True,False,False,True,True,True,True,False,True,True,True,True,True,True,False,True,False,False,False,True,False,True,True,True,False,False,False,True,False,False,True,COMPLETE
321,0.10549779069560479,2025-04-26 01:31:43.020504,2025-04-26 01:31:47.540922,0 days 00:00:04.520418,0.7758158217677223,4,0.9234388385146869,0.02396328846280563,3.978200600263707,0.0710404778019807,9,21,113,True,True,False,True,True,True,True,True,False,True,False,True,False,False,False,False,False,True,True,True,True,False,False,True,True,False,False,True,True,True,True,False,True,True,True,True,False,True,False,True,False,False,False,True,False,False,True,True,False,False,False,True,False,False,True,COMPLETE
322,0.15850762213194877,2025-04-26 01:31:47.557110,2025-04-26 01:31:52.266681,0 days 00:00:04.709571,0.7560614142319098,4,0.9499569560193163,0.018431284217414433,2.644614968305369,0.039506539113225714,9,22,110,True,True,False,True,True,True,True,True,False,True,False,True,False,False,False,False,False,True,True,True,True,False,False,True,True,False,False,True,True,True,True,False,True,True,True,True,False,True,False,True,False,False,False,True,False,True,True,True,False,False,False,True,False,False,True,COMPLETE
323,0.10649757972493307,2025-04-26 01:31:52.282724,2025-04-26 01:31:56.666827,0 days 00:00:04.384103,0.7675996350572287,4,0.9357354184310143,0.03309818552666461,3.1869051956230168,0.08237484596831875,9,21,112,True,True,False,True,True,True,True,True,False,True,False,True,False,False,False,False,False,True,True,True,True,False,False,True,True,False,False,True,True,True,True,False,True,True,True,True,False,True,False,True,False,False,False,True,False,False,True,True,False,False,False,True,False,False,True,COMPLETE
324,0.10610651265129534,2025-04-26 01:31:56.682707,2025-04-26 01:32:01.145484,0 days 00:00:04.462777,0.748604390816026,4,0.9431552131591432,0.02761938600557733,4.08403114143588,0.07821470109439385,9,20,122,True,True,False,True,True,True,True,True,False,True,False,True,False,False,False,False,False,True,True,True,True,False,False,True,True,False,False,True,True,True,True,False,True,True,True,True,False,True,False,True,False,False,False,True,False,False,True,True,False,False,False,True,False,False,True,COMPLETE
325,0.10822010940229171,2025-04-26 01:32:01.161225,2025-04-26 01:32:05.808587,0 days 00:00:04.647362,0.7753486674332987,4,0.9518459693277174,0.019589829274896203,3.4651968013973162,0.07380066841289169,9,22,118,True,True,False,True,True,True,True,True,True,True,False,True,False,False,False,False,False,True,True,True,True,False,True,True,True,False,False,True,True,True,True,False,True,True,True,True,False,True,False,True,False,False,False,True,False,False,True,True,False,False,False,True,False,False,True,COMPLETE
326,0.4436850125511577,2025-04-26 01:32:05.824730,2025-04-26 01:32:10.267776,0 days 00:00:04.443046,0.7605686875471125,4,0.9312613220475411,0.03487097853899564,2.2094070650226096,0.0646200095669037,9,18,115,True,True,False,True,True,True,True,True,False,True,False,True,False,False,False,False,False,True,True,True,True,False,True,True,True,False,False,True,True,True,True,False,False,True,True,True,False,True,False,True,False,False,False,True,False,False,True,True,False,False,False,True,False,False,True,COMPLETE
327,0.5581846453122626,2025-04-26 01:32:10.283641,2025-04-26 01:32:14.368646,0 days 00:00:04.085005,0.7665807163532057,4,0.9413720695614501,0.02355904453735515,2.761021146767998,0.08342598520823243,9,21,110,True,True,False,True,True,True,True,False,False,True,False,True,False,False,False,False,False,True,True,True,False,False,True,True,True,False,False,True,True,True,True,False,True,True,True,True,False,True,False,True,False,False,False,True,False,False,True,True,False,False,False,True,False,False,True,COMPLETE
328,0.09208623970495196,2025-04-26 01:32:14.384750,2025-04-26 01:32:18.686277,0 days 00:00:04.301527,0.7546505813515294,4,0.9486490494719223,0.030323814727074676,4.306886442815006,0.08233776669967777,9,20,113,True,True,False,True,True,True,True,True,False,True,False,True,False,False,False,False,False,True,True,True,True,False,True,True,True,False,False,True,True,True,True,False,True,True,True,True,False,True,False,True,False,False,False,True,False,False,True,True,False,False,False,True,False,False,True,COMPLETE
329,0.11610093082633151,2025-04-26 01:32:18.701824,2025-04-26 01:32:23.349459,0 days 00:00:04.647635,0.7446601709442542,4,0.9525668343149934,0.02963003109861461,3.9417677569020864,0.07949730007273283,9,19,113,True,True,False,True,True,True,True,True,False,True,False,True,False,True,False,False,False,True,True,True,True,False,True,False,True,False,False,True,False,True,True,False,True,True,True,True,False,True,False,True,True,True,False,True,False,False,True,True,True,False,False,True,False,False,True,COMPLETE
330,0.10259520834000674,2025-04-26 01:32:23.365603,2025-04-26 01:32:27.731314,0 days 00:00:04.365711,0.7527834652729676,4,0.9361520630595017,0.016148253058049376,3.0352588235406914,0.08338029397011185,9,20,117,True,True,False,True,True,True,True,True,False,True,False,True,False,False,False,False,False,True,True,True,True,False,True,True,True,False,False,True,True,True,True,False,True,True,True,True,False,True,False,True,False,False,False,True,False,False,True,True,False,False,False,True,False,False,False,COMPLETE
331,0.11835556566761152,2025-04-26 01:32:27.747308,2025-04-26 01:32:32.546384,0 days 00:00:04.799076,0.7567877634976661,4,0.9460976813221335,0.023052775976418454,4.281058725026674,0.07359210173362687,9,20,108,True,True,False,True,True,True,True,True,False,True,False,True,False,False,False,False,False,True,True,True,True,False,True,True,True,False,False,True,True,True,True,False,True,True,True,True,False,True,False,True,False,False,True,True,False,False,True,True,False,False,False,True,True,False,True,COMPLETE
332,0.09612231242895726,2025-04-26 01:32:32.562303,2025-04-26 01:32:36.967453,0 days 00:00:04.405150,0.7609426115898903,4,0.9408721244091546,0.035000761653982276,2.4877302420202043,0.07884984381393438,9,21,114,True,True,False,True,True,True,True,True,False,True,False,True,False,False,False,False,True,True,True,True,True,False,True,True,True,False,False,True,True,True,True,False,True,True,True,True,False,True,False,True,False,False,False,True,False,False,True,True,False,False,False,True,False,False,True,COMPLETE
333,0.12000822086047562,2025-04-26 01:32:36.983002,2025-04-26 01:32:41.510224,0 days 00:00:04.527222,0.7506288150485102,4,0.9504951228419781,0.027449034829214795,3.2940846141127347,0.06892086477935867,9,22,112,True,True,False,True,True,True,True,True,False,True,False,True,False,False,False,False,False,True,True,True,True,False,False,True,True,False,False,True,True,False,True,False,True,True,True,True,False,True,False,True,False,False,False,True,False,True,True,True,False,False,False,True,False,False,True,COMPLETE
334,0.10671801276215671,2025-04-26 01:32:41.526137,2025-04-26 01:32:46.023983,0 days 00:00:04.497846,0.7707920550657982,4,0.9142403935575628,0.019440749504535098,1.9253826564726475,0.08354295813739357,9,18,110,True,True,False,True,True,True,True,True,False,True,False,True,False,False,False,False,False,True,True,True,True,False,True,True,True,False,False,True,True,True,True,False,True,True,True,True,False,True,False,True,False,False,False,True,False,False,True,True,False,True,False,True,False,False,True,COMPLETE
335,0.09460653097922013,2025-04-26 01:32:46.039795,2025-04-26 01:32:50.468499,0 days 00:00:04.428704,0.7767717327011111,4,0.9266061987809466,0.030675589891783473,3.970532887632335,0.07643728967697884,9,22,120,True,True,False,True,True,True,True,True,False,True,False,True,False,False,False,False,False,True,True,True,True,False,True,True,True,False,False,True,True,True,True,False,True,True,True,True,False,True,False,True,False,False,False,True,False,False,True,True,False,False,False,True,False,False,True,COMPLETE
336,0.09243333681807687,2025-04-26 01:32:50.484314,2025-04-26 01:32:54.758733,0 days 00:00:04.274419,0.7631418688323253,4,0.9349915200841219,0.013220842681537497,2.7885516321635766,0.084096472669516,9,20,114,True,True,False,True,True,True,True,True,False,True,False,True,False,False,False,False,False,True,True,True,True,False,True,True,True,False,False,True,True,True,True,False,True,True,True,True,False,True,False,True,False,False,False,True,False,False,True,True,False,False,False,True,False,False,True,COMPLETE
337,0.09326528507869404,2025-04-26 01:32:54.773996,2025-04-26 01:32:59.033097,0 days 00:00:04.259101,0.7572751577660494,4,0.9348455198816717,0.01230590539660734,2.734217333368339,0.08451203150758403,9,19,116,True,True,False,True,True,True,True,True,False,True,False,True,False,False,False,False,False,True,True,True,True,False,True,True,True,False,False,True,True,True,True,False,True,True,True,True,False,True,False,True,False,False,False,True,False,False,True,True,False,False,False,True,False,False,True,COMPLETE
338,0.09996216274112536,2025-04-26 01:32:59.048893,2025-04-26 01:33:03.587668,0 days 00:00:04.538775,0.7475002685645272,4,0.9322632447102692,0.016399516375461207,2.430231282624496,0.08352845779986048,9,19,117,True,True,False,True,True,True,True,True,False,True,False,True,False,False,False,False,False,True,True,True,True,False,True,True,True,False,False,True,True,True,True,False,True,True,True,True,False,True,True,True,False,False,False,True,False,False,True,True,False,False,False,True,False,False,True,COMPLETE
