number,value,datetime_start,datetime_complete,duration,params_bagging_fraction,params_bagging_freq,params_feature_fraction,params_lambda_l1,params_lambda_l2,params_learning_rate,params_max_depth,params_min_child_samples,params_num_leaves,params_use_base_price,params_use_category_Beverages,params_use_category_Extras,params_use_category_Pasta,params_use_category_Pizza,params_use_category_Rice Bowl,params_use_category_Salad,params_use_category_Sandwich,params_use_center_id,params_use_center_id_orders_mean,params_use_center_id_orders_median,params_use_center_id_orders_std,params_use_center_type_TYPE_A,params_use_center_type_TYPE_B,params_use_center_type_TYPE_C,params_use_checkout_price,params_use_cuisine_Continental,params_use_cuisine_Indian,params_use_cuisine_Italian,params_use_cuisine_Thai,params_use_demand_pct_change_1,params_use_emailer_for_promotion,params_use_emailer_for_promotion_rolling_sum_3,params_use_homepage_featured,params_use_homepage_featured_rolling_sum_3,params_use_is_holiday_week,params_use_lag1_x_emailer,params_use_lag1_x_home,params_use_meal_id,params_use_meal_id_orders_mean,params_use_meal_id_orders_median,params_use_meal_id_orders_std,params_use_num_orders_lag_1,params_use_num_orders_lag_10,params_use_num_orders_lag_2,params_use_num_orders_lag_3,params_use_num_orders_lag_5,params_use_price_diff,params_use_price_diff_x_emailer,params_use_price_diff_x_home,params_use_rolling_mean_10,params_use_rolling_mean_3,params_use_rolling_mean_5,params_use_rolling_std_10,params_use_rolling_std_3,params_use_rolling_std_5,params_use_rolling_volatility_10,params_use_rolling_volatility_5,params_use_seasonal_regime,params_use_weekofyear,params_use_weekofyear_cos,params_use_weekofyear_sin,params_use_weeks_since_emailer_for_promotion,params_use_weeks_since_homepage_featured,params_use_weeks_to_next_holiday,state
723,0.42044140904853977,2025-04-26 02:02:19.216186,2025-04-26 02:02:23.644505,0 days 00:00:04.428319,0.8563751240100749,2,0.9995086789069786,2.908145856903192,0.0493571053927777,0.10689741645226496,10,7,120,False,False,True,True,False,False,True,False,True,True,True,False,False,True,False,True,True,False,False,False,True,False,True,False,True,True,False,False,False,True,False,False,False,True,True,False,True,False,True,False,True,False,True,False,False,True,True,False,True,False,False,False,True,True,False,COMPLETE
724,0.0926490894337318,2025-04-26 02:02:23.660253,2025-04-26 02:02:28.374896,0 days 00:00:04.714643,0.8347741751846248,2,0.9943668017379261,2.1424064683410533,0.08507438139424493,0.10392959233567611,10,9,118,False,False,True,True,False,False,True,False,True,True,True,False,False,True,False,True,True,False,False,False,True,False,True,False,True,True,False,False,False,True,False,False,True,True,True,False,True,False,True,False,True,True,True,False,False,True,True,False,True,False,False,False,True,True,False,COMPLETE
725,0.09042515308053221,2025-04-26 02:02:28.391334,2025-04-26 02:02:33.042961,0 days 00:00:04.651627,0.8728836105210876,2,0.9893521280096973,1.5639544427445395,0.06524384301002686,0.09871196725893586,10,10,121,False,False,True,True,False,False,True,False,True,True,True,False,False,True,False,True,True,False,False,False,True,False,True,False,True,True,False,False,False,True,False,False,True,True,True,False,True,False,True,False,True,False,True,False,False,True,True,False,True,False,False,False,True,True,False,COMPLETE
726,0.09088218827450596,2025-04-26 02:02:33.058955,2025-04-26 02:02:37.737240,0 days 00:00:04.678285,0.8651045664445287,2,0.9934634874276334,1.2167490492579278,0.05901958386583162,0.09576007757907382,10,9,121,False,False,True,True,False,False,True,False,True,True,True,False,False,True,False,True,True,False,False,False,True,False,True,False,True,True,False,False,False,True,False,False,True,True,True,False,True,False,True,False,True,False,True,False,False,True,True,False,True,False,False,False,True,True,False,COMPLETE
727,0.09334120544413312,2025-04-26 02:02:37.753359,2025-04-26 02:02:42.345200,0 days 00:00:04.591841,0.844394884261807,2,0.986780722257601,1.706787152959638,0.08103122525996055,0.10308306491236652,10,10,118,False,False,True,True,False,False,True,False,True,True,True,False,False,True,False,True,True,False,False,False,True,False,True,False,True,True,False,False,False,True,False,False,True,True,True,False,True,False,True,False,True,False,True,False,False,True,True,False,True,False,False,False,True,True,False,COMPLETE
728,0.08949160511986635,2025-04-26 02:02:42.360824,2025-04-26 02:02:47.003713,0 days 00:00:04.642889,0.8608114543609213,2,0.9984548995422602,2.4391719913718437,0.09232597365397467,0.09404523701429138,10,10,120,False,False,True,True,False,False,True,False,True,True,True,False,False,True,False,True,True,False,False,False,True,False,True,False,True,True,False,False,False,True,False,False,True,True,True,False,True,False,True,False,True,False,True,False,False,True,True,False,True,False,False,False,True,True,False,COMPLETE
729,0.11251418759368233,2025-04-26 02:02:47.019894,2025-04-26 02:02:51.540343,0 days 00:00:04.520449,0.8746245493707199,2,0.9882917611978628,2.0567526765114974,0.04051277464289574,0.11575360309183377,10,6,122,False,False,True,True,False,False,True,False,True,True,True,False,False,True,False,True,True,False,False,False,True,False,True,False,True,True,False,False,False,False,False,False,True,True,True,False,True,False,True,False,True,False,True,False,False,True,True,False,True,False,False,False,True,True,False,COMPLETE
730,0.08912858995888966,2025-04-26 02:02:51.556809,2025-04-26 02:02:56.163932,0 days 00:00:04.607123,0.8537050203304147,2,0.99872008665132,1.3551224734620928,0.03009802567760902,0.10281856912749313,10,8,120,False,False,True,True,False,False,True,False,True,True,True,False,False,True,False,True,True,False,False,False,True,False,True,False,True,True,False,False,False,True,False,False,True,True,True,False,True,False,True,False,True,False,True,False,False,True,True,False,True,False,False,False,True,True,False,COMPLETE
731,0.08856358101829752,2025-04-26 02:02:56.179504,2025-04-26 02:03:00.851997,0 days 00:00:04.672493,0.8497796748303802,2,0.9987639719373947,1.1495647557683248,0.07203462170032186,0.09271415323656743,10,8,121,False,False,True,True,False,False,True,False,True,True,True,False,False,True,False,True,True,False,False,False,True,False,True,False,True,True,False,False,False,True,False,False,True,True,True,False,True,False,True,False,True,False,True,False,False,True,True,False,True,False,False,False,True,True,False,COMPLETE
732,0.08886593703809294,2025-04-26 02:03:00.867821,2025-04-26 02:03:05.541621,0 days 00:00:04.673800,0.8418935515828312,2,0.9996479142518774,1.272177372261123,0.03460641432888125,0.09289695218626264,10,7,122,False,False,True,True,False,False,True,False,True,True,True,False,False,True,False,True,True,False,False,False,True,False,True,False,True,True,False,False,False,True,False,False,True,True,True,False,True,False,True,False,True,False,True,False,False,True,True,False,True,False,False,False,True,True,False,COMPLETE
733,0.08998561873618731,2025-04-26 02:03:05.557982,2025-04-26 02:03:10.234893,0 days 00:00:04.676911,0.8408239472406704,2,0.9980124952244581,1.317939484938935,0.030420728249725176,0.08989754981041319,10,11,122,False,False,True,True,False,False,True,False,True,True,True,False,False,True,False,True,True,False,False,False,True,False,True,False,True,True,False,False,False,True,False,False,True,True,True,False,True,False,True,False,True,False,True,False,False,True,True,False,True,False,False,False,True,True,False,COMPLETE
734,0.08943131121385349,2025-04-26 02:03:10.250830,2025-04-26 02:03:14.928796,0 days 00:00:04.677966,0.8356510742563965,2,0.9884672189247526,1.186137193734272,0.021105820049727768,0.09224371796631703,10,8,122,False,False,True,True,False,False,True,False,True,True,True,False,False,True,False,True,True,False,False,False,True,False,True,False,True,True,False,False,False,True,False,False,True,True,True,False,True,False,True,False,True,False,True,False,False,True,True,False,True,False,False,False,True,True,False,COMPLETE
735,0.09055892525333482,2025-04-26 02:03:14.944209,2025-04-26 02:03:19.628065,0 days 00:00:04.683856,0.8439600642743188,2,0.9982892451250666,1.3998772871516816,0.03580117206914166,0.0929867088281292,10,11,122,False,False,True,True,False,False,True,False,True,True,True,False,False,True,False,True,True,False,False,False,True,False,True,False,True,True,True,False,False,True,False,False,True,True,True,False,True,False,True,False,True,False,True,False,False,True,True,False,True,False,False,False,True,True,False,COMPLETE
736,0.08956136477000183,2025-04-26 02:03:19.644230,2025-04-26 02:03:24.285697,0 days 00:00:04.641467,0.8514545478059371,2,0.9997216756740606,1.1718021652220318,0.12065808029587212,0.09253242757002207,10,6,122,False,False,True,True,False,False,False,False,True,True,True,False,False,True,False,True,True,False,False,False,True,False,True,False,True,True,False,False,False,True,False,False,True,True,True,False,True,False,True,False,True,False,True,False,False,True,True,False,True,False,False,False,True,True,False,COMPLETE
737,0.08904398214899291,2025-04-26 12:22:42.144455,2025-04-26 12:22:51.352659,0 days 00:00:09.208204,0.8491287987465234,2,0.9998339647462056,1.3632254159066313,0.10160628857913588,0.09644230081367054,10,5,122,False,False,True,True,False,False,True,False,True,True,True,False,False,True,False,True,True,False,False,False,True,False,True,False,True,True,False,False,False,True,False,False,True,True,True,False,True,False,True,False,True,False,True,False,False,True,True,False,True,False,False,False,True,True,False,COMPLETE
738,0.09182425092115609,2025-04-26 12:55:10.277760,2025-04-26 12:55:19.602485,0 days 00:00:09.324725,0.8457551917080314,2,0.9944222305684911,1.4162855672277974,0.02471401622104316,0.10654741624845908,10,5,121,False,False,True,True,False,False,True,False,True,True,True,False,False,True,False,True,True,False,False,False,True,False,True,False,True,True,False,False,False,True,False,True,True,True,True,False,True,False,True,False,True,False,True,False,False,True,True,False,True,False,False,False,True,True,False,COMPLETE
739,0.08910150331165194,2025-04-26 13:06:10.340130,2025-04-26 13:06:19.412507,0 days 00:00:09.072377,0.8543593803753946,2,0.9882080498673004,1.034579604178159,0.10274191663790853,0.09597774034591675,10,7,121,False,False,True,True,False,False,True,False,True,False,True,False,False,True,False,True,True,False,False,False,True,False,True,False,True,True,False,False,False,True,False,False,True,True,True,False,True,False,True,False,True,False,True,False,False,True,True,False,True,False,False,False,True,True,False,COMPLETE
