number,value,datetime_start,datetime_complete,duration,params_bagging_fraction,params_bagging_freq,params_feature_fraction,params_lambda_l1,params_lambda_l2,params_learning_rate,params_max_depth,params_min_child_samples,params_num_leaves,state
0,0.48382134332224225,2025-04-25 15:12:05.625925,2025-04-25 15:12:12.740586,0 days 00:00:07.114661,0.9830129586722248,2,0.7450763399859369,0.11658837531590122,2.3730889124353016,0.12886805481154034,6,28,33,COMPLETE
1,0.4831142456073453,2025-04-25 15:12:12.760058,2025-04-25 15:12:20.667241,0 days 00:00:07.907183,0.9135112106067964,5,0.9277197411577912,0.022644553505272242,0.031841135129888766,0.18536494493319747,5,30,70,COMPLETE
2,0.48150608383909954,2025-04-25 15:12:20.683103,2025-04-25 15:12:37.278071,0 days 00:00:16.594968,0.9065449570168587,4,0.7234880263318362,0.0006179577476340814,0.005613760956602182,0.10007594338263436,11,15,27,COMPLETE
3,0.48443025834427894,2025-04-25 15:12:37.294167,2025-04-25 15:12:46.349928,0 days 00:00:09.055761,0.9319577478058958,3,0.9700721759003921,0.03862724383590286,0.022364886770163423,0.19254066773493608,11,49,62,COMPLETE
4,0.4809142847992291,2025-04-25 15:12:46.365858,2025-04-25 15:13:07.875351,0 days 00:00:21.509493,0.7239294929040909,7,0.6633831023784449,0.012889689307851702,0.0018036646696907807,0.024732248942234702,6,12,46,COMPLETE
5,0.47999955515906556,2025-04-25 15:13:07.891621,2025-04-25 15:13:34.951978,0 days 00:00:27.060357,0.9584648490042563,6,0.8458973577794816,0.0374652313197965,0.005831106782656503,0.022039456525204833,8,11,97,COMPLETE
6,0.4902434399587377,2025-04-25 15:13:34.968480,2025-04-25 15:13:59.143450,0 days 00:00:24.174970,0.9977943347111236,6,0.6310560839290532,3.1227829520164274,0.00011254281949132404,0.025244410307550605,3,37,25,COMPLETE
7,0.4841355689293685,2025-04-25 15:13:59.159783,2025-04-25 15:14:06.982430,0 days 00:00:07.822647,0.9499881907057552,6,0.988379917092894,0.0005863749656425912,0.07665807689143024,0.16811195628044362,4,45,65,COMPLETE
8,0.48297654671124435,2025-04-25 15:14:06.998648,2025-04-25 15:14:17.531977,0 days 00:00:10.533329,0.7542402297464184,3,0.8266056591005155,0.01791096523921765,0.00010340943281232687,0.1623455065444732,4,17,58,COMPLETE
9,0.4901314250890802,2025-04-25 15:14:17.547831,2025-04-25 15:14:41.499053,0 days 00:00:23.951222,0.9602552675704134,5,0.8688584475003716,0.7628966100593604,0.0003011545026551157,0.014215741160325448,4,15,44,COMPLETE
10,0.47956804688042637,2025-04-25 15:14:41.514841,2025-04-25 15:14:53.502414,0 days 00:00:11.987573,0.8576567866947313,1,0.8768046670649603,0.002451248155806293,0.46894437090224866,0.06700727354531952,9,5,98,COMPLETE
11,0.48128786948016933,2025-04-25 15:14:53.518305,2025-04-25 15:15:00.866668,0 days 00:00:07.348363,0.8403806061505548,1,0.8790014001689114,0.003520823085920952,0.7417755646188521,0.05772269729046002,9,6,96,COMPLETE
12,0.4791093555159808,2025-04-25 15:15:00.882561,2025-04-25 15:15:20.859793,0 days 00:00:19.977232,0.8387626518484116,1,0.7904295081599386,0.00012806063298234657,0.27971523825767675,0.04946568336607795,9,5,98,COMPLETE
13,0.4789720846646048,2025-04-25 15:15:20.876025,2025-04-25 15:15:36.368635,0 days 00:00:15.492610,0.6411992397341668,1,0.7637182584244856,0.00011468368199729008,0.2566645449078412,0.057433699447389,9,60,81,COMPLETE
14,0.47956307807926624,2025-04-25 15:15:36.385214,2025-04-25 15:15:50.648855,0 days 00:00:14.263641,0.6064279100544681,2,0.7680324326930403,0.00010439068463187411,6.498510156081943,0.04179764763090556,12,59,81,COMPLETE
15,0.47840710118355706,2025-04-25 15:15:50.664768,2025-04-25 15:16:08.120509,0 days 00:00:17.455741,0.6166135421513073,1,0.7064275615128605,0.0001248206065326879,0.26234637239041136,0.04083144734923529,9,60,82,COMPLETE
16,0.484360898132658,2025-04-25 15:16:08.136865,2025-04-25 15:16:25.682162,0 days 00:00:17.545297,0.6016770467401905,2,0.7025093621396197,0.0005331292289976092,0.14695353683915807,0.039627068828551666,7,60,10,COMPLETE
17,0.47897260708077827,2025-04-25 15:16:25.698227,2025-04-25 15:16:36.646442,0 days 00:00:10.948215,0.6781494368369991,3,0.6740991546867472,0.0020096995426300605,1.0814980071214124,0.08091152166204246,10,50,78,COMPLETE
18,0.4787854617275986,2025-04-25 15:16:36.662793,2025-04-25 15:16:56.375945,0 days 00:00:19.713152,0.6649200832007113,1,0.6004128757797863,0.0002580163102020285,6.829582374753878,0.03598879855008858,8,54,84,COMPLETE
19,0.4814135995497125,2025-04-25 15:16:56.391866,2025-04-25 15:17:27.295542,0 days 00:00:30.903676,0.6884535901030793,2,0.6075190557255313,0.00035626238059972365,9.016468194283776,0.011465708947090227,7,53,87,COMPLETE
20,0.4787008488662817,2025-04-25 15:17:27.312100,2025-04-25 15:17:53.025543,0 days 00:00:25.713443,0.7607605148743691,4,0.6505984601160708,0.35603793387531874,2.47340108713003,0.031363556193924044,8,41,72,COMPLETE
21,0.47976080317924824,2025-04-25 15:17:53.041971,2025-04-25 15:18:12.333527,0 days 00:00:19.291556,0.779448151912967,4,0.6484035332154501,0.30615405498637444,2.208148588101835,0.03346917356507973,8,39,72,COMPLETE
22,0.47846273375939813,2025-04-25 15:18:12.350033,2025-04-25 15:18:40.273969,0 days 00:00:27.923936,0.6667372152996452,4,0.6035818591430263,8.067644591592487,3.3370547805433253,0.031052753605320216,10,54,83,COMPLETE
23,0.47885475451167653,2025-04-25 15:18:40.290413,2025-04-25 15:19:06.249670,0 days 00:00:25.959257,0.7291083104887751,5,0.6931472796969766,8.922338065201076,1.305550352076062,0.01902015787405419,10,43,72,COMPLETE
24,0.47903124160959365,2025-04-25 15:19:06.266224,2025-04-25 15:19:28.571508,0 days 00:00:22.305284,0.6338069612100177,4,0.6352425557613363,3.227362366380463,2.787955437769734,0.029661216488343523,10,55,54,COMPLETE
25,0.4796559869500258,2025-04-25 15:19:28.587755,2025-04-25 15:19:56.587529,0 days 00:00:27.999774,0.7207004511171119,4,0.7100522581809962,0.7329121809762602,3.2577315871991477,0.01681423540565858,12,45,90,COMPLETE
26,0.47891568187910427,2025-04-25 15:19:56.604341,2025-04-25 15:20:24.646369,0 days 00:00:28.042028,0.8080470706558042,3,0.6747256378589952,0.15954549541903137,0.5076223920538857,0.02906318352707496,11,35,75,COMPLETE
27,0.47830949180182253,2025-04-25 15:20:24.661784,2025-04-25 15:20:49.333067,0 days 00:00:24.671283,0.6463769142202058,7,0.6226542990312608,7.52007043302178,0.08484598159542024,0.04909518934967825,7,50,90,COMPLETE
28,0.47892132322153946,2025-04-25 15:20:49.349819,2025-04-25 15:21:08.472392,0 days 00:00:19.122573,0.6539599681768471,6,0.6174177242969647,9.63984374384532,0.08093024463728972,0.08508115783951802,6,48,90,COMPLETE
29,0.48031647340922123,2025-04-25 15:21:08.489015,2025-04-25 15:21:16.459487,0 days 00:00:07.970472,0.6887264473943482,7,0.736445737513374,2.532606789486048,0.02017403532087301,0.12725741277589367,7,56,88,COMPLETE
30,0.4790183390221873,2025-04-25 15:21:16.476149,2025-04-25 15:21:33.630880,0 days 00:00:17.154731,0.6230785224319395,7,0.6894953283960007,1.5405395189727888,0.12542405617632318,0.04848485111146547,10,24,65,COMPLETE
31,0.4784758006193349,2025-04-25 15:21:33.646695,2025-04-25 15:21:58.255423,0 days 00:00:24.608728,0.7017760552253777,5,0.6484825208796382,0.0785599812208368,0.04370258049487918,0.0329928411659377,8,41,78,COMPLETE
32,0.4783453709601385,2025-04-25 15:21:58.271560,2025-04-25 15:22:26.645818,0 days 00:00:28.374258,0.6943641968752683,5,0.6339935033037997,0.1246253262035237,0.0427034907428925,0.04464110039159884,7,51,92,COMPLETE
33,0.4796084504158288,2025-04-25 15:22:26.661369,2025-04-25 15:22:46.527201,0 days 00:00:19.865832,0.6574277173602088,5,0.6003671113124587,6.315696535633713,0.010640861022515503,0.06357160201829785,5,51,91,COMPLETE
34,0.4784460873133946,2025-04-25 15:22:46.543582,2025-04-25 15:23:09.224361,0 days 00:00:22.680779,0.6226663787716379,7,0.6256010619934789,0.008975180491317996,0.04597841836984849,0.045758777770406836,7,57,93,COMPLETE
35,0.47848894575937956,2025-04-25 15:23:09.240983,2025-04-25 15:23:29.176826,0 days 00:00:19.935843,0.6223759324124013,7,0.7273569276285372,0.007279306601492864,0.04174616921329421,0.04707583105372771,6,57,93,COMPLETE
36,0.48004662384012653,2025-04-25 15:23:29.192595,2025-04-25 15:23:44.013778,0 days 00:00:14.821183,0.6384703002466253,6,0.6271625516161674,0.09691928869279173,0.012266412704769792,0.07564478525833221,7,48,93,COMPLETE
37,0.48094391990519014,2025-04-25 15:23:44.030249,2025-04-25 15:23:53.573600,0 days 00:00:09.543351,0.7097734023094302,7,0.6666484540687327,0.007539081601562525,0.001150793752182447,0.09836175412333806,6,30,100,COMPLETE
38,0.48022218729668054,2025-04-25 15:23:53.590728,2025-04-25 15:24:13.124371,0 days 00:00:19.533643,0.6046574609251112,6,0.9318969967310922,0.001543662484562336,0.004087493398988497,0.05345762342762735,5,51,85,COMPLETE
39,0.4790963125534853,2025-04-25 15:24:13.140692,2025-04-25 15:24:30.536681,0 days 00:00:17.395989,0.6213932305937433,7,0.7514436693917808,0.051282476735877845,0.06208108998036468,0.0396446214816679,7,57,94,COMPLETE
