number,value,datetime_start,datetime_complete,duration,params_bagging_fraction,params_bagging_freq,params_feature_fraction,params_lambda_l1,params_lambda_l2,params_learning_rate,params_max_depth,params_min_child_samples,params_num_leaves,params_use_base_price,params_use_category_Beverages,params_use_category_Extras,params_use_category_Pasta,params_use_category_Pizza,params_use_category_Rice Bowl,params_use_category_Salad,params_use_category_Sandwich,params_use_center_id,params_use_center_id_orders_mean,params_use_center_id_orders_median,params_use_center_id_orders_std,params_use_center_type_TYPE_A,params_use_center_type_TYPE_B,params_use_center_type_TYPE_C,params_use_checkout_price,params_use_cuisine_Continental,params_use_cuisine_Indian,params_use_cuisine_Italian,params_use_cuisine_Thai,params_use_demand_pct_change_1,params_use_emailer_for_promotion,params_use_emailer_for_promotion_rolling_sum_3,params_use_homepage_featured,params_use_homepage_featured_rolling_sum_3,params_use_is_holiday_week,params_use_lag1_x_emailer,params_use_lag1_x_home,params_use_meal_id,params_use_meal_id_orders_mean,params_use_meal_id_orders_median,params_use_meal_id_orders_std,params_use_num_orders_lag_1,params_use_num_orders_lag_10,params_use_num_orders_lag_2,params_use_num_orders_lag_3,params_use_num_orders_lag_5,params_use_price_diff,params_use_price_diff_x_emailer,params_use_price_diff_x_home,params_use_rolling_mean_10,params_use_rolling_mean_3,params_use_rolling_mean_5,params_use_rolling_std_10,params_use_rolling_std_3,params_use_rolling_std_5,params_use_rolling_volatility_10,params_use_rolling_volatility_5,params_use_seasonal_regime,params_use_weekofyear,params_use_weekofyear_cos,params_use_weekofyear_sin,params_use_weeks_since_emailer_for_promotion,params_use_weeks_since_homepage_featured,params_use_weeks_to_next_holiday,state
647,0.09037052022525187,2025-04-26 01:56:22.134816,2025-04-26 01:56:27.089734,0 days 00:00:04.954918,0.8726510376068468,4,0.9617845464943745,0.4796549742557531,0.5896529943243485,0.07060297055891049,10,16,124,False,False,True,True,False,True,True,True,True,True,True,False,False,True,False,True,True,False,False,True,True,False,True,True,True,True,False,False,False,True,True,False,True,True,True,False,False,True,True,False,True,False,True,True,False,False,True,False,False,False,False,False,True,False,False,COMPLETE
648,0.09487563527778546,2025-04-26 01:56:27.105337,2025-04-26 01:56:32.157972,0 days 00:00:05.052635,0.8762255471413877,4,0.9658171147936496,0.5085248979848059,0.7697968394212823,0.06044013550792537,10,16,124,False,False,True,True,False,True,True,True,True,True,True,False,False,True,False,True,True,False,False,True,True,False,True,True,True,True,False,False,False,True,True,False,True,True,True,False,False,True,True,False,True,False,True,True,False,False,True,False,False,False,False,False,True,False,False,COMPLETE
649,0.12275068152878758,2025-04-26 01:56:32.173881,2025-04-26 01:56:37.250987,0 days 00:00:05.077106,0.8863368988174954,4,0.8362221974104936,0.4686363470175143,0.5518918943172353,0.07023611054869248,10,15,126,False,False,True,True,False,True,True,True,True,True,True,False,False,True,False,True,True,False,False,True,True,False,True,True,True,True,False,False,False,True,True,False,True,True,True,False,False,True,True,False,True,False,True,True,False,False,True,False,False,False,False,False,True,False,False,COMPLETE
650,0.0936040503526749,2025-04-26 01:56:37.267044,2025-04-26 01:56:42.175591,0 days 00:00:04.908547,0.8705489348774251,4,0.9765409730489304,0.7251863232415294,0.5317039992307918,0.06394024311137719,10,16,124,False,False,True,True,False,True,True,True,True,True,True,False,False,True,False,True,True,False,False,True,True,False,True,True,True,True,False,False,False,False,True,False,True,True,True,False,False,True,True,False,True,False,True,True,False,False,True,False,False,False,False,False,True,False,False,COMPLETE
651,0.0889195567370397,2025-04-26 01:56:42.191889,2025-04-26 01:56:47.200303,0 days 00:00:05.008414,0.8779630022864273,4,0.960555918458425,0.41187474301095967,0.4336462926100172,0.07085646225432643,10,17,128,False,False,True,True,False,True,True,True,True,True,True,False,False,True,False,True,True,False,False,True,True,False,True,True,True,True,False,False,False,True,True,False,True,True,True,False,False,True,True,False,True,False,True,True,False,False,True,False,False,False,False,False,True,False,False,COMPLETE
652,0.08885712555049469,2025-04-26 01:56:47.216114,2025-04-26 01:56:52.194363,0 days 00:00:04.978249,0.8935663604642378,4,0.9576308640599511,0.6578440955287344,0.34677562222826286,0.07119850324225671,10,15,128,False,False,True,True,False,True,True,True,True,True,True,False,False,True,False,True,True,False,False,True,True,False,True,True,True,True,False,False,False,True,True,False,True,True,True,False,False,True,True,False,True,False,True,True,False,False,True,False,False,False,False,False,True,False,False,COMPLETE
653,0.09405162832618776,2025-04-26 01:56:52.210733,2025-04-26 01:56:57.136536,0 days 00:00:04.925803,0.90738181708565,4,0.958420777236045,0.6053761305219539,0.4749975522474721,0.07137279836358773,10,41,128,False,False,True,True,False,True,True,True,True,True,True,False,False,True,False,True,True,False,False,False,True,False,True,True,True,True,False,False,False,True,True,False,True,True,True,False,False,True,True,False,True,False,True,True,False,False,True,False,False,False,False,False,True,False,False,COMPLETE
654,0.0899037651459577,2025-04-26 01:56:57.153001,2025-04-26 01:57:02.127229,0 days 00:00:04.974228,0.8903452369411384,4,0.9562417575648309,0.6732878226058845,0.5784409581679257,0.07172438226363388,10,14,128,False,False,True,True,False,True,True,True,True,True,True,False,False,True,False,True,True,False,False,True,True,False,True,True,True,True,False,False,False,True,True,False,True,True,True,False,False,True,True,False,True,False,True,True,False,False,True,False,False,False,False,False,True,False,False,COMPLETE
655,0.0917049820777639,2025-04-26 01:57:02.143954,2025-04-26 01:57:07.216178,0 days 00:00:05.072224,0.8881020386683939,4,0.9547972670370252,1.054084223199577,0.2876990760458889,0.07290234195061177,10,13,128,False,False,True,True,False,True,True,True,True,True,True,False,False,True,False,True,True,False,False,True,True,False,True,True,True,True,True,False,False,True,True,False,True,True,True,False,True,True,True,False,True,False,True,True,False,False,True,False,False,False,False,False,True,False,False,COMPLETE
656,0.12094624547393455,2025-04-26 01:57:07.232264,2025-04-26 01:57:12.056883,0 days 00:00:04.824619,0.8991183205745984,4,0.8695915188017683,0.7491403069364574,0.3074844330636167,0.07174471304364871,10,14,128,False,False,True,True,False,True,False,True,True,True,True,False,False,True,False,True,True,False,False,True,True,False,True,True,True,True,False,False,False,True,True,False,True,True,True,False,False,False,True,False,True,False,True,True,False,False,True,False,False,False,False,False,True,False,False,COMPLETE
657,0.09019458780431237,2025-04-26 01:57:12.072821,2025-04-26 01:57:16.929255,0 days 00:00:04.856434,0.8803227665218357,4,0.9575671737437432,0.925601196860878,0.38760705378918353,0.06757292434725407,10,15,128,False,False,True,True,False,False,True,True,True,True,True,False,False,True,False,True,True,False,False,True,True,False,True,True,True,True,False,False,False,True,True,False,True,True,True,False,False,True,True,False,True,False,True,False,False,False,True,False,False,False,False,False,True,True,False,COMPLETE
658,0.08951467308358792,2025-04-26 01:57:16.945727,2025-04-26 01:57:21.716810,0 days 00:00:04.771083,0.8972742938896273,4,0.9555929766791236,0.6317092771544117,0.32320749674512217,0.07373832329467007,10,14,128,False,False,True,True,False,False,True,True,True,True,True,False,False,True,False,True,True,False,False,True,True,False,True,True,True,True,False,False,False,True,True,False,True,True,True,False,False,True,True,False,True,False,True,False,False,False,True,False,False,False,False,False,True,True,False,COMPLETE
659,0.09042443061500867,2025-04-26 01:57:21.732696,2025-04-26 01:57:26.522661,0 days 00:00:04.789965,0.8983683235233382,4,0.95578749720616,0.7162529189661593,0.4062915682913457,0.07207092923680618,10,12,128,False,False,True,True,False,False,True,True,True,True,True,False,False,True,False,True,True,False,False,True,True,False,True,True,True,True,False,False,False,True,True,False,True,True,True,False,False,True,True,False,True,False,True,False,False,False,True,False,False,False,False,False,True,True,False,COMPLETE
660,0.0923565672042771,2025-04-26 01:57:26.538464,2025-04-26 01:57:31.329774,0 days 00:00:04.791310,0.888869039149333,4,0.9552738752845258,1.4135178277954497,0.34532256660324545,0.06726231469273318,10,13,126,False,False,True,False,False,True,True,True,True,True,True,False,False,True,False,True,True,False,False,True,True,False,True,True,True,True,False,False,False,True,True,False,True,True,True,False,False,True,True,False,True,False,True,False,False,False,True,False,False,False,False,False,True,True,False,COMPLETE
661,0.6331548652895569,2025-04-26 01:57:31.345382,2025-04-26 01:57:36.160856,0 days 00:00:04.815474,0.8784904013451604,4,0.9598075787856214,0.15719355435676294,0.32479666443554117,0.015390316661375263,10,14,128,False,False,True,True,False,False,True,True,True,False,True,False,False,True,False,True,True,False,False,True,True,False,True,True,True,True,False,False,False,True,True,False,True,True,True,False,False,True,True,False,True,False,True,False,False,False,True,False,False,False,False,False,True,True,False,COMPLETE
662,0.13035650341057733,2025-04-26 01:57:36.176805,2025-04-26 01:57:41.132919,0 days 00:00:04.956114,0.9015245133368256,4,0.8258855883634674,0.9510092396366723,0.38994585054351966,0.07432204493887506,10,14,128,False,False,True,True,False,False,True,True,True,True,True,False,False,True,False,True,True,False,False,True,True,False,True,True,True,True,False,False,False,True,False,True,True,True,True,False,False,True,True,False,True,False,True,False,False,False,True,False,False,False,False,False,True,True,False,COMPLETE
663,0.5962243626661903,2025-04-26 01:57:41.148770,2025-04-26 01:57:45.342717,0 days 00:00:04.193947,0.8915056432353583,4,0.9554640913979835,0.6564030184307902,0.2192592998695546,0.0690019632671458,10,14,128,False,False,True,True,False,False,True,True,True,True,True,False,False,True,False,True,True,False,False,True,False,False,True,True,True,True,False,False,False,True,True,False,True,True,True,False,False,True,True,False,True,False,True,False,False,False,True,False,False,False,False,False,True,True,False,COMPLETE
664,0.09298425794800182,2025-04-26 01:57:45.358417,2025-04-26 01:57:50.134940,0 days 00:00:04.776523,0.894668025467405,4,0.9612472846132138,0.9137505878035638,0.4907485522579371,0.07216723689529243,10,13,126,False,False,True,True,False,False,True,False,True,True,True,False,False,True,False,True,True,False,False,True,True,False,True,True,True,True,False,False,False,True,True,False,True,True,True,False,False,True,True,False,True,False,True,False,False,False,True,False,False,False,False,False,True,True,False,COMPLETE
665,0.42528005407782055,2025-04-26 01:57:50.150745,2025-04-26 01:57:54.580501,0 days 00:00:04.429756,0.8851209970393836,4,0.9548395661621416,1.1791368048671238,0.42447434805293005,0.06748463756532445,10,15,128,False,False,True,True,False,False,True,True,True,True,True,False,False,True,False,True,True,False,False,True,True,False,True,True,True,True,False,False,False,True,True,False,False,True,True,False,False,True,True,False,True,False,True,False,False,False,True,False,False,False,False,False,True,True,False,COMPLETE
666,0.0998642566555671,2025-04-26 01:57:54.596274,2025-04-26 01:57:59.712813,0 days 00:00:05.116539,0.8898746354859365,4,0.9625036560274658,0.602093207045474,0.27708270827284964,0.0747627077990453,10,12,128,False,False,True,True,False,False,True,True,True,True,True,False,False,True,False,True,True,False,False,True,True,False,True,False,True,True,False,False,False,True,True,False,True,True,True,False,False,True,True,False,True,True,True,True,False,False,True,False,True,False,False,False,True,True,False,COMPLETE
667,0.09182614942836677,2025-04-26 01:57:59.728135,2025-04-26 01:58:04.521251,0 days 00:00:04.793116,0.8783804940502201,4,0.9549749164198595,0.5239191520875973,0.34648167743054514,0.06970469062479581,10,15,126,False,False,True,True,False,False,True,True,True,True,True,False,False,True,False,True,True,False,False,True,True,False,True,True,True,True,False,False,False,True,True,False,True,True,True,False,False,True,True,False,True,False,True,False,False,False,True,False,False,False,False,False,True,True,False,COMPLETE
668,0.09005446304928229,2025-04-26 01:58:04.538616,2025-04-26 01:58:09.308025,0 days 00:00:04.769409,0.9044125127929096,4,0.967920543724511,0.39812041223167355,0.3854743740299495,0.07435850136141396,10,14,126,False,False,True,True,False,False,True,True,True,True,True,False,False,True,False,True,True,False,False,True,True,False,True,True,True,True,False,False,False,True,True,False,True,True,True,False,False,True,True,False,True,False,True,False,False,False,True,False,False,False,False,False,True,True,False,COMPLETE
669,0.08946309571343407,2025-04-26 01:58:09.324094,2025-04-26 01:58:14.041233,0 days 00:00:04.717139,0.8939753375529819,4,0.9689557115089658,0.4280441881838644,0.4021626211402967,0.0753440295313457,10,13,125,False,False,True,True,False,False,True,True,True,True,True,False,False,True,False,True,True,False,False,True,True,False,True,True,True,True,False,False,False,True,True,False,True,True,True,False,False,True,True,False,True,False,True,False,False,False,True,False,False,False,False,False,True,True,False,COMPLETE
670,0.09645836679771212,2025-04-26 01:58:14.056721,2025-04-26 01:58:18.793793,0 days 00:00:04.737072,0.9072065930334478,4,0.9704714204138036,0.49699734098455567,0.23557135994756886,0.072968682556579,10,12,125,False,False,True,True,False,False,True,True,True,True,True,False,False,True,False,True,True,False,False,True,True,False,True,True,True,True,False,False,False,False,True,False,True,True,True,False,False,True,True,False,True,False,True,False,False,False,True,False,False,False,False,False,True,True,False,COMPLETE
671,0.0889284958656334,2025-04-26 01:58:18.809656,2025-04-26 01:58:23.539096,0 days 00:00:04.729440,0.9126068366268827,4,0.9767128974706105,0.3856785311511239,0.36422781448595265,0.07589187208630878,10,13,126,False,False,True,True,False,False,True,True,True,True,True,False,False,True,False,True,True,False,False,True,True,False,True,True,True,True,False,False,False,True,True,False,True,True,True,False,False,True,True,False,True,False,True,False,False,False,True,False,False,False,False,False,True,True,False,COMPLETE
672,0.09058368153103313,2025-04-26 01:58:23.555426,2025-04-26 01:58:28.371525,0 days 00:00:04.816099,0.9185421077880431,4,0.98403609229344,0.45088695954689795,0.36495724401673885,0.0664771929833854,10,12,126,False,False,True,True,False,False,True,True,True,True,True,False,False,True,False,True,True,False,False,False,True,False,True,True,True,True,False,False,False,True,True,False,True,True,True,False,False,True,True,False,True,False,True,False,False,False,True,False,False,False,False,False,True,True,False,COMPLETE
673,0.09029425085553716,2025-04-26 01:58:28.387376,2025-04-26 01:58:33.091606,0 days 00:00:04.704230,0.8944811486232179,4,0.9801611157691225,0.39039442400864116,0.24483131761391683,0.0754253982814593,10,13,125,False,False,True,True,False,False,True,True,True,True,True,False,False,True,False,True,True,False,False,True,True,False,True,True,True,True,False,False,False,True,True,False,True,True,True,False,False,True,True,False,True,False,True,False,False,False,True,False,False,False,False,False,True,True,False,COMPLETE
674,0.0900361539241914,2025-04-26 01:58:33.107996,2025-04-26 01:58:37.878314,0 days 00:00:04.770318,0.9113000935301565,3,0.9778446124493454,0.3926563517420847,0.4048520861537987,0.07520874628277312,10,13,126,False,False,True,True,False,False,True,True,True,True,True,False,False,True,False,True,True,False,False,True,True,False,True,True,True,True,False,False,False,True,True,False,True,True,True,False,False,True,True,False,True,False,True,False,False,False,True,False,False,False,False,False,True,True,False,COMPLETE
675,0.09114522815559113,2025-04-26 01:58:37.894095,2025-04-26 01:58:42.710594,0 days 00:00:04.816499,0.9118913516317635,3,0.9771896371657663,0.37767610950764713,0.4373792838986231,0.07439981277696454,10,10,125,False,False,True,True,False,False,True,True,True,True,True,False,False,True,False,True,True,False,False,True,True,False,True,True,True,True,False,False,False,True,True,False,True,True,True,False,False,True,True,False,True,False,True,False,False,False,True,False,False,False,False,False,True,True,False,COMPLETE
676,0.09839110469711228,2025-04-26 01:58:42.726406,2025-04-26 01:58:47.749932,0 days 00:00:05.023526,0.9144694974644483,4,0.983074978825059,0.3346940754034237,0.3203925259386249,0.07637729531146008,10,11,124,False,False,True,True,False,False,True,True,True,True,True,False,False,True,False,True,True,False,False,True,True,False,True,True,True,True,True,False,False,True,True,False,True,True,True,False,True,True,True,False,True,False,True,False,False,False,True,False,False,False,False,False,True,True,False,COMPLETE
677,0.09469045415876802,2025-04-26 01:58:47.766211,2025-04-26 01:58:52.610455,0 days 00:00:04.844244,0.9012590525852618,3,0.9759735673432939,0.3996506763398565,0.42550630238281417,0.07476287432759496,10,11,126,False,False,True,True,False,False,False,True,True,True,True,False,False,True,False,True,True,False,False,True,True,False,True,True,True,True,False,False,False,True,True,False,True,True,True,False,False,True,True,False,True,False,True,False,False,False,True,False,False,False,False,False,True,True,False,COMPLETE
678,0.10239653076271986,2025-04-26 01:58:52.626481,2025-04-26 01:58:58.500189,0 days 00:00:05.873708,0.9057776784066183,2,0.9794722038612549,0.5352031675968707,0.33944776546434996,0.07100135720690096,10,12,124,False,False,True,True,False,False,True,True,True,True,True,False,False,True,False,True,True,False,False,True,True,False,True,True,True,True,False,False,False,True,True,False,True,True,True,False,False,False,True,False,True,False,True,False,False,True,True,False,False,False,False,False,True,True,False,COMPLETE
679,0.09004016228039635,2025-04-26 01:58:58.516092,2025-04-26 01:59:03.471605,0 days 00:00:04.955513,0.9094397429554011,3,0.9726155858929673,0.419872993007437,0.2673364874876237,0.07645972535004192,10,10,126,False,False,True,True,False,False,True,True,True,True,True,False,False,True,False,True,True,False,False,True,True,False,True,True,True,True,False,False,False,True,True,False,True,True,True,False,False,True,True,False,True,False,True,False,False,False,True,False,False,False,False,False,True,True,False,COMPLETE
680,0.09257492789665428,2025-04-26 01:59:03.487399,2025-04-26 01:59:08.338696,0 days 00:00:04.851297,0.9090913181791784,3,0.976150561284451,0.4149259050478115,0.2753532215435442,0.0771423064847016,10,10,126,False,False,True,False,False,False,True,True,True,True,True,False,False,True,False,True,True,False,False,True,True,False,True,True,True,True,False,False,False,True,True,True,True,True,True,False,False,True,True,False,True,False,True,False,False,False,True,False,False,False,False,False,True,True,False,COMPLETE
681,0.08992738879228397,2025-04-26 01:59:08.354769,2025-04-26 01:59:13.205453,0 days 00:00:04.850684,0.9219205000067351,2,0.9866125808967265,0.6376825520180326,0.29442525905432543,0.07682759970009503,10,13,126,False,False,True,True,False,False,True,True,True,True,True,False,False,True,False,True,True,False,False,True,True,False,True,True,True,True,False,False,False,True,False,False,True,True,True,False,False,True,True,False,True,False,True,False,False,False,True,False,False,False,False,False,True,True,False,COMPLETE
682,0.09031255732082437,2025-04-26 01:59:13.221482,2025-04-26 01:59:17.925107,0 days 00:00:04.703625,0.9361836096758939,3,0.9885557957031199,0.6989936577089103,0.29685995845399643,0.07553483922664947,10,10,128,False,False,True,True,False,False,True,True,True,False,True,False,False,True,False,True,True,False,False,True,True,False,True,True,True,True,False,False,False,True,False,False,True,True,True,False,False,True,True,False,True,False,True,False,False,False,True,False,False,False,False,False,True,True,False,COMPLETE
683,0.09239140446940262,2025-04-26 01:59:17.941184,2025-04-26 01:59:22.676854,0 days 00:00:04.735670,0.9169699483502854,3,0.9891542684841156,0.5921587962531751,0.2816854549423977,0.07601737328014518,10,8,126,False,False,True,True,False,False,True,True,True,True,True,False,False,True,False,True,True,False,False,True,True,False,True,True,True,True,False,False,False,True,False,False,True,True,True,False,False,True,True,False,True,False,True,False,False,False,True,False,False,False,False,False,True,True,False,COMPLETE
684,0.5731176546488176,2025-04-26 01:59:22.693634,2025-04-26 01:59:26.727713,0 days 00:00:04.034079,0.9240231189078512,3,0.984282181955452,0.6289705015229838,0.20592621319181925,0.07712981751497806,10,9,124,False,False,True,True,False,False,True,False,True,True,True,False,False,True,False,True,True,False,False,True,False,False,True,True,True,True,False,False,False,True,False,False,False,True,True,False,False,True,True,False,True,False,True,False,False,False,True,False,False,False,False,False,True,True,False,COMPLETE
