number,value,datetime_start,datetime_complete,duration,params_bagging_fraction,params_bagging_freq,params_feature_fraction,params_lambda_l1,params_lambda_l2,params_learning_rate,params_max_depth,params_min_child_samples,params_num_leaves,params_use_base_price,params_use_category_Beverages,params_use_category_Extras,params_use_category_Pasta,params_use_category_Pizza,params_use_category_Rice Bowl,params_use_category_Salad,params_use_category_Sandwich,params_use_center_id,params_use_center_id_orders_mean,params_use_center_id_orders_median,params_use_center_id_orders_std,params_use_center_type_TYPE_A,params_use_center_type_TYPE_B,params_use_center_type_TYPE_C,params_use_checkout_price,params_use_cuisine_Continental,params_use_cuisine_Indian,params_use_cuisine_Italian,params_use_cuisine_Thai,params_use_demand_pct_change_1,params_use_emailer_for_promotion,params_use_emailer_for_promotion_rolling_sum_3,params_use_homepage_featured,params_use_homepage_featured_rolling_sum_3,params_use_is_holiday_week,params_use_lag1_x_emailer,params_use_lag1_x_home,params_use_meal_id,params_use_meal_id_orders_mean,params_use_meal_id_orders_median,params_use_meal_id_orders_std,params_use_num_orders_lag_1,params_use_num_orders_lag_10,params_use_num_orders_lag_2,params_use_num_orders_lag_3,params_use_num_orders_lag_5,params_use_price_diff,params_use_price_diff_x_emailer,params_use_price_diff_x_home,params_use_rolling_mean_10,params_use_rolling_mean_3,params_use_rolling_mean_5,params_use_rolling_std_10,params_use_rolling_std_3,params_use_rolling_std_5,params_use_rolling_volatility_10,params_use_rolling_volatility_5,params_use_seasonal_regime,params_use_weekofyear,params_use_weekofyear_cos,params_use_weekofyear_sin,params_use_weeks_since_emailer_for_promotion,params_use_weeks_since_homepage_featured,params_use_weeks_to_next_holiday,state
495,0.09055947164169886,2025-04-26 01:44:47.330159,2025-04-26 01:44:51.877231,0 days 00:00:04.547072,0.7490409564244231,4,0.9553782469196355,0.04830743820927018,1.621923231129388,0.06243186319879477,9,23,126,False,True,False,True,True,True,True,True,True,True,True,True,False,False,False,False,False,False,True,True,True,False,True,True,True,False,False,True,True,True,True,False,True,True,True,False,False,True,True,False,False,False,False,True,False,False,True,False,False,False,False,True,False,False,False,COMPLETE
496,0.0962592572204168,2025-04-26 01:44:51.893489,2025-04-26 01:44:56.547364,0 days 00:00:04.653875,0.7504970529105376,4,0.9565604101760095,0.052138671432859135,1.4130613548775148,0.06105202432786472,9,23,126,False,True,False,True,True,True,True,True,True,True,True,True,False,False,False,False,False,False,True,True,True,False,True,True,True,False,True,True,True,True,True,False,True,True,True,False,False,True,True,False,False,False,False,True,False,False,True,False,False,False,False,True,False,False,False,COMPLETE
497,0.10750114709106064,2025-04-26 01:44:56.562904,2025-04-26 01:45:01.198857,0 days 00:00:04.635953,0.7531117956618181,4,0.9630293497287232,0.05618325868590985,1.1861224029618698,0.06450728357024516,9,24,125,False,False,False,True,False,True,True,True,True,True,True,True,False,False,False,False,False,False,True,True,True,False,True,True,True,True,False,False,True,True,True,False,True,True,True,False,True,True,True,False,False,False,False,True,False,False,True,False,False,False,False,True,False,False,False,COMPLETE
498,0.09032566748911974,2025-04-26 01:45:01.214386,2025-04-26 01:45:05.637570,0 days 00:00:04.423184,0.7478351693523384,4,0.9529379672324975,0.038648947108317164,1.6128648762190256,0.07050343443248276,9,23,128,False,True,True,True,True,True,True,True,True,True,True,True,False,False,False,False,False,False,True,True,True,False,True,True,True,False,False,True,True,True,True,False,True,True,True,False,False,True,True,False,False,False,False,True,False,False,True,False,False,False,False,True,False,False,False,COMPLETE
499,0.11092828249171531,2025-04-26 01:45:05.653296,2025-04-26 01:45:10.199008,0 days 00:00:04.545712,0.7404529780869225,4,0.9567535305542357,0.06727428830912353,1.5087205593673225,0.06353930771738814,9,24,128,False,False,True,True,False,True,True,True,True,True,True,True,False,False,False,True,False,False,True,True,True,False,True,True,True,True,False,False,True,True,True,False,True,True,True,False,False,False,True,False,False,False,False,True,False,False,True,False,False,False,False,True,False,False,False,COMPLETE
500,0.15424182967978067,2025-04-26 01:45:10.215224,2025-04-26 01:45:13.633900,0 days 00:00:03.418676,0.7468452754325514,4,0.9530928438373162,0.05487249282302863,1.8075289912997048,0.0681843672428998,6,23,128,False,True,True,True,True,True,True,True,True,True,True,True,False,False,False,False,False,False,True,True,True,False,True,True,True,False,False,True,True,True,True,False,True,True,True,False,False,True,True,False,False,False,False,True,False,False,True,True,False,False,False,True,False,False,False,COMPLETE
501,0.10194954839230856,2025-04-26 01:45:13.649381,2025-04-26 01:45:18.133607,0 days 00:00:04.484226,0.7353621708851326,4,0.9599299182469985,0.03673174421337493,1.3606532176332096,0.07024970342235587,9,23,124,False,True,True,True,True,True,True,True,True,True,True,True,False,False,False,False,False,False,True,True,True,False,True,True,True,False,False,True,True,True,True,False,True,True,True,False,False,True,True,False,False,False,False,True,False,True,True,False,False,False,False,True,False,False,False,COMPLETE
502,0.0995136359610907,2025-04-26 01:45:18.149312,2025-04-26 01:45:22.639956,0 days 00:00:04.490644,0.7476129809004088,4,0.9658343690689798,0.042024070112391156,1.0372566965796293,0.07222180537625206,9,12,126,False,False,True,True,False,False,False,True,True,True,True,True,False,False,False,False,False,False,True,True,True,False,True,True,True,True,False,False,True,True,True,False,True,True,True,False,False,True,True,False,False,False,False,True,False,False,True,False,False,False,False,True,False,False,False,COMPLETE
503,0.5654577470036068,2025-04-26 01:45:22.658138,2025-04-26 01:45:26.804583,0 days 00:00:04.146445,0.752947749258853,4,0.952401738222946,0.04366605059643657,1.5434312215665713,0.06636413952385818,9,24,128,False,True,True,True,True,True,True,True,True,True,True,True,False,False,False,False,False,False,True,True,False,False,True,True,True,False,False,True,True,True,True,False,True,True,True,False,False,True,False,False,False,False,False,True,False,False,True,False,False,False,False,True,False,True,False,COMPLETE
504,0.45211982118372934,2025-04-26 01:45:26.820474,2025-04-26 01:45:31.099145,0 days 00:00:04.278671,0.7443709032288,4,0.9497329911715684,0.04874803177662532,1.7888568091361274,0.0725210109170428,9,22,123,False,True,True,True,True,True,True,False,True,True,True,True,False,False,False,False,False,False,True,True,True,False,True,True,True,False,False,True,True,True,True,False,False,True,True,False,False,True,True,False,False,False,False,True,False,False,True,False,False,False,False,True,False,False,False,COMPLETE
505,0.0945512168652524,2025-04-26 01:45:31.115710,2025-04-26 01:45:35.432184,0 days 00:00:04.316474,0.7592068232395015,4,0.9639933956374568,0.036193650068211417,0.9039871018016079,0.07743069733036825,9,24,126,False,False,False,False,False,True,True,True,True,False,True,True,False,False,False,False,False,False,True,True,True,False,True,True,True,True,False,False,True,True,True,False,True,True,True,False,False,True,True,False,False,True,False,False,False,False,True,False,False,False,False,True,False,False,False,COMPLETE
506,0.11405034124751845,2025-04-26 01:45:35.447744,2025-04-26 01:45:40.361236,0 days 00:00:04.913492,0.7500842799216908,3,0.9453202022672045,0.042277651127199334,2.012653839887339,0.054051997934563445,9,22,124,False,True,True,True,True,True,True,True,True,True,True,True,False,True,False,False,False,False,True,True,True,False,True,False,True,False,False,True,True,True,True,False,True,True,True,False,False,True,True,False,False,False,False,True,False,False,True,True,False,False,False,True,True,False,False,COMPLETE
507,0.11431576097457385,2025-04-26 01:45:40.376963,2025-04-26 01:45:45.148949,0 days 00:00:04.771986,0.731015932639704,4,0.9554976086984307,0.04644516230931839,1.3049727972636394,0.06937873598801497,9,23,126,False,False,True,True,False,True,True,True,True,True,True,True,False,False,False,True,False,False,True,True,True,False,True,True,True,True,False,False,False,True,True,False,True,True,True,False,False,True,True,False,True,False,True,True,False,False,True,False,True,False,False,True,False,False,False,COMPLETE
508,0.10429679576438779,2025-04-26 01:45:45.165093,2025-04-26 01:45:49.653507,0 days 00:00:04.488414,0.7565433664252031,4,0.9481649619029723,0.03281868324643775,0.0018029091608476658,0.062429632601085916,9,22,122,False,True,True,True,True,True,True,True,True,True,True,True,False,False,False,False,True,False,True,True,True,False,True,True,True,False,False,True,True,True,True,False,True,True,True,False,False,True,True,False,False,False,False,True,False,False,True,False,False,False,False,True,False,False,False,COMPLETE
509,0.08909907287047876,2025-04-26 01:45:49.669631,2025-04-26 01:45:54.191866,0 days 00:00:04.522235,0.7751007199541377,4,0.9592712914379654,0.035496654861261856,1.7555739237152181,0.07368318401245337,10,23,128,False,True,True,True,True,True,True,True,True,True,True,True,False,False,False,False,False,False,False,True,True,False,True,True,True,False,False,True,True,True,True,False,True,True,True,False,False,True,True,False,False,False,False,True,False,False,True,False,False,False,False,True,False,False,False,COMPLETE
510,0.12353804635436284,2025-04-26 01:45:54.208458,2025-04-26 01:45:58.793187,0 days 00:00:04.584729,0.7843401812118153,4,0.9641926191151988,0.06040862467705611,1.7041229093329167,0.07269187011878825,10,24,127,False,False,True,True,False,True,True,True,True,True,True,True,False,False,False,False,False,False,False,True,True,False,True,True,True,True,False,False,True,False,True,False,True,True,True,False,False,True,True,False,False,False,False,True,False,False,True,False,False,False,False,True,False,False,False,COMPLETE
511,0.08887227714409847,2025-04-26 01:45:58.808687,2025-04-26 01:46:03.500977,0 days 00:00:04.692290,0.7773490985635396,4,0.9604180621707352,0.047502736346054744,1.6954126641269258,0.06658094759203202,10,24,128,False,True,True,True,True,True,True,True,True,True,True,True,False,False,False,False,False,False,False,True,True,False,True,True,True,False,False,True,True,True,True,False,True,True,True,False,False,True,True,False,False,False,False,True,False,False,True,False,False,False,False,True,False,False,False,COMPLETE
512,0.0934367181328744,2025-04-26 01:46:03.516907,2025-04-26 01:46:08.285572,0 days 00:00:04.768665,0.7906794622942561,4,0.9611919271862437,0.0507186214850437,1.2709305203622943,0.06054773343633273,10,24,125,False,True,False,True,True,True,True,True,True,True,True,True,False,False,False,False,False,False,False,True,True,False,True,True,True,False,False,True,True,True,True,False,True,True,True,False,False,True,True,False,False,False,False,True,False,False,True,False,False,False,False,True,False,False,False,COMPLETE
513,0.12134414894080414,2025-04-26 01:46:08.300938,2025-04-26 01:46:13.010031,0 days 00:00:04.709093,0.7385325775157019,4,0.8518125220567971,0.06654319242952551,1.6326423053282717,0.06513612442557984,10,24,128,False,False,True,True,False,True,True,True,True,True,True,True,False,False,False,False,False,False,False,True,True,False,True,True,True,True,False,False,True,True,True,False,True,True,True,False,False,True,True,False,False,False,False,True,False,False,True,False,False,False,False,True,False,False,False,COMPLETE
514,0.0921312195040942,2025-04-26 01:46:13.025908,2025-04-26 01:46:17.650444,0 days 00:00:04.624536,0.7779412252763593,4,0.965985844341185,0.038553819751677675,1.1702528483994359,0.0658835051885224,10,24,128,False,True,True,True,True,True,True,True,True,True,True,False,False,False,False,False,False,False,False,True,True,False,True,True,True,False,False,True,True,True,True,False,True,True,True,False,False,True,True,False,False,False,False,True,False,False,True,False,False,False,False,True,False,False,False,COMPLETE
515,0.1015274391380601,2025-04-26 01:46:17.666449,2025-04-26 01:46:22.334425,0 days 00:00:04.667976,0.7731329490170916,4,0.9596412778738638,0.05267618665685392,1.8231799444389714,0.07884935284891367,10,23,127,False,False,True,True,False,True,True,True,True,True,True,True,False,False,False,False,False,False,True,True,True,False,True,True,True,True,False,False,True,True,True,False,True,True,True,False,False,True,True,False,False,False,False,True,False,False,True,False,False,False,False,True,False,False,False,COMPLETE
516,0.10329871046767632,2025-04-26 01:46:22.349772,2025-04-26 01:46:27.361978,0 days 00:00:05.012206,0.8336689230177118,4,0.9568969986684295,0.043663172845890594,1.497147665627286,0.057717249453651046,10,23,128,False,True,True,True,True,True,True,True,True,True,True,True,False,False,False,True,False,False,False,True,True,False,True,True,True,False,False,True,True,True,True,False,True,True,True,False,True,True,True,False,False,False,False,True,False,False,True,False,False,False,False,True,False,False,False,COMPLETE
517,0.09431400396466405,2025-04-26 01:46:27.378199,2025-04-26 01:46:31.631613,0 days 00:00:04.253414,0.7444071224917085,4,0.9686766484838674,0.07744654127712397,0.2673409544213447,0.08885249350932647,10,24,124,False,True,True,True,True,True,True,True,True,True,True,True,False,False,False,False,False,False,False,True,True,False,True,True,True,False,False,True,True,True,True,False,True,True,True,False,False,False,True,False,False,False,False,True,False,False,True,False,False,False,False,True,False,False,False,COMPLETE
518,0.14617732689241905,2025-04-26 01:46:31.647595,2025-04-26 01:46:35.325750,0 days 00:00:03.678155,0.7830334015897855,4,0.9434010302564565,0.03396613013543549,1.9460732062655879,0.06876196905254806,10,23,44,False,False,True,True,False,True,True,True,True,True,True,True,False,False,False,False,False,False,False,True,True,False,True,True,True,True,True,False,True,True,True,False,True,True,True,False,False,True,True,False,False,False,False,True,False,False,True,False,False,False,False,True,False,False,False,COMPLETE
519,0.12445458915939012,2025-04-26 01:46:35.341117,2025-04-26 01:46:40.115828,0 days 00:00:04.774711,0.7510699891964573,4,0.776535050473374,0.040711727004229877,1.4954197357345445,0.07815158791773796,10,23,126,False,True,True,True,True,True,True,True,True,True,True,True,False,False,False,False,False,False,False,True,True,False,True,True,True,False,False,True,True,True,True,False,True,True,True,False,False,True,True,False,False,False,False,True,False,False,True,False,False,False,False,True,False,False,False,COMPLETE
520,0.10637640829509855,2025-04-26 01:46:40.131765,2025-04-26 01:46:44.819733,0 days 00:00:04.687968,0.7596876181670403,4,0.9009325645367905,0.05685896327594507,2.1247803116661546,0.08349073858326866,10,21,123,False,True,True,True,True,True,True,True,True,True,True,True,False,False,False,False,False,False,False,True,True,False,True,True,True,False,False,True,True,True,True,False,True,True,True,False,False,True,True,False,False,False,False,True,False,False,True,False,False,False,False,True,False,False,False,COMPLETE
521,0.10139819176914983,2025-04-26 01:46:44.835300,2025-04-26 01:46:49.558733,0 days 00:00:04.723433,0.7726008440646539,4,0.9559782874738193,0.03759723068611949,2.149066031720576,0.06315119975383404,10,21,128,False,False,True,True,False,False,False,True,True,True,True,True,False,False,False,False,False,False,False,True,True,False,True,True,True,True,False,False,True,True,True,False,True,True,True,False,False,True,True,False,False,False,False,True,False,False,True,False,False,False,False,True,False,True,False,COMPLETE
522,0.09813935438212724,2025-04-26 01:46:49.574402,2025-04-26 01:46:53.956694,0 days 00:00:04.382292,0.7567731035952221,4,0.9425425314421441,0.047835568176413934,1.7731560111650349,0.07471839232285621,10,24,106,False,True,True,True,True,True,True,True,True,True,True,True,False,False,False,False,False,False,False,True,True,False,True,True,True,False,False,True,True,True,True,False,True,True,True,False,False,True,True,False,False,False,False,False,False,False,True,False,False,False,False,True,False,False,False,COMPLETE
523,0.6973587201615293,2025-04-26 01:46:53.972358,2025-04-26 01:46:56.292877,0 days 00:00:02.320519,0.7642277600628962,4,0.952092924828947,0.03132990893316848,2.2248885930655637,0.04862979243780654,3,17,126,False,False,True,True,False,True,True,True,True,True,True,True,False,False,False,False,False,False,False,True,False,False,True,True,True,True,False,False,True,True,True,False,False,True,True,False,False,True,True,False,False,False,False,True,False,False,True,False,False,False,False,True,False,False,False,COMPLETE
524,0.09788276721171825,2025-04-26 01:46:56.308841,2025-04-26 01:47:00.958068,0 days 00:00:04.649227,0.7423476428284366,4,0.9591443410903716,0.03265385573080812,1.5670933319171343,0.06903222706899273,10,22,128,False,True,False,False,True,True,True,False,True,False,True,True,False,False,False,True,False,False,False,True,True,False,True,True,True,False,False,True,True,True,True,False,True,True,True,False,False,True,True,False,False,False,False,True,False,False,True,False,False,False,False,True,False,False,False,COMPLETE
525,0.10485881525646568,2025-04-26 01:47:00.974067,2025-04-26 01:47:05.694397,0 days 00:00:04.720330,0.7525538208266638,4,0.94632268264864,0.005121563404866043,1.0137709000206787,0.07892943254807444,10,23,123,False,True,True,True,True,True,True,True,True,True,True,True,False,True,False,False,False,False,False,True,True,False,True,True,True,False,False,True,True,True,True,False,True,True,True,False,False,True,True,False,False,True,False,True,False,False,True,False,False,False,False,True,False,False,False,COMPLETE
526,0.174290256043669,2025-04-26 01:47:05.710599,2025-04-26 01:47:10.888537,0 days 00:00:05.177938,0.9415314169552433,3,0.9645048627600815,0.0310403164288745,1.8711577632422765,0.037189653722891354,10,21,124,False,False,True,True,False,True,True,True,True,True,True,True,False,False,False,False,False,False,False,True,True,False,True,False,True,True,False,False,False,True,True,False,True,True,True,False,False,True,True,False,True,False,True,True,False,False,True,False,True,False,False,True,True,False,False,COMPLETE
527,0.09825999212836928,2025-04-26 01:47:10.904009,2025-04-26 01:47:15.397496,0 days 00:00:04.493487,0.7990344388576933,4,0.9417822975709133,0.04259584583739657,1.2814839030629452,0.08518706397058921,9,22,125,False,True,True,True,True,True,True,True,True,True,True,True,False,False,False,False,False,False,False,True,True,False,True,True,True,False,False,True,True,True,True,False,True,True,True,False,False,True,True,False,False,False,False,True,False,False,True,False,False,False,False,True,False,False,False,COMPLETE
528,0.08915372213660548,2025-04-26 01:47:15.413208,2025-04-26 01:47:19.914404,0 days 00:00:04.501196,0.7715788170196076,4,0.9522616196539192,0.06376174264377008,2.247168341594957,0.07440361889487122,9,18,122,False,True,True,True,True,True,True,True,True,True,True,True,False,False,False,False,True,False,False,True,True,False,True,True,True,False,False,True,True,True,True,False,True,True,True,False,False,True,True,False,False,False,False,True,False,False,True,False,False,False,False,True,False,False,False,COMPLETE
529,0.10377167879851144,2025-04-26 01:47:19.930795,2025-04-26 01:47:24.346276,0 days 00:00:04.415481,0.7688499532839193,4,0.9546462862071847,0.06961972057235921,2.2009843373738303,0.08917434210355052,9,17,122,False,False,True,True,False,True,True,True,True,True,True,True,False,False,False,False,True,False,False,True,True,False,True,True,True,True,False,False,True,True,True,False,True,True,True,False,False,True,True,False,False,False,False,True,False,False,True,False,False,False,False,True,False,False,False,COMPLETE
530,0.10318931940310694,2025-04-26 01:47:24.363542,2025-04-26 01:47:28.689572,0 days 00:00:04.326030,0.7617910240487897,4,0.9675869404860354,0.06405540139499814,1.5208547926626639,0.08044916060346705,9,17,126,False,True,True,True,True,True,True,True,True,True,True,True,False,False,False,False,True,False,True,True,True,False,True,True,True,False,False,True,True,False,True,False,True,True,True,False,False,True,True,False,False,False,False,True,False,False,True,False,False,False,False,True,False,False,False,COMPLETE
531,0.08809790793511879,2025-04-26 01:47:28.705393,2025-04-26 01:47:33.216212,0 days 00:00:04.510819,0.7735732295781655,4,0.9600369398456886,0.05627385288777834,1.7730334726054453,0.07075984341047574,9,18,128,False,True,True,True,False,True,True,True,True,True,True,True,False,False,False,False,True,False,False,True,True,False,True,True,True,False,False,True,True,True,True,False,True,True,True,False,False,True,True,False,False,False,False,True,False,False,True,False,False,False,False,True,False,False,False,COMPLETE
532,0.09037184122514115,2025-04-26 01:47:33.232327,2025-04-26 01:47:37.842426,0 days 00:00:04.610099,0.7760340905298084,4,0.9612396299103548,0.07270531411624814,1.122677286844398,0.0599740425791623,10,17,126,False,False,True,True,False,True,True,True,True,True,True,False,False,False,False,False,True,False,False,True,True,False,True,True,True,True,False,False,True,True,True,False,True,True,True,False,False,True,True,False,False,False,False,True,False,False,True,False,False,False,False,True,False,False,False,COMPLETE
