number,value,datetime_start,datetime_complete,duration,params_bagging_fraction,params_bagging_freq,params_feature_fraction,params_lambda_l1,params_lambda_l2,params_learning_rate,params_max_depth,params_min_child_samples,params_num_leaves,params_use_base_price,params_use_category_Beverages,params_use_category_Extras,params_use_category_Pasta,params_use_category_Pizza,params_use_category_Rice Bowl,params_use_category_Salad,params_use_category_Sandwich,params_use_center_id,params_use_center_id_orders_mean,params_use_center_id_orders_median,params_use_center_id_orders_std,params_use_center_type_TYPE_A,params_use_center_type_TYPE_B,params_use_center_type_TYPE_C,params_use_checkout_price,params_use_cuisine_Continental,params_use_cuisine_Indian,params_use_cuisine_Italian,params_use_cuisine_Thai,params_use_demand_pct_change_1,params_use_emailer_for_promotion,params_use_emailer_for_promotion_rolling_sum_3,params_use_homepage_featured,params_use_homepage_featured_rolling_sum_3,params_use_is_holiday_week,params_use_lag1_x_emailer,params_use_lag1_x_home,params_use_meal_id,params_use_meal_id_orders_mean,params_use_meal_id_orders_median,params_use_meal_id_orders_std,params_use_num_orders_lag_1,params_use_num_orders_lag_10,params_use_num_orders_lag_2,params_use_num_orders_lag_3,params_use_num_orders_lag_5,params_use_price_diff,params_use_price_diff_x_emailer,params_use_price_diff_x_home,params_use_rolling_mean_10,params_use_rolling_mean_3,params_use_rolling_mean_5,params_use_rolling_std_10,params_use_rolling_std_3,params_use_rolling_std_5,params_use_rolling_volatility_10,params_use_rolling_volatility_5,params_use_seasonal_regime,params_use_weekofyear,params_use_weekofyear_cos,params_use_weekofyear_sin,params_use_weeks_since_emailer_for_promotion,params_use_weeks_since_homepage_featured,params_use_weeks_to_next_holiday,state
685,0.09220960812336611,2025-04-26 01:59:26.743421,2025-04-26 01:59:31.760566,0 days 00:00:05.017145,0.9277879198358835,2,0.9818645617532804,0.3023232544603627,0.4785497891646371,0.0716230042860988,10,7,126,False,False,True,True,False,False,True,True,True,True,True,False,False,True,False,True,True,False,False,True,True,False,True,True,True,True,False,False,False,True,False,False,True,True,True,False,False,True,True,False,True,True,True,False,False,False,True,False,False,False,False,False,True,True,False,COMPLETE
686,0.08957464836945593,2025-04-26 01:59:31.776216,2025-04-26 01:59:36.523160,0 days 00:00:04.746944,0.8965029235461603,2,0.9843466807205684,0.35253195670730014,0.24839812588659976,0.07955975776976333,10,13,128,False,False,True,True,False,False,True,True,True,True,True,False,False,True,False,True,True,False,False,True,True,False,True,False,True,True,False,False,False,True,False,False,True,True,True,False,False,True,True,False,True,False,True,False,False,False,True,False,False,False,False,False,True,True,False,COMPLETE
687,0.09077770231945866,2025-04-26 01:59:36.538931,2025-04-26 01:59:41.089541,0 days 00:00:04.550610,0.8998318508939029,4,0.9866603607004018,0.5024895401820196,0.35113039473266144,0.08030245667713755,10,12,128,False,False,True,True,False,False,True,True,True,True,True,False,False,True,False,True,True,False,False,True,True,False,True,False,True,True,False,False,False,True,False,False,True,True,True,False,False,True,True,False,True,False,True,False,False,False,True,False,False,False,False,False,True,True,False,COMPLETE
688,0.09291700825454126,2025-04-26 01:59:41.104969,2025-04-26 01:59:46.181980,0 days 00:00:05.077011,0.8976190260657544,2,0.9761034192554251,0.8276980006562762,0.5115182810730239,0.07099456968922974,10,13,128,False,False,True,True,False,False,True,True,True,True,True,False,False,True,False,True,True,False,False,True,True,False,True,False,True,True,False,False,False,True,False,False,True,True,True,False,False,True,True,False,True,False,True,False,False,False,True,False,True,False,False,False,True,True,False,COMPLETE
689,0.09107517289493063,2025-04-26 01:59:46.197622,2025-04-26 01:59:50.974479,0 days 00:00:04.776857,0.8921000496075466,2,0.9827700875760378,0.3448307112624415,0.17342297654522207,0.07969198765902047,10,13,124,False,False,True,True,False,False,True,True,True,True,True,False,False,True,False,True,True,False,False,True,True,False,True,False,True,True,False,False,False,True,False,False,True,True,True,False,False,True,True,False,True,False,True,False,False,False,True,False,False,False,False,False,True,True,False,COMPLETE
690,0.10908169292126936,2025-04-26 01:59:50.990591,2025-04-26 01:59:55.852670,0 days 00:00:04.862079,0.9237053468371776,2,0.9885527082075176,0.5198034667953224,0.22637077634357694,0.0700712324164995,10,11,128,False,False,True,True,False,False,True,True,True,True,True,False,False,True,False,True,True,False,False,True,True,False,True,False,True,True,False,False,False,False,False,False,True,True,True,False,False,True,True,False,True,False,True,False,False,False,True,False,False,False,False,False,True,True,False,COMPLETE
691,0.09277539951672342,2025-04-26 01:59:55.868811,2025-04-26 02:00:00.614600,0 days 00:00:04.745789,0.8924331147917555,4,0.9800926624283848,0.3077155861243265,0.44707006214217,0.07204513115098742,10,14,124,False,False,True,True,False,False,True,True,True,True,True,False,False,True,False,True,True,False,False,True,True,False,True,True,True,True,False,False,False,True,False,False,True,True,True,False,False,True,True,False,True,False,True,False,False,False,True,False,False,False,False,False,True,True,False,COMPLETE
692,0.08967879969075399,2025-04-26 02:00:00.630469,2025-04-26 02:00:05.391222,0 days 00:00:04.760753,0.8822570869694618,2,0.9834842584488641,0.46494809403366383,0.32423597767578266,0.07873461464315215,10,13,126,False,False,True,True,False,False,True,True,True,True,True,False,False,True,False,True,True,False,False,True,True,False,True,False,True,True,False,False,False,True,False,False,True,True,True,False,False,True,True,False,True,False,True,False,False,False,True,False,False,False,False,False,True,True,False,COMPLETE
693,0.08976944604153574,2025-04-26 02:00:05.406313,2025-04-26 02:00:10.096083,0 days 00:00:04.689770,0.8828450164139741,2,0.9842135877548656,0.6872382550539422,0.09806206859693122,0.08304622346487381,10,13,126,False,False,True,True,False,False,True,True,True,True,True,False,False,True,False,True,True,False,False,True,True,False,True,False,True,True,False,False,False,True,False,False,True,True,True,False,False,True,True,False,True,False,True,False,False,False,True,False,False,False,False,False,True,True,False,COMPLETE
694,0.09004824840618357,2025-04-26 02:00:10.111998,2025-04-26 02:00:14.801311,0 days 00:00:04.689313,0.8838379994433114,2,0.9814878661718911,0.6831661481840521,0.12012477979751891,0.08110265270471835,10,12,126,False,False,True,True,False,False,True,True,True,True,True,False,False,True,False,True,True,False,False,False,True,False,True,False,True,True,False,False,False,True,False,False,True,True,True,False,False,True,True,False,True,False,True,False,False,False,True,False,False,False,False,False,True,True,False,COMPLETE
695,0.08950031252703766,2025-04-26 02:00:14.816937,2025-04-26 02:00:19.351626,0 days 00:00:04.534689,0.8811199414887199,2,0.9924267673265743,0.8180122132671949,0.09418156309933752,0.08478664000430058,10,13,124,False,False,True,True,False,False,True,True,True,True,True,False,False,True,False,True,True,False,False,True,True,False,True,False,True,True,False,False,False,True,False,False,True,True,True,False,False,False,True,False,True,False,True,False,False,False,True,False,False,False,False,False,True,True,False,COMPLETE
696,0.09186232054338361,2025-04-26 02:00:19.367539,2025-04-26 02:00:23.979259,0 days 00:00:04.611720,0.8843057744379413,2,0.9925389449056364,0.740598327674709,0.1124880398980298,0.08667988197880151,10,13,123,False,False,True,True,False,False,False,True,True,True,True,False,False,True,False,True,True,False,False,True,True,False,True,False,True,True,True,False,False,True,False,False,True,True,True,False,True,False,True,False,True,False,True,False,False,False,True,False,False,False,False,False,True,True,False,COMPLETE
697,0.08751128071765775,2025-04-26 02:00:23.995334,2025-04-26 02:00:28.550121,0 days 00:00:04.554787,0.8718491301572351,2,0.9920848153958274,0.8218883211007176,0.09064093504696091,0.09079987521877894,10,12,124,False,False,True,True,False,False,True,True,True,True,True,False,False,True,False,True,True,False,False,True,True,False,True,False,True,True,False,False,False,True,False,False,True,True,True,False,False,False,True,False,True,False,True,False,False,True,True,False,False,False,False,False,True,True,False,COMPLETE
698,0.14432592180414236,2025-04-26 02:00:28.566740,2025-04-26 02:00:31.857003,0 days 00:00:03.290263,0.8803304701186744,2,0.9893824795196375,0.794781956677216,0.10554998249483605,0.08890541307287401,5,12,123,False,False,True,True,False,False,True,True,True,True,True,False,False,True,False,True,True,False,False,True,True,False,True,False,True,True,False,False,False,True,False,False,True,True,True,False,False,False,True,False,True,False,True,False,False,True,True,False,False,False,False,False,True,True,False,COMPLETE
699,0.08874135858116895,2025-04-26 02:00:31.872398,2025-04-26 02:00:36.415062,0 days 00:00:04.542664,0.8744688014360906,2,0.9859874682139507,0.9900083977945502,0.08716950824986508,0.09111547485697635,10,11,128,False,False,True,True,False,False,True,True,True,True,True,False,False,True,False,True,True,False,False,True,True,False,True,False,True,True,False,False,False,True,False,False,True,True,True,False,False,False,True,False,True,False,True,False,False,True,True,False,False,False,False,False,True,True,False,COMPLETE
700,0.1074593474055091,2025-04-26 02:00:36.430940,2025-04-26 02:00:40.377250,0 days 00:00:03.946310,0.8774019597119816,2,0.9958864789871583,1.0218522785230413,0.0907053027586874,0.09217702750638387,7,11,124,False,False,True,False,False,False,True,True,True,False,True,False,False,True,False,True,True,False,False,True,True,False,True,False,True,True,False,False,False,True,False,True,True,True,True,False,False,False,True,False,True,False,True,False,False,True,True,False,False,False,False,False,True,True,False,COMPLETE
701,0.08830509726472108,2025-04-26 02:00:40.392938,2025-04-26 02:00:44.945143,0 days 00:00:04.552205,0.8729476154195748,2,0.9892970158482569,1.582115485414204,0.06314770541204495,0.0939806209912395,10,11,128,False,False,True,True,False,False,True,True,True,True,True,False,False,True,False,True,True,False,False,True,True,False,True,False,True,True,False,False,False,True,False,False,True,True,True,False,False,False,True,False,True,False,True,False,False,True,True,False,False,False,False,False,True,True,False,COMPLETE
702,0.08865435623957711,2025-04-26 02:00:44.960955,2025-04-26 02:00:49.470772,0 days 00:00:04.509817,0.8726739164299118,2,0.987481385602708,1.5828672304919975,0.060499739765194384,0.09570185294165454,10,11,122,False,False,True,True,False,False,True,True,True,True,True,False,False,True,False,True,True,False,False,True,True,False,True,False,True,True,False,False,False,True,False,False,True,True,True,False,False,False,True,False,True,False,True,False,False,True,True,False,False,False,False,False,True,True,False,COMPLETE
703,0.5807203481576724,2025-04-26 02:00:49.486671,2025-04-26 02:00:53.378808,0 days 00:00:03.892137,0.8725184755926843,2,0.9941796179676864,2.1102553024805526,0.06307223617959541,0.09521970754142156,10,11,122,False,False,True,True,False,False,True,True,True,True,True,False,False,True,False,True,True,False,False,True,False,False,True,False,True,True,False,False,False,True,False,False,False,True,True,False,False,False,True,False,True,False,True,False,False,True,True,False,False,False,False,False,True,True,False,COMPLETE
704,0.08822781494990184,2025-04-26 02:00:53.394729,2025-04-26 02:00:57.926254,0 days 00:00:04.531525,0.8701521505106681,2,0.9942257726113912,1.6034760429242696,0.0757380844642142,0.08836819072404441,10,11,122,False,False,True,True,False,False,True,False,True,True,True,False,False,True,False,True,True,False,False,True,True,False,True,False,True,True,False,False,False,True,False,False,True,True,True,False,False,False,True,False,True,False,True,False,False,True,True,False,False,False,False,False,True,True,False,COMPLETE
705,0.09068902300033517,2025-04-26 02:00:57.941905,2025-04-26 02:01:02.517882,0 days 00:00:04.575977,0.8632495669549577,2,0.9944385101006199,1.4779969628675986,0.06792424406598618,0.0946266131665459,10,10,121,False,False,True,True,False,False,True,False,True,True,True,False,False,True,False,True,True,False,False,True,True,False,True,False,True,True,False,False,False,True,False,False,True,True,True,False,False,False,True,False,True,True,True,False,False,True,True,False,False,False,False,False,True,True,False,COMPLETE
706,0.089541095573991,2025-04-26 02:01:02.534510,2025-04-26 02:01:07.030018,0 days 00:00:04.495508,0.8711882579310066,2,0.992416878547504,1.7711845488540485,0.07563131947342473,0.09356276739228421,10,11,122,False,False,True,True,False,False,True,False,True,True,True,False,False,True,False,True,True,False,False,True,True,False,True,False,True,True,False,False,False,True,False,False,True,True,True,False,False,False,True,False,True,False,True,False,False,True,True,False,False,False,False,False,True,True,False,COMPLETE
707,0.0891122090979466,2025-04-26 02:01:07.045494,2025-04-26 02:01:11.574619,0 days 00:00:04.529125,0.8707703845393598,2,0.9930595974790923,1.6460722383651831,0.07622910414286342,0.09302969509801387,10,10,121,False,False,True,True,False,False,True,False,True,True,True,False,False,True,False,True,True,False,False,True,True,False,True,False,True,True,False,False,False,True,False,False,True,True,True,False,False,False,True,False,True,False,True,False,False,True,True,False,False,False,False,False,True,True,False,COMPLETE
708,0.08824364018517113,2025-04-26 02:01:11.591110,2025-04-26 02:01:16.107623,0 days 00:00:04.516513,0.8567191785077873,2,0.9940839495243711,2.398790783668167,0.0782021217634594,0.09977970591407376,10,9,121,False,False,True,True,False,False,True,False,True,True,True,False,False,True,False,True,True,False,False,True,True,False,True,False,True,True,False,False,False,True,False,False,True,True,True,False,False,False,True,False,True,False,True,False,False,True,True,False,True,False,False,False,True,True,False,COMPLETE
709,0.08918936460201067,2025-04-26 02:01:16.123523,2025-04-26 02:01:20.612990,0 days 00:00:04.489467,0.8705745652122386,2,0.995698833224224,1.8649315509666764,0.05748435502384713,0.09963786396677411,10,9,120,False,False,True,True,False,False,True,False,True,True,True,False,False,True,False,True,True,False,False,True,True,False,True,False,True,True,False,False,False,True,False,False,True,True,True,False,False,False,True,False,True,False,True,False,False,True,True,False,True,False,False,False,True,True,False,COMPLETE
710,0.1088734594939072,2025-04-26 02:01:20.629173,2025-04-26 02:01:25.114695,0 days 00:00:04.485522,0.8611543932931486,2,0.9995190349350176,1.8274050891890992,0.0519516879591617,0.0929456843404326,10,9,119,False,False,True,True,False,False,True,False,True,True,True,False,False,True,False,True,True,False,False,True,True,False,True,False,True,True,False,False,False,False,False,False,True,True,True,False,False,False,True,False,True,False,True,False,False,True,True,False,True,False,False,False,True,True,False,COMPLETE
711,0.08846079653257283,2025-04-26 02:01:25.130368,2025-04-26 02:01:29.615998,0 days 00:00:04.485630,0.8470728538832448,2,0.9944953003843439,2.6652057948151637,0.07890922348780852,0.09900738158957635,10,10,120,False,False,True,True,False,False,True,False,True,True,True,False,False,True,False,True,True,False,False,False,True,False,True,False,True,True,False,False,False,True,False,False,True,True,True,False,False,False,True,False,True,False,True,False,False,True,True,False,True,False,False,False,True,True,False,COMPLETE
712,0.08919043966110123,2025-04-26 02:01:29.631754,2025-04-26 02:01:34.235890,0 days 00:00:04.604136,0.8679787159032131,2,0.9930360288083365,2.7946682218242875,0.05385600124190455,0.10079612625432056,10,9,119,False,False,True,True,False,False,True,False,True,True,True,False,False,True,False,True,True,False,False,True,True,False,True,False,True,True,False,False,False,True,False,False,True,True,True,False,False,False,True,False,True,False,True,False,False,True,True,False,True,False,False,False,True,True,False,COMPLETE
713,0.090600195885685,2025-04-26 02:01:34.251496,2025-04-26 02:01:38.732576,0 days 00:00:04.481080,0.8490251690168095,2,0.995653493577173,2.7229782917308696,0.05332506958697496,0.10127496762597638,10,8,119,False,False,True,True,False,False,True,False,True,True,True,False,False,True,False,True,True,False,False,False,True,False,True,False,True,True,False,False,False,True,False,False,True,True,True,False,False,False,True,False,True,False,True,False,False,True,True,False,True,False,False,False,True,True,False,COMPLETE
714,0.09059658180983099,2025-04-26 02:01:38.748345,2025-04-26 02:01:43.257029,0 days 00:00:04.508684,0.8670896431842233,2,0.9976893309225535,2.3079567823375533,0.04189492244747698,0.09984658523118008,10,9,119,False,False,True,True,False,False,True,False,True,True,True,False,False,True,False,True,True,False,False,False,True,False,True,False,True,True,False,False,False,True,False,False,True,True,True,False,False,False,True,False,True,False,True,False,False,True,True,False,True,False,False,False,True,True,False,COMPLETE
715,0.08917937138933706,2025-04-26 02:01:43.272865,2025-04-26 02:01:47.890425,0 days 00:00:04.617560,0.8573278960957924,2,0.991258541672384,1.6946181475922073,0.08111451344485657,0.10098047401174771,10,9,119,False,False,True,True,False,False,True,False,True,True,True,False,False,True,False,True,True,False,False,False,True,False,True,False,True,True,False,False,False,True,False,False,True,True,True,False,True,False,True,False,True,False,True,False,False,True,True,False,True,False,False,False,True,True,False,COMPLETE
716,0.09211818374577752,2025-04-26 02:01:47.906153,2025-04-26 02:01:52.456442,0 days 00:00:04.550289,0.8527936129210244,2,0.9920036028543352,1.2683304648989717,0.07580246260088412,0.10661771732199037,10,7,120,False,False,True,True,False,False,False,False,True,True,True,False,False,True,False,True,True,False,False,False,True,False,True,False,True,True,False,False,False,True,False,False,True,True,True,False,True,False,True,False,True,False,True,False,False,True,True,False,True,False,False,False,True,True,False,COMPLETE
717,0.09094194455246585,2025-04-26 02:01:52.472301,2025-04-26 02:01:57.104616,0 days 00:00:04.632315,0.8590983853114103,2,0.9902036886225222,2.029413356205739,0.05689576223254235,0.09871825851797957,10,9,118,False,False,True,True,False,False,True,False,True,True,True,False,False,True,False,True,True,False,False,False,True,False,True,False,True,True,True,False,False,True,False,False,True,True,True,False,True,False,True,False,True,False,True,False,False,True,True,False,True,False,False,False,True,True,False,COMPLETE
718,0.0896365897629768,2025-04-26 02:01:57.120620,2025-04-26 02:02:01.743732,0 days 00:00:04.623112,0.8703320355983749,2,0.9962570680539495,1.5300864829487748,0.13958918622333188,0.10119036536017333,10,10,120,False,False,True,True,False,False,True,False,True,True,True,False,False,True,False,True,True,False,False,False,True,False,True,False,True,True,False,False,False,True,False,False,True,True,True,False,True,False,True,False,True,False,True,False,False,True,True,False,True,False,False,False,True,True,False,COMPLETE
719,0.09497452679412925,2025-04-26 02:02:01.759800,2025-04-26 02:02:06.249398,0 days 00:00:04.489598,0.8555608847041081,2,0.9909441155446161,1.7869623010399571,0.0642440830288084,0.10275346805055605,10,9,121,False,False,True,False,False,False,True,False,True,True,True,False,False,True,False,True,True,False,False,False,True,False,True,False,True,True,False,False,False,True,False,False,True,True,True,False,False,False,True,False,True,False,True,False,False,True,True,False,True,False,False,False,True,True,False,COMPLETE
720,0.0978810108842691,2025-04-26 02:02:06.265073,2025-04-26 02:02:10.413259,0 days 00:00:04.148186,0.865410655759636,2,0.9985643643001656,3.349129352027869,0.0837288370546184,0.0970815156355114,10,8,80,False,False,True,True,False,False,True,False,True,True,True,False,False,True,False,True,True,False,False,False,True,False,True,False,True,True,False,False,False,True,False,False,True,True,True,False,False,False,True,False,True,False,True,False,False,True,True,False,True,False,False,False,True,True,False,COMPLETE
721,0.08833059438811479,2025-04-26 02:02:10.429190,2025-04-26 02:02:15.052827,0 days 00:00:04.623637,0.8432937440196236,2,0.9998227199545039,2.2166616081704933,0.07935257395089428,0.10282789161086503,10,9,121,False,False,True,True,False,False,True,False,True,True,True,False,False,True,False,True,True,False,False,False,True,False,True,False,True,True,False,False,False,True,False,False,True,True,True,False,True,False,True,False,True,False,True,False,False,True,True,False,True,False,False,False,True,True,False,COMPLETE
722,0.5590167003197033,2025-04-26 02:02:15.069518,2025-04-26 02:02:19.200522,0 days 00:00:04.131004,0.8454996775121815,2,0.9915218230060191,2.5118910679953776,0.07120486088783366,0.110221626933551,10,8,118,False,False,True,True,False,False,True,False,True,False,True,False,False,True,False,True,True,False,False,False,False,False,True,False,True,True,False,False,False,True,False,True,True,True,True,False,True,False,True,False,True,False,True,False,False,True,True,False,True,False,False,False,True,True,False,COMPLETE
