number,value,datetime_start,datetime_complete,duration,params_bagging_fraction,params_bagging_freq,params_feature_fraction,params_lambda_l1,params_lambda_l2,params_learning_rate,params_max_depth,params_min_child_samples,params_num_leaves,params_use_base_price,params_use_category_Beverages,params_use_category_Extras,params_use_category_Pasta,params_use_category_Pizza,params_use_category_Rice Bowl,params_use_category_Salad,params_use_category_Sandwich,params_use_center_id,params_use_center_id_orders_mean,params_use_center_id_orders_median,params_use_center_id_orders_std,params_use_center_type_TYPE_A,params_use_center_type_TYPE_B,params_use_center_type_TYPE_C,params_use_checkout_price,params_use_cuisine_Continental,params_use_cuisine_Indian,params_use_cuisine_Italian,params_use_cuisine_Thai,params_use_demand_pct_change_1,params_use_emailer_for_promotion,params_use_emailer_for_promotion_rolling_sum_3,params_use_homepage_featured,params_use_homepage_featured_rolling_sum_3,params_use_is_holiday_week,params_use_lag1_x_emailer,params_use_lag1_x_home,params_use_meal_id,params_use_meal_id_orders_mean,params_use_meal_id_orders_median,params_use_meal_id_orders_std,params_use_num_orders_lag_1,params_use_num_orders_lag_10,params_use_num_orders_lag_2,params_use_num_orders_lag_3,params_use_num_orders_lag_5,params_use_price_diff,params_use_price_diff_x_emailer,params_use_price_diff_x_home,params_use_rolling_mean_10,params_use_rolling_mean_3,params_use_rolling_mean_5,params_use_rolling_std_10,params_use_rolling_std_3,params_use_rolling_std_5,params_use_rolling_volatility_10,params_use_rolling_volatility_5,params_use_seasonal_regime,params_use_weekofyear,params_use_weekofyear_cos,params_use_weekofyear_sin,params_use_weeks_since_emailer_for_promotion,params_use_weeks_since_homepage_featured,params_use_weeks_to_next_holiday,state
34,0.13107962475287296,2025-04-26 01:13:42.608623,2025-04-26 01:13:46.772136,0 days 00:00:04.163513,0.9229486334197273,3,0.9824694253191035,0.8345116374801677,6.400655666364342,0.04198812847296115,10,34,107,False,False,True,False,False,False,False,False,False,False,True,False,False,False,True,True,False,False,False,False,True,True,True,False,False,True,False,False,False,True,False,True,True,False,False,False,False,False,False,False,False,False,False,False,True,False,True,False,True,False,False,False,False,True,False,COMPLETE
35,0.6249517130222244,2025-04-26 01:13:46.787928,2025-04-26 01:13:50.642884,0 days 00:00:03.854956,0.8842052686627623,4,0.871965404788366,4.900068303571315,3.1135231897140248,0.03149032731831685,10,31,116,False,False,False,True,False,False,True,False,True,True,True,False,False,False,True,False,False,False,False,False,False,True,True,True,False,True,False,False,True,True,False,True,True,False,True,True,False,False,False,False,False,True,False,True,False,False,True,False,True,True,False,False,False,True,False,COMPLETE
36,0.43316349957454464,2025-04-26 01:13:50.658372,2025-04-26 01:13:55.083294,0 days 00:00:04.424922,0.9386746728408576,2,0.7847555458285783,2.730067338869315,0.009244796177390541,0.06727139912265956,10,45,127,True,False,True,False,True,False,False,False,False,False,True,False,True,True,True,True,False,True,True,True,True,False,True,False,False,True,False,False,False,True,True,True,False,False,False,False,False,True,False,False,True,False,False,False,True,False,True,True,False,False,False,False,True,True,False,COMPLETE
37,0.5572842744511545,2025-04-26 01:13:55.098644,2025-04-26 01:13:59.156077,0 days 00:00:04.057433,0.9803743856111726,3,0.7128323768166072,0.009653952854653383,0.003655946427076145,0.0778192035699652,8,50,99,False,True,True,True,False,False,True,False,True,True,False,True,False,False,True,True,True,False,False,False,False,True,True,False,False,False,False,True,True,True,False,True,True,False,True,False,False,False,True,True,False,False,True,True,False,False,True,False,True,True,True,False,False,True,True,COMPLETE
38,0.36383561976742024,2025-04-26 01:13:59.172197,2025-04-26 01:14:03.432350,0 days 00:00:04.260153,0.7531988423457876,5,0.9850125592314848,1.7935740946820216,0.8447617470247656,0.04163111902752773,9,39,122,False,False,False,False,True,True,False,False,False,False,True,False,True,False,True,False,False,True,True,True,True,False,True,True,False,True,True,False,False,True,False,True,False,False,False,True,True,True,False,False,False,True,False,False,True,True,False,False,False,False,False,False,True,False,False,COMPLETE
39,0.16290107134574253,2025-04-26 01:14:03.447985,2025-04-26 01:14:08.119841,0 days 00:00:04.671856,0.7798596536764508,2,0.7409854736182341,0.2722498577698542,6.650431484348603,0.09775145593330221,10,42,114,False,False,True,False,False,True,True,True,False,True,False,True,False,True,False,True,True,False,False,False,True,True,True,False,True,True,False,False,False,False,True,True,True,False,False,False,False,False,False,False,True,False,True,True,True,False,True,True,True,True,True,False,False,False,False,COMPLETE
40,0.6171363517995562,2025-04-26 01:14:08.135038,2025-04-26 01:14:11.082459,0 days 00:00:02.947421,0.9259013662903213,4,0.8328542178394882,0.12585615374724393,1.9075638519795015,0.058098203750041696,5,30,123,True,True,True,True,False,False,False,False,True,False,True,False,False,False,True,True,False,False,True,True,False,False,False,False,False,False,True,True,True,True,False,False,False,True,True,True,True,False,True,True,False,False,False,False,False,False,True,False,False,False,False,True,True,True,True,COMPLETE
41,0.1271461190695509,2025-04-26 01:14:11.098218,2025-04-26 01:14:15.382868,0 days 00:00:04.284650,0.9510775287717178,2,0.8015929577141986,1.4506836790452984,3.0248529566421825,0.06482178621181865,9,40,119,False,False,True,False,False,False,False,False,False,False,True,False,False,False,True,True,False,False,False,False,True,True,True,False,False,True,False,False,False,True,False,True,True,False,False,False,False,False,False,False,False,False,False,False,True,False,True,False,True,False,False,False,False,True,False,COMPLETE
42,0.12152994537904871,2025-04-26 01:14:15.398723,2025-04-26 01:14:19.585880,0 days 00:00:04.187157,0.9769542985065861,5,0.8574719846637855,0.7539793307732061,3.792743943658489,0.05610611484800545,10,36,118,False,False,True,False,False,False,False,False,False,False,True,False,False,False,True,True,False,False,False,False,True,True,True,False,False,True,False,False,False,True,False,True,True,False,False,False,False,False,False,False,False,False,False,False,True,False,True,False,True,False,False,False,False,True,False,COMPLETE
43,0.14146520770287016,2025-04-26 01:14:19.601411,2025-04-26 01:14:22.982283,0 days 00:00:03.380872,0.9865602318101281,1,0.841975035413164,1.2401012302699443,6.73480253236031,0.04888175044504677,9,44,108,False,False,True,False,False,False,False,False,False,False,True,False,False,False,True,True,False,False,False,False,True,True,True,False,False,True,False,False,False,True,False,True,True,False,False,False,False,False,False,False,False,False,False,False,True,False,True,False,True,False,False,False,False,True,False,COMPLETE
44,0.18742253906117615,2025-04-26 01:14:22.998011,2025-04-26 01:14:27.435222,0 days 00:00:04.437211,0.9443623701397961,4,0.911243311313374,2.1724204191625307,1.7966969269469943,0.03619013983076538,10,48,128,False,False,True,False,False,False,False,False,False,False,True,False,False,False,True,True,True,False,False,False,True,True,True,False,False,True,False,False,False,True,False,True,True,False,False,False,False,False,False,False,False,False,True,False,True,False,True,False,True,False,False,False,False,True,False,COMPLETE
45,0.2162175699253163,2025-04-26 01:14:27.451124,2025-04-26 01:14:31.522899,0 days 00:00:04.071775,0.9609691763817175,6,0.8228260236383903,0.5517504634421042,9.971781318922444,0.043718563662414486,9,40,93,False,False,False,False,False,True,False,False,False,True,False,False,False,False,True,False,False,True,False,False,True,True,True,False,False,True,False,False,False,True,True,True,True,False,False,False,False,True,False,False,False,False,False,False,True,False,True,False,True,True,False,False,False,False,False,COMPLETE
46,0.09908217393551923,2025-04-26 01:14:31.538266,2025-04-26 01:14:35.576564,0 days 00:00:04.038298,0.8666252809591104,4,0.870523719056309,5.589820261320959,0.7215567757234854,0.0820882213745126,10,33,123,False,False,True,False,False,False,False,True,False,False,True,False,True,False,True,True,False,False,False,False,True,True,True,True,False,True,False,False,True,True,False,True,True,False,False,False,False,False,False,False,False,False,False,False,True,False,False,False,False,False,True,False,False,True,True,COMPLETE
47,0.1786582897243779,2025-04-26 01:14:35.592823,2025-04-26 01:14:39.051805,0 days 00:00:03.458982,0.8138727579965557,4,0.9445531982910966,3.4440133851426578,0.710814894917114,0.1656633447266105,10,29,45,False,False,True,False,True,False,False,True,False,False,True,False,True,True,False,True,False,False,False,False,True,True,False,True,True,True,False,False,True,False,False,False,True,True,False,True,False,False,False,False,True,True,True,False,True,True,False,True,False,False,True,True,True,True,True,COMPLETE
48,0.44936647544822444,2025-04-26 01:14:39.067520,2025-04-26 01:14:43.176389,0 days 00:00:04.108869,0.8957147140720482,3,0.8998693902281035,9.848511267893972,0.06854868984288262,0.08487882108225518,8,26,124,True,True,True,False,False,True,True,True,True,False,True,True,True,False,True,True,True,False,True,False,True,True,True,True,False,False,True,True,True,True,False,False,False,False,True,False,True,False,True,True,False,False,False,True,False,False,False,False,False,False,True,False,False,False,True,COMPLETE
49,0.579084180529364,2025-04-26 01:14:43.191781,2025-04-26 01:14:46.618427,0 days 00:00:03.426646,0.8531530827826248,4,0.8679640055295493,6.39464997008648,0.18414286031017696,0.11793881882452019,10,33,101,False,False,False,False,False,False,False,True,False,False,True,False,True,False,False,False,False,True,False,True,False,False,False,True,True,True,False,False,True,False,False,True,True,True,False,False,False,True,False,False,False,False,False,False,True,True,False,False,False,False,True,True,False,True,True,COMPLETE
50,0.680881601461492,2025-04-26 01:14:46.633717,2025-04-26 01:14:48.841759,0 days 00:00:02.208042,0.9132649207219455,4,0.9625585796899174,4.874252860732023,6.163068902800346,0.07259110771891882,3,35,111,False,False,True,False,False,False,False,True,False,True,False,False,True,False,False,True,False,False,False,False,True,True,False,True,True,True,False,False,True,False,True,False,True,False,False,False,False,False,False,False,False,False,False,False,True,True,False,False,False,True,True,False,False,True,True,COMPLETE
51,0.11237433309931966,2025-04-26 01:14:48.857677,2025-04-26 01:14:53.140447,0 days 00:00:04.282770,0.987154113969128,3,0.8822803205033041,1.1594345195262425,2.3491411603475125,0.05926106450774247,9,38,121,False,False,True,False,False,False,False,True,False,False,True,False,True,False,True,True,False,False,False,False,True,True,True,True,False,True,False,False,True,True,False,True,True,False,False,False,False,False,False,False,False,False,False,False,True,False,False,False,False,False,True,False,False,True,True,COMPLETE
52,0.10005255707408085,2025-04-26 01:14:53.156174,2025-04-26 01:14:57.362382,0 days 00:00:04.206208,0.9909015384158666,3,0.8882998568244064,2.6661242206584963,1.5224784911352078,0.08981148919042081,10,32,124,False,False,True,False,False,False,False,True,False,False,True,False,True,False,True,True,False,False,False,False,True,True,True,True,False,True,False,False,True,True,False,True,True,False,False,False,False,False,False,False,False,False,False,False,True,False,False,False,False,False,True,False,False,True,True,COMPLETE
53,0.10184018303487889,2025-04-26 01:14:57.378633,2025-04-26 01:15:01.591461,0 days 00:00:04.212828,0.9891246416367855,3,0.893664088687855,2.6578447468692277,0.4215696500444758,0.08807208931118964,10,32,124,False,False,True,False,False,False,False,True,False,False,True,False,True,False,True,True,False,False,False,False,True,True,True,True,False,True,False,False,True,True,False,True,True,False,False,False,False,False,False,False,False,False,False,False,True,False,False,False,False,False,True,False,False,True,True,COMPLETE
54,0.10099430857520342,2025-04-26 01:15:01.607431,2025-04-26 01:15:05.814428,0 days 00:00:04.206997,0.9856578826133585,3,0.8870577087103818,6.792540664318779,0.40401930121112445,0.0868244151370438,10,37,124,False,False,True,False,False,False,False,True,False,False,True,False,True,False,True,True,False,False,False,False,True,True,True,True,False,True,False,False,True,True,False,True,True,False,False,False,False,False,False,False,False,False,False,False,True,False,False,False,False,False,True,False,False,True,True,COMPLETE
55,0.14241756373591466,2025-04-26 01:15:05.830172,2025-04-26 01:15:09.854771,0 days 00:00:04.024599,0.999331888600163,2,0.8957347917873507,6.661644949838009,0.3972226794831478,0.14191952456174836,10,26,114,False,False,True,False,False,False,False,True,False,False,True,False,True,False,True,True,False,False,False,False,True,True,True,True,False,True,False,False,True,True,False,True,True,False,False,False,False,False,False,False,False,False,False,False,True,False,False,False,False,False,True,False,False,True,True,COMPLETE
56,0.10318389953381886,2025-04-26 01:15:09.870039,2025-04-26 01:15:14.040517,0 days 00:00:04.170478,0.966310496867388,3,0.9200784050136177,3.6077861393415884,0.2222153027296745,0.08866999848152429,10,32,124,False,False,True,False,False,False,False,True,False,False,True,False,True,False,True,True,False,False,False,False,True,True,True,True,False,True,False,False,True,True,False,True,True,False,False,False,False,False,False,False,False,False,False,False,True,False,False,False,False,False,True,False,False,True,True,COMPLETE
57,0.10599395943341679,2025-04-26 01:15:14.056982,2025-04-26 01:15:18.142907,0 days 00:00:04.085925,0.9678397857832383,3,0.9231594060276149,3.8693662935436635,0.4715794892242955,0.09286537721152291,9,35,108,False,False,True,False,False,False,False,True,False,False,True,False,True,False,True,True,False,False,False,False,True,True,True,True,False,True,False,False,True,True,False,True,True,False,False,True,False,False,False,False,False,False,False,False,True,False,False,False,False,False,True,False,False,True,True,COMPLETE
58,0.10173480412712489,2025-04-26 01:15:18.159147,2025-04-26 01:15:22.709736,0 days 00:00:04.550589,0.9862272484127463,3,0.90862991850165,2.5334895487802327,0.22201050258413568,0.11182620252281573,10,31,124,False,False,True,False,False,False,False,True,False,False,True,False,True,True,True,True,True,False,False,False,True,True,True,True,False,True,False,False,True,True,False,True,True,False,False,False,False,False,False,False,True,True,True,False,True,False,False,False,False,False,True,False,True,True,True,COMPLETE
59,0.29539712259435463,2025-04-26 01:15:22.725661,2025-04-26 01:15:25.732530,0 days 00:00:03.006869,0.9819795971543197,3,0.9108234937379278,7.89280855804189,0.11510294154604334,0.11111198170699797,4,30,16,True,True,True,True,True,True,False,True,False,False,True,False,True,True,True,True,True,False,False,False,True,True,True,True,False,False,True,True,True,True,False,True,True,False,False,False,True,False,True,True,True,True,True,False,True,False,False,False,False,False,True,False,True,False,True,COMPLETE
60,0.11802342906094165,2025-04-26 01:15:25.748067,2025-04-26 01:15:29.858056,0 days 00:00:04.109989,0.9694901302989778,2,0.9041777584793387,4.825305155627803,0.22819810532203555,0.13871847207340285,10,32,69,False,False,True,False,False,False,False,True,False,False,True,False,True,True,True,True,True,False,False,False,True,True,True,True,False,True,False,False,True,True,False,True,True,False,False,False,False,False,False,False,True,True,True,False,True,False,False,True,False,False,True,False,True,True,True,COMPLETE
61,0.11157805768587314,2025-04-26 01:15:29.874085,2025-04-26 01:15:34.572584,0 days 00:00:04.698499,0.9896817381735675,3,0.8821546379635316,2.9320469020522673,0.8871579265691137,0.10072873805253567,10,37,125,False,False,True,False,False,False,False,True,False,False,True,False,True,True,True,True,True,False,False,False,True,True,True,True,False,True,False,False,True,True,False,True,True,False,False,False,False,False,False,False,True,True,True,False,True,False,False,False,False,False,True,False,True,True,True,COMPLETE
62,0.10493051488758103,2025-04-26 01:15:34.588731,2025-04-26 01:15:39.269569,0 days 00:00:04.680838,0.9747723497139944,3,0.9321645621524424,2.2240784012856842,0.5424361885096666,0.08723052765699799,10,34,125,False,False,True,False,False,False,False,True,False,False,True,False,True,True,True,True,True,False,False,False,True,True,True,True,False,True,False,False,True,True,False,True,True,False,False,False,False,False,False,False,True,True,True,False,True,False,False,False,False,False,True,False,True,True,True,COMPLETE
63,0.1113373035453048,2025-04-26 01:15:39.284833,2025-04-26 01:15:43.750417,0 days 00:00:04.465584,0.9737989083422733,3,0.9317332978688995,2.0214008955636653,0.07707699288060531,0.08549272581948564,9,28,116,False,False,True,False,False,False,False,True,False,False,True,False,True,True,True,True,True,False,False,False,True,True,True,True,False,True,False,False,True,True,False,True,True,False,False,False,False,False,False,False,True,True,True,False,True,False,False,False,False,False,True,False,True,True,True,COMPLETE
64,0.11345343995186306,2025-04-26 01:15:43.766573,2025-04-26 01:15:48.406593,0 days 00:00:04.640020,0.9632401043049805,2,0.8864988149816437,3.9528104653693523,0.5236506758326545,0.13306591360471945,10,34,124,False,False,True,False,False,False,False,True,False,False,True,False,True,True,True,True,True,False,False,False,True,True,True,True,False,True,False,False,True,True,False,True,True,False,False,False,False,False,False,False,True,True,True,False,True,False,False,False,False,False,True,False,True,True,True,COMPLETE
65,0.10521576564766717,2025-04-26 01:15:48.422564,2025-04-26 01:15:52.833866,0 days 00:00:04.411302,0.8196802425442068,3,0.9187633299102761,8.16392475430279,0.3361858209337655,0.09231911837572289,10,30,121,False,False,True,False,False,False,False,True,False,False,True,False,True,True,True,True,True,False,False,False,True,True,True,True,False,True,False,False,True,True,False,True,True,False,False,False,False,False,False,False,True,True,True,False,True,False,False,False,False,False,True,False,True,True,True,COMPLETE
66,0.12153610129106002,2025-04-26 01:15:52.849753,2025-04-26 01:15:56.801610,0 days 00:00:03.951857,0.7808337946475007,3,0.8943110172311297,5.763073628413641,0.18152489365351854,0.17173886202738198,9,33,112,False,False,True,False,False,False,False,True,False,False,True,True,True,True,True,True,True,False,False,False,True,True,True,True,False,True,False,False,True,True,False,True,True,False,False,False,False,False,False,False,True,True,True,False,True,False,False,False,False,False,True,False,True,True,True,COMPLETE
67,0.1569895528001912,2025-04-26 01:15:56.817702,2025-04-26 01:15:59.928127,0 days 00:00:03.110425,0.7008670922518838,3,0.9031882810127514,2.3990005838692015,0.03489557205322284,0.1150582750913963,10,32,29,False,False,True,False,False,False,True,True,True,False,True,False,True,True,True,True,True,False,False,False,True,True,True,True,False,True,False,False,True,True,False,True,True,False,False,False,False,False,False,False,True,True,True,True,False,False,False,False,False,False,True,False,True,True,True,COMPLETE
68,0.57768483525515,2025-04-26 01:15:59.943754,2025-04-26 01:16:03.539402,0 days 00:00:03.595648,0.9889587115879053,3,0.9291384603152448,3.051291311376404,0.6117472133227073,0.07467293621302222,10,36,105,False,False,False,False,False,False,False,True,False,False,True,False,True,True,True,False,True,False,True,False,False,False,True,True,False,True,False,False,True,True,False,True,False,False,True,False,False,False,False,False,True,True,True,False,True,False,False,False,False,False,True,False,True,True,True,COMPLETE
69,0.12074073620437113,2025-04-26 01:16:03.555085,2025-04-26 01:16:08.206029,0 days 00:00:04.650944,0.9343778937663907,2,0.8771421240481461,0.0011656251665327028,0.23303424879396148,0.10581786154527766,9,27,125,False,False,True,False,False,False,False,True,False,False,False,False,True,True,True,True,True,True,False,True,True,True,True,True,False,True,False,False,True,True,False,True,True,False,False,False,False,True,False,False,True,True,True,False,True,False,False,False,False,False,True,False,True,True,True,COMPLETE
70,0.14031997293324322,2025-04-26 01:16:08.221701,2025-04-26 01:16:12.325095,0 days 00:00:04.103394,0.9999372791035925,3,0.8626178396044276,0.014421657716852283,0.12872824933540222,0.08244181962646914,7,24,128,False,False,True,False,False,False,False,True,False,False,True,False,True,True,True,True,True,False,False,False,True,True,True,True,False,True,False,False,True,True,True,True,True,False,False,False,False,False,False,False,True,True,True,False,True,False,False,False,False,False,True,False,True,True,True,COMPLETE
71,0.10477329247177992,2025-04-26 01:16:12.340690,2025-04-26 01:16:16.784921,0 days 00:00:04.444231,0.8184637121632251,3,0.9196515650082818,8.146866304000152,0.4014907454011356,0.09195171473982755,10,31,120,False,False,True,False,False,False,False,True,False,False,True,False,True,True,True,True,True,False,False,False,True,True,True,True,False,True,False,False,True,True,False,True,True,False,False,False,False,False,False,False,True,True,True,False,True,False,False,False,False,False,True,False,True,True,True,COMPLETE
